12:16:09 INFO  : Launching XSDB server: xsdb -n -interactive /home/insujang/cs710/xilinx_workspace/project_1/project_1.sdk/temp_xsdb_launch_script.tcl
12:16:10 INFO  : XSDB server has started successfully.
12:16:10 INFO  : Processing command line option -hwspec /home/insujang/cs710/xilinx_workspace/project_1/project_1.sdk/design_1_wrapper.hdf.
13:57:01 INFO  : Launching XSDB server: xsdb -n -interactive /home/insujang/cs710/xilinx_workspace/project_1/project_1.sdk/temp_xsdb_launch_script.tcl
13:57:02 INFO  : XSDB server has started successfully.
13:57:06 INFO  : Processing command line option -hwspec /home/insujang/cs710/xilinx_workspace/project_1/project_1.sdk/design_1_wrapper.hdf.
13:57:07 INFO  : Checking for hwspec changes in the project design_1_wrapper_hw_platform_0.
14:14:24 INFO  : Launching XSDB server: xsdb -n -interactive /home/insujang/cs710/xilinx_workspace/project_1/project_1.sdk/temp_xsdb_launch_script.tcl
14:14:25 INFO  : XSDB server has started successfully.
14:14:29 INFO  : Processing command line option -hwspec /home/insujang/cs710/xilinx_workspace/project_1/project_1.sdk/design_1_wrapper.hdf.
14:14:30 INFO  : Checking for hwspec changes in the project design_1_wrapper_hw_platform_0.
15:09:19 INFO  : Attempting to launch Hardware server...
15:09:19 INFO  : Hardware server is launched successfully.
15:10:36 INFO  : Attempting to launch Hardware server...
15:10:36 INFO  : Hardware server is launched successfully.
18:40:36 INFO  : SDK has detected change in the last modified timestamps for source hardware specification file Source:1479116417000,  Project:1479090807000
18:40:36 INFO  : Project design_1_wrapper_hw_platform_0's source hardware specification located at /home/insujang/cs710/xilinx_workspace/project_1/project_1.sdk/design_1_wrapper.hdf is now different from the local copy.
		 The local copy will be replaced with the source specification and your workspace will be updated.
18:40:41 INFO  : Copied contents of /home/insujang/cs710/xilinx_workspace/project_1/project_1.sdk/design_1_wrapper.hdf into /design_1_wrapper_hw_platform_0/system.hdf.
18:40:45 INFO  : Synchronizing projects in the workspace with the hardware platform specification changes.
18:40:49 INFO  : Clearing existing target manager status.
18:40:51 INFO  : Workspace synchronized with the new hardware specification file. Cleaning dependent projects...
18:40:51 WARN  : Linker script will not be updated automatically. Users need to update it manually.
13:57:49 ERROR : Unexpected error while parsing XMD response ￿: com.google.gson.JsonSyntaxException: com.google.gson.stream.MalformedJsonException: invalid number or unquoted string near 
