

================================================================
== Vivado HLS Report for 'dedupDriver_extractIndices'
================================================================
* Date:           Thu Dec  1 21:05:28 2016

* Version:        2016.2 (Build 1577090 on Thu Jun 02 16:59:10 MDT 2016)
* Project:        DedupHWMod_HLS
* Solution:       Dedup
* Product family: zynq
* Target device:  xc7z020clg484-1


================================================================
== Performance Estimates
================================================================
+ Timing (ns): 
    * Summary: 
    +--------+-------+----------+------------+
    |  Clock | Target| Estimated| Uncertainty|
    +--------+-------+----------+------------+
    |ap_clk  |  10.00|      8.52|        1.25|
    +--------+-------+----------+------------+

+ Latency (clock cycles): 
    * Summary: 
    +------+------+------+------+---------+
    |   Latency   |   Interval  | Pipeline|
    |  min |  max |  min |  max |   Type  |
    +------+------+------+------+---------+
    |  4098|  4098|  4098|  4098|   none  |
    +------+------+------+------+---------+

    + Detail: 
        * Instance: 
        N/A

        * Loop: 
        +----------+------+------+----------+-----------+-----------+------+----------+
        |          |   Latency   | Iteration|  Initiation Interval  | Trip |          |
        | Loop Name|  min |  max |  Latency |  achieved |   target  | Count| Pipelined|
        +----------+------+------+----------+-----------+-----------+------+----------+
        |- Loop 1  |  4096|  4096|         5|          4|          1|  1024|    yes   |
        +----------+------+------+----------+-----------+-----------+------+----------+



================================================================
== Utilization Estimates
================================================================
* Summary: 
+-----------------+---------+-------+--------+-------+
|       Name      | BRAM_18K| DSP48E|   FF   |  LUT  |
+-----------------+---------+-------+--------+-------+
|DSP              |        -|      -|       -|      -|
|Expression       |        -|      -|       0|     91|
|FIFO             |        -|      -|       -|      -|
|Instance         |        -|      -|       0|    544|
|Memory           |        -|      -|       -|      -|
|Multiplexer      |        -|      -|       -|   1605|
|Register         |        -|      -|      57|      -|
+-----------------+---------+-------+--------+-------+
|Total            |        0|      0|      57|   2240|
+-----------------+---------+-------+--------+-------+
|Available        |      280|    220|  106400|  53200|
+-----------------+---------+-------+--------+-------+
|Utilization (%)  |        0|      0|   ~0   |      4|
+-----------------+---------+-------+--------+-------+

+ Detail: 
    * Instance: 
    +---------------------------------------+----------------------------------+---------+-------+---+-----+
    |                Instance               |              Module              | BRAM_18K| DSP48E| FF| LUT |
    +---------------------------------------+----------------------------------+---------+-------+---+-----+
    |dedupDriver_mux_128to1_sel7_32_1_U258  |dedupDriver_mux_128to1_sel7_32_1  |        0|      0|  0|  272|
    |dedupDriver_mux_128to1_sel7_32_1_U259  |dedupDriver_mux_128to1_sel7_32_1  |        0|      0|  0|  272|
    +---------------------------------------+----------------------------------+---------+-------+---+-----+
    |Total                                  |                                  |        0|      0|  0|  544|
    +---------------------------------------+----------------------------------+---------+-------+---+-----+

    * DSP48: 
    N/A

    * Memory: 
    N/A

    * FIFO: 
    N/A

    * Expression: 
    +-----------------------+----------+-------+---+----+------------+------------+
    |     Variable Name     | Operation| DSP48E| FF| LUT| Bitwidth P0| Bitwidth P1|
    +-----------------------+----------+-------+---+----+------------+------------+
    |i_4_fu_9085_p2         |     +    |      0|  0|  11|          11|           1|
    |offset_5_fu_9942_p2    |     +    |      0|  0|  13|          13|          13|
    |tmp_39_4_fu_10118_p2   |     +    |      0|  0|  13|          13|          13|
    |exitcond1_fu_9079_p2   |   icmp   |      0|  0|   5|          11|          12|
    |tmp_34_fu_9399_p2      |   icmp   |      0|  0|   4|          10|           9|
    |tmp_38_1_fu_9432_p2    |   icmp   |      0|  0|   4|          10|           9|
    |tmp_38_2_fu_9751_p2    |   icmp   |      0|  0|   4|          10|           9|
    |tmp_38_3_fu_9788_p2    |   icmp   |      0|  0|   4|          10|           9|
    |tmp_38_4_fu_10112_p2   |   icmp   |      0|  0|   4|          10|           9|
    |tmp_38_5_fu_10146_p2   |   icmp   |      0|  0|   4|          10|           9|
    |tmp_38_6_fu_10330_p2   |   icmp   |      0|  0|   4|          10|           9|
    |grp_fu_8784_p2         |    xor   |      0|  0|  14|          11|          12|
    |newIndex19_fu_9233_p2  |    xor   |      0|  0|   7|           4|           5|
    +-----------------------+----------+-------+---+----+------------+------------+
    |Total                  |          |      0|  0|  91|         133|         119|
    +-----------------------+----------+-------+---+----+------------+------------+

    * Multiplexer: 
    +-------------------+----+-----------+-----+-----------+
    |        Name       | LUT| Input Size| Bits| Total Bits|
    +-------------------+----+-----------+-----+-----------+
    |ap_NS_fsm          |   1|          7|    1|          7|
    |grp_fu_8495_p129   |   7|          3|    7|         21|
    |grp_fu_8790_p129   |   7|          3|    7|         21|
    |hash_0_address0    |   6|          5|    6|         30|
    |hash_0_address1    |   6|          4|    6|         24|
    |hash_100_address0  |   6|          5|    6|         30|
    |hash_100_address1  |   6|          4|    6|         24|
    |hash_101_address0  |   6|          5|    6|         30|
    |hash_101_address1  |   6|          4|    6|         24|
    |hash_102_address0  |   6|          5|    6|         30|
    |hash_102_address1  |   6|          4|    6|         24|
    |hash_103_address0  |   6|          5|    6|         30|
    |hash_103_address1  |   6|          4|    6|         24|
    |hash_104_address0  |   6|          5|    6|         30|
    |hash_104_address1  |   6|          4|    6|         24|
    |hash_105_address0  |   6|          5|    6|         30|
    |hash_105_address1  |   6|          4|    6|         24|
    |hash_106_address0  |   6|          5|    6|         30|
    |hash_106_address1  |   6|          4|    6|         24|
    |hash_107_address0  |   6|          5|    6|         30|
    |hash_107_address1  |   6|          4|    6|         24|
    |hash_108_address0  |   6|          5|    6|         30|
    |hash_108_address1  |   6|          4|    6|         24|
    |hash_109_address0  |   6|          5|    6|         30|
    |hash_109_address1  |   6|          4|    6|         24|
    |hash_10_address0   |   6|          5|    6|         30|
    |hash_10_address1   |   6|          4|    6|         24|
    |hash_110_address0  |   6|          5|    6|         30|
    |hash_110_address1  |   6|          4|    6|         24|
    |hash_111_address0  |   6|          5|    6|         30|
    |hash_111_address1  |   6|          4|    6|         24|
    |hash_112_address0  |   6|          5|    6|         30|
    |hash_112_address1  |   6|          4|    6|         24|
    |hash_113_address0  |   6|          5|    6|         30|
    |hash_113_address1  |   6|          4|    6|         24|
    |hash_114_address0  |   6|          5|    6|         30|
    |hash_114_address1  |   6|          4|    6|         24|
    |hash_115_address0  |   6|          5|    6|         30|
    |hash_115_address1  |   6|          4|    6|         24|
    |hash_116_address0  |   6|          5|    6|         30|
    |hash_116_address1  |   6|          4|    6|         24|
    |hash_117_address0  |   6|          5|    6|         30|
    |hash_117_address1  |   6|          4|    6|         24|
    |hash_118_address0  |   6|          5|    6|         30|
    |hash_118_address1  |   6|          4|    6|         24|
    |hash_119_address0  |   6|          5|    6|         30|
    |hash_119_address1  |   6|          4|    6|         24|
    |hash_11_address0   |   6|          5|    6|         30|
    |hash_11_address1   |   6|          4|    6|         24|
    |hash_120_address0  |   6|          5|    6|         30|
    |hash_120_address1  |   6|          4|    6|         24|
    |hash_121_address0  |   6|          5|    6|         30|
    |hash_121_address1  |   6|          4|    6|         24|
    |hash_122_address0  |   6|          5|    6|         30|
    |hash_122_address1  |   6|          4|    6|         24|
    |hash_123_address0  |   6|          5|    6|         30|
    |hash_123_address1  |   6|          4|    6|         24|
    |hash_124_address0  |   6|          5|    6|         30|
    |hash_124_address1  |   6|          4|    6|         24|
    |hash_125_address0  |   6|          5|    6|         30|
    |hash_125_address1  |   6|          4|    6|         24|
    |hash_126_address0  |   6|          5|    6|         30|
    |hash_126_address1  |   6|          4|    6|         24|
    |hash_127_address0  |   6|          5|    6|         30|
    |hash_127_address1  |   6|          4|    6|         24|
    |hash_12_address0   |   6|          5|    6|         30|
    |hash_12_address1   |   6|          4|    6|         24|
    |hash_13_address0   |   6|          5|    6|         30|
    |hash_13_address1   |   6|          4|    6|         24|
    |hash_14_address0   |   6|          5|    6|         30|
    |hash_14_address1   |   6|          4|    6|         24|
    |hash_15_address0   |   6|          5|    6|         30|
    |hash_15_address1   |   6|          4|    6|         24|
    |hash_16_address0   |   6|          5|    6|         30|
    |hash_16_address1   |   6|          4|    6|         24|
    |hash_17_address0   |   6|          5|    6|         30|
    |hash_17_address1   |   6|          4|    6|         24|
    |hash_18_address0   |   6|          5|    6|         30|
    |hash_18_address1   |   6|          4|    6|         24|
    |hash_19_address0   |   6|          5|    6|         30|
    |hash_19_address1   |   6|          4|    6|         24|
    |hash_1_address0    |   6|          5|    6|         30|
    |hash_1_address1    |   6|          4|    6|         24|
    |hash_20_address0   |   6|          5|    6|         30|
    |hash_20_address1   |   6|          4|    6|         24|
    |hash_21_address0   |   6|          5|    6|         30|
    |hash_21_address1   |   6|          4|    6|         24|
    |hash_22_address0   |   6|          5|    6|         30|
    |hash_22_address1   |   6|          4|    6|         24|
    |hash_23_address0   |   6|          5|    6|         30|
    |hash_23_address1   |   6|          4|    6|         24|
    |hash_24_address0   |   6|          5|    6|         30|
    |hash_24_address1   |   6|          4|    6|         24|
    |hash_25_address0   |   6|          5|    6|         30|
    |hash_25_address1   |   6|          4|    6|         24|
    |hash_26_address0   |   6|          5|    6|         30|
    |hash_26_address1   |   6|          4|    6|         24|
    |hash_27_address0   |   6|          5|    6|         30|
    |hash_27_address1   |   6|          4|    6|         24|
    |hash_28_address0   |   6|          5|    6|         30|
    |hash_28_address1   |   6|          4|    6|         24|
    |hash_29_address0   |   6|          5|    6|         30|
    |hash_29_address1   |   6|          4|    6|         24|
    |hash_2_address0    |   6|          5|    6|         30|
    |hash_2_address1    |   6|          4|    6|         24|
    |hash_30_address0   |   6|          5|    6|         30|
    |hash_30_address1   |   6|          4|    6|         24|
    |hash_31_address0   |   6|          5|    6|         30|
    |hash_31_address1   |   6|          4|    6|         24|
    |hash_32_address0   |   6|          5|    6|         30|
    |hash_32_address1   |   6|          4|    6|         24|
    |hash_33_address0   |   6|          5|    6|         30|
    |hash_33_address1   |   6|          4|    6|         24|
    |hash_34_address0   |   6|          5|    6|         30|
    |hash_34_address1   |   6|          4|    6|         24|
    |hash_35_address0   |   6|          5|    6|         30|
    |hash_35_address1   |   6|          4|    6|         24|
    |hash_36_address0   |   6|          5|    6|         30|
    |hash_36_address1   |   6|          4|    6|         24|
    |hash_37_address0   |   6|          5|    6|         30|
    |hash_37_address1   |   6|          4|    6|         24|
    |hash_38_address0   |   6|          5|    6|         30|
    |hash_38_address1   |   6|          4|    6|         24|
    |hash_39_address0   |   6|          5|    6|         30|
    |hash_39_address1   |   6|          4|    6|         24|
    |hash_3_address0    |   6|          5|    6|         30|
    |hash_3_address1    |   6|          4|    6|         24|
    |hash_40_address0   |   6|          5|    6|         30|
    |hash_40_address1   |   6|          4|    6|         24|
    |hash_41_address0   |   6|          5|    6|         30|
    |hash_41_address1   |   6|          4|    6|         24|
    |hash_42_address0   |   6|          5|    6|         30|
    |hash_42_address1   |   6|          4|    6|         24|
    |hash_43_address0   |   6|          5|    6|         30|
    |hash_43_address1   |   6|          4|    6|         24|
    |hash_44_address0   |   6|          5|    6|         30|
    |hash_44_address1   |   6|          4|    6|         24|
    |hash_45_address0   |   6|          5|    6|         30|
    |hash_45_address1   |   6|          4|    6|         24|
    |hash_46_address0   |   6|          5|    6|         30|
    |hash_46_address1   |   6|          4|    6|         24|
    |hash_47_address0   |   6|          5|    6|         30|
    |hash_47_address1   |   6|          4|    6|         24|
    |hash_48_address0   |   6|          5|    6|         30|
    |hash_48_address1   |   6|          4|    6|         24|
    |hash_49_address0   |   6|          5|    6|         30|
    |hash_49_address1   |   6|          4|    6|         24|
    |hash_4_address0    |   6|          5|    6|         30|
    |hash_4_address1    |   6|          4|    6|         24|
    |hash_50_address0   |   6|          5|    6|         30|
    |hash_50_address1   |   6|          4|    6|         24|
    |hash_51_address0   |   6|          5|    6|         30|
    |hash_51_address1   |   6|          4|    6|         24|
    |hash_52_address0   |   6|          5|    6|         30|
    |hash_52_address1   |   6|          4|    6|         24|
    |hash_53_address0   |   6|          5|    6|         30|
    |hash_53_address1   |   6|          4|    6|         24|
    |hash_54_address0   |   6|          5|    6|         30|
    |hash_54_address1   |   6|          4|    6|         24|
    |hash_55_address0   |   6|          5|    6|         30|
    |hash_55_address1   |   6|          4|    6|         24|
    |hash_56_address0   |   6|          5|    6|         30|
    |hash_56_address1   |   6|          4|    6|         24|
    |hash_57_address0   |   6|          5|    6|         30|
    |hash_57_address1   |   6|          4|    6|         24|
    |hash_58_address0   |   6|          5|    6|         30|
    |hash_58_address1   |   6|          4|    6|         24|
    |hash_59_address0   |   6|          5|    6|         30|
    |hash_59_address1   |   6|          4|    6|         24|
    |hash_5_address0    |   6|          5|    6|         30|
    |hash_5_address1    |   6|          4|    6|         24|
    |hash_60_address0   |   6|          5|    6|         30|
    |hash_60_address1   |   6|          4|    6|         24|
    |hash_61_address0   |   6|          5|    6|         30|
    |hash_61_address1   |   6|          4|    6|         24|
    |hash_62_address0   |   6|          5|    6|         30|
    |hash_62_address1   |   6|          4|    6|         24|
    |hash_63_address0   |   6|          5|    6|         30|
    |hash_63_address1   |   6|          4|    6|         24|
    |hash_64_address0   |   6|          5|    6|         30|
    |hash_64_address1   |   6|          4|    6|         24|
    |hash_65_address0   |   6|          5|    6|         30|
    |hash_65_address1   |   6|          4|    6|         24|
    |hash_66_address0   |   6|          5|    6|         30|
    |hash_66_address1   |   6|          4|    6|         24|
    |hash_67_address0   |   6|          5|    6|         30|
    |hash_67_address1   |   6|          4|    6|         24|
    |hash_68_address0   |   6|          5|    6|         30|
    |hash_68_address1   |   6|          4|    6|         24|
    |hash_69_address0   |   6|          5|    6|         30|
    |hash_69_address1   |   6|          4|    6|         24|
    |hash_6_address0    |   6|          5|    6|         30|
    |hash_6_address1    |   6|          4|    6|         24|
    |hash_70_address0   |   6|          5|    6|         30|
    |hash_70_address1   |   6|          4|    6|         24|
    |hash_71_address0   |   6|          5|    6|         30|
    |hash_71_address1   |   6|          4|    6|         24|
    |hash_72_address0   |   6|          5|    6|         30|
    |hash_72_address1   |   6|          4|    6|         24|
    |hash_73_address0   |   6|          5|    6|         30|
    |hash_73_address1   |   6|          4|    6|         24|
    |hash_74_address0   |   6|          5|    6|         30|
    |hash_74_address1   |   6|          4|    6|         24|
    |hash_75_address0   |   6|          5|    6|         30|
    |hash_75_address1   |   6|          4|    6|         24|
    |hash_76_address0   |   6|          5|    6|         30|
    |hash_76_address1   |   6|          4|    6|         24|
    |hash_77_address0   |   6|          5|    6|         30|
    |hash_77_address1   |   6|          4|    6|         24|
    |hash_78_address0   |   6|          5|    6|         30|
    |hash_78_address1   |   6|          4|    6|         24|
    |hash_79_address0   |   6|          5|    6|         30|
    |hash_79_address1   |   6|          4|    6|         24|
    |hash_7_address0    |   6|          5|    6|         30|
    |hash_7_address1    |   6|          4|    6|         24|
    |hash_80_address0   |   6|          5|    6|         30|
    |hash_80_address1   |   6|          4|    6|         24|
    |hash_81_address0   |   6|          5|    6|         30|
    |hash_81_address1   |   6|          4|    6|         24|
    |hash_82_address0   |   6|          5|    6|         30|
    |hash_82_address1   |   6|          4|    6|         24|
    |hash_83_address0   |   6|          5|    6|         30|
    |hash_83_address1   |   6|          4|    6|         24|
    |hash_84_address0   |   6|          5|    6|         30|
    |hash_84_address1   |   6|          4|    6|         24|
    |hash_85_address0   |   6|          5|    6|         30|
    |hash_85_address1   |   6|          4|    6|         24|
    |hash_86_address0   |   6|          5|    6|         30|
    |hash_86_address1   |   6|          4|    6|         24|
    |hash_87_address0   |   6|          5|    6|         30|
    |hash_87_address1   |   6|          4|    6|         24|
    |hash_88_address0   |   6|          5|    6|         30|
    |hash_88_address1   |   6|          4|    6|         24|
    |hash_89_address0   |   6|          5|    6|         30|
    |hash_89_address1   |   6|          4|    6|         24|
    |hash_8_address0    |   6|          5|    6|         30|
    |hash_8_address1    |   6|          4|    6|         24|
    |hash_90_address0   |   6|          5|    6|         30|
    |hash_90_address1   |   6|          4|    6|         24|
    |hash_91_address0   |   6|          5|    6|         30|
    |hash_91_address1   |   6|          4|    6|         24|
    |hash_92_address0   |   6|          5|    6|         30|
    |hash_92_address1   |   6|          4|    6|         24|
    |hash_93_address0   |   6|          5|    6|         30|
    |hash_93_address1   |   6|          4|    6|         24|
    |hash_94_address0   |   6|          5|    6|         30|
    |hash_94_address1   |   6|          4|    6|         24|
    |hash_95_address0   |   6|          5|    6|         30|
    |hash_95_address1   |   6|          4|    6|         24|
    |hash_96_address0   |   6|          5|    6|         30|
    |hash_96_address1   |   6|          4|    6|         24|
    |hash_97_address0   |   6|          5|    6|         30|
    |hash_97_address1   |   6|          4|    6|         24|
    |hash_98_address0   |   6|          5|    6|         30|
    |hash_98_address1   |   6|          4|    6|         24|
    |hash_99_address0   |   6|          5|    6|         30|
    |hash_99_address1   |   6|          4|    6|         24|
    |hash_9_address0    |   6|          5|    6|         30|
    |hash_9_address1    |   6|          4|    6|         24|
    |i_phi_fu_8487_p4   |  11|          2|   11|         22|
    |i_reg_8483         |  11|          2|   11|         22|
    |indices_address0   |   3|          5|    3|         15|
    |indices_address1   |   3|          4|    3|         12|
    |indices_d0         |  13|          5|   13|         65|
    |indices_d1         |  13|          4|   13|         52|
    +-------------------+----+-----------+-----+-----------+
    |Total              |1605|       1187| 1605|       7149|
    +-------------------+----+-----------+-----+-----------+

    * Register: 
    +-----------------------+----+----+-----+-----------+
    |          Name         | FF | LUT| Bits| Const Bits|
    +-----------------------+----+----+-----+-----------+
    |ap_CS_fsm              |   6|   0|    6|          0|
    |ap_reg_ppiten_pp0_it0  |   1|   0|    1|          0|
    |ap_reg_ppiten_pp0_it1  |   1|   0|    1|          0|
    |exitcond1_reg_10376    |   1|   0|    1|          0|
    |i_4_reg_10380          |  11|   0|   11|          0|
    |i_cast8_reg_12969      |  11|   0|   13|          2|
    |i_reg_8483             |  11|   0|   11|          0|
    |newIndex19_reg_11032   |   4|   0|    4|          0|
    |newIndex_reg_10385     |   4|   0|    4|          0|
    |tmp_47_reg_11677       |   7|   0|    7|          0|
    +-----------------------+----+----+-----+-----------+
    |Total                  |  57|   0|   59|          2|
    +-----------------------+----+----+-----+-----------+



================================================================
== Interface
================================================================
* Summary: 
+-------------------+-----+-----+------------+----------------------------+--------------+
|     RTL Ports     | Dir | Bits|  Protocol  |        Source Object       |    C Type    |
+-------------------+-----+-----+------------+----------------------------+--------------+
|ap_clk             |  in |    1| ap_ctrl_hs | dedupDriver_extractIndices | return value |
|ap_rst             |  in |    1| ap_ctrl_hs | dedupDriver_extractIndices | return value |
|ap_start           |  in |    1| ap_ctrl_hs | dedupDriver_extractIndices | return value |
|ap_done            | out |    1| ap_ctrl_hs | dedupDriver_extractIndices | return value |
|ap_idle            | out |    1| ap_ctrl_hs | dedupDriver_extractIndices | return value |
|ap_ready           | out |    1| ap_ctrl_hs | dedupDriver_extractIndices | return value |
|hash_0_address0    | out |    6|  ap_memory |           hash_0           |     array    |
|hash_0_ce0         | out |    1|  ap_memory |           hash_0           |     array    |
|hash_0_q0          |  in |   32|  ap_memory |           hash_0           |     array    |
|hash_0_address1    | out |    6|  ap_memory |           hash_0           |     array    |
|hash_0_ce1         | out |    1|  ap_memory |           hash_0           |     array    |
|hash_0_q1          |  in |   32|  ap_memory |           hash_0           |     array    |
|hash_1_address0    | out |    6|  ap_memory |           hash_1           |     array    |
|hash_1_ce0         | out |    1|  ap_memory |           hash_1           |     array    |
|hash_1_q0          |  in |   32|  ap_memory |           hash_1           |     array    |
|hash_1_address1    | out |    6|  ap_memory |           hash_1           |     array    |
|hash_1_ce1         | out |    1|  ap_memory |           hash_1           |     array    |
|hash_1_q1          |  in |   32|  ap_memory |           hash_1           |     array    |
|hash_2_address0    | out |    6|  ap_memory |           hash_2           |     array    |
|hash_2_ce0         | out |    1|  ap_memory |           hash_2           |     array    |
|hash_2_q0          |  in |   32|  ap_memory |           hash_2           |     array    |
|hash_2_address1    | out |    6|  ap_memory |           hash_2           |     array    |
|hash_2_ce1         | out |    1|  ap_memory |           hash_2           |     array    |
|hash_2_q1          |  in |   32|  ap_memory |           hash_2           |     array    |
|hash_3_address0    | out |    6|  ap_memory |           hash_3           |     array    |
|hash_3_ce0         | out |    1|  ap_memory |           hash_3           |     array    |
|hash_3_q0          |  in |   32|  ap_memory |           hash_3           |     array    |
|hash_3_address1    | out |    6|  ap_memory |           hash_3           |     array    |
|hash_3_ce1         | out |    1|  ap_memory |           hash_3           |     array    |
|hash_3_q1          |  in |   32|  ap_memory |           hash_3           |     array    |
|hash_4_address0    | out |    6|  ap_memory |           hash_4           |     array    |
|hash_4_ce0         | out |    1|  ap_memory |           hash_4           |     array    |
|hash_4_q0          |  in |   32|  ap_memory |           hash_4           |     array    |
|hash_4_address1    | out |    6|  ap_memory |           hash_4           |     array    |
|hash_4_ce1         | out |    1|  ap_memory |           hash_4           |     array    |
|hash_4_q1          |  in |   32|  ap_memory |           hash_4           |     array    |
|hash_5_address0    | out |    6|  ap_memory |           hash_5           |     array    |
|hash_5_ce0         | out |    1|  ap_memory |           hash_5           |     array    |
|hash_5_q0          |  in |   32|  ap_memory |           hash_5           |     array    |
|hash_5_address1    | out |    6|  ap_memory |           hash_5           |     array    |
|hash_5_ce1         | out |    1|  ap_memory |           hash_5           |     array    |
|hash_5_q1          |  in |   32|  ap_memory |           hash_5           |     array    |
|hash_6_address0    | out |    6|  ap_memory |           hash_6           |     array    |
|hash_6_ce0         | out |    1|  ap_memory |           hash_6           |     array    |
|hash_6_q0          |  in |   32|  ap_memory |           hash_6           |     array    |
|hash_6_address1    | out |    6|  ap_memory |           hash_6           |     array    |
|hash_6_ce1         | out |    1|  ap_memory |           hash_6           |     array    |
|hash_6_q1          |  in |   32|  ap_memory |           hash_6           |     array    |
|hash_7_address0    | out |    6|  ap_memory |           hash_7           |     array    |
|hash_7_ce0         | out |    1|  ap_memory |           hash_7           |     array    |
|hash_7_q0          |  in |   32|  ap_memory |           hash_7           |     array    |
|hash_7_address1    | out |    6|  ap_memory |           hash_7           |     array    |
|hash_7_ce1         | out |    1|  ap_memory |           hash_7           |     array    |
|hash_7_q1          |  in |   32|  ap_memory |           hash_7           |     array    |
|hash_8_address0    | out |    6|  ap_memory |           hash_8           |     array    |
|hash_8_ce0         | out |    1|  ap_memory |           hash_8           |     array    |
|hash_8_q0          |  in |   32|  ap_memory |           hash_8           |     array    |
|hash_8_address1    | out |    6|  ap_memory |           hash_8           |     array    |
|hash_8_ce1         | out |    1|  ap_memory |           hash_8           |     array    |
|hash_8_q1          |  in |   32|  ap_memory |           hash_8           |     array    |
|hash_9_address0    | out |    6|  ap_memory |           hash_9           |     array    |
|hash_9_ce0         | out |    1|  ap_memory |           hash_9           |     array    |
|hash_9_q0          |  in |   32|  ap_memory |           hash_9           |     array    |
|hash_9_address1    | out |    6|  ap_memory |           hash_9           |     array    |
|hash_9_ce1         | out |    1|  ap_memory |           hash_9           |     array    |
|hash_9_q1          |  in |   32|  ap_memory |           hash_9           |     array    |
|hash_10_address0   | out |    6|  ap_memory |           hash_10          |     array    |
|hash_10_ce0        | out |    1|  ap_memory |           hash_10          |     array    |
|hash_10_q0         |  in |   32|  ap_memory |           hash_10          |     array    |
|hash_10_address1   | out |    6|  ap_memory |           hash_10          |     array    |
|hash_10_ce1        | out |    1|  ap_memory |           hash_10          |     array    |
|hash_10_q1         |  in |   32|  ap_memory |           hash_10          |     array    |
|hash_11_address0   | out |    6|  ap_memory |           hash_11          |     array    |
|hash_11_ce0        | out |    1|  ap_memory |           hash_11          |     array    |
|hash_11_q0         |  in |   32|  ap_memory |           hash_11          |     array    |
|hash_11_address1   | out |    6|  ap_memory |           hash_11          |     array    |
|hash_11_ce1        | out |    1|  ap_memory |           hash_11          |     array    |
|hash_11_q1         |  in |   32|  ap_memory |           hash_11          |     array    |
|hash_12_address0   | out |    6|  ap_memory |           hash_12          |     array    |
|hash_12_ce0        | out |    1|  ap_memory |           hash_12          |     array    |
|hash_12_q0         |  in |   32|  ap_memory |           hash_12          |     array    |
|hash_12_address1   | out |    6|  ap_memory |           hash_12          |     array    |
|hash_12_ce1        | out |    1|  ap_memory |           hash_12          |     array    |
|hash_12_q1         |  in |   32|  ap_memory |           hash_12          |     array    |
|hash_13_address0   | out |    6|  ap_memory |           hash_13          |     array    |
|hash_13_ce0        | out |    1|  ap_memory |           hash_13          |     array    |
|hash_13_q0         |  in |   32|  ap_memory |           hash_13          |     array    |
|hash_13_address1   | out |    6|  ap_memory |           hash_13          |     array    |
|hash_13_ce1        | out |    1|  ap_memory |           hash_13          |     array    |
|hash_13_q1         |  in |   32|  ap_memory |           hash_13          |     array    |
|hash_14_address0   | out |    6|  ap_memory |           hash_14          |     array    |
|hash_14_ce0        | out |    1|  ap_memory |           hash_14          |     array    |
|hash_14_q0         |  in |   32|  ap_memory |           hash_14          |     array    |
|hash_14_address1   | out |    6|  ap_memory |           hash_14          |     array    |
|hash_14_ce1        | out |    1|  ap_memory |           hash_14          |     array    |
|hash_14_q1         |  in |   32|  ap_memory |           hash_14          |     array    |
|hash_15_address0   | out |    6|  ap_memory |           hash_15          |     array    |
|hash_15_ce0        | out |    1|  ap_memory |           hash_15          |     array    |
|hash_15_q0         |  in |   32|  ap_memory |           hash_15          |     array    |
|hash_15_address1   | out |    6|  ap_memory |           hash_15          |     array    |
|hash_15_ce1        | out |    1|  ap_memory |           hash_15          |     array    |
|hash_15_q1         |  in |   32|  ap_memory |           hash_15          |     array    |
|hash_16_address0   | out |    6|  ap_memory |           hash_16          |     array    |
|hash_16_ce0        | out |    1|  ap_memory |           hash_16          |     array    |
|hash_16_q0         |  in |   32|  ap_memory |           hash_16          |     array    |
|hash_16_address1   | out |    6|  ap_memory |           hash_16          |     array    |
|hash_16_ce1        | out |    1|  ap_memory |           hash_16          |     array    |
|hash_16_q1         |  in |   32|  ap_memory |           hash_16          |     array    |
|hash_17_address0   | out |    6|  ap_memory |           hash_17          |     array    |
|hash_17_ce0        | out |    1|  ap_memory |           hash_17          |     array    |
|hash_17_q0         |  in |   32|  ap_memory |           hash_17          |     array    |
|hash_17_address1   | out |    6|  ap_memory |           hash_17          |     array    |
|hash_17_ce1        | out |    1|  ap_memory |           hash_17          |     array    |
|hash_17_q1         |  in |   32|  ap_memory |           hash_17          |     array    |
|hash_18_address0   | out |    6|  ap_memory |           hash_18          |     array    |
|hash_18_ce0        | out |    1|  ap_memory |           hash_18          |     array    |
|hash_18_q0         |  in |   32|  ap_memory |           hash_18          |     array    |
|hash_18_address1   | out |    6|  ap_memory |           hash_18          |     array    |
|hash_18_ce1        | out |    1|  ap_memory |           hash_18          |     array    |
|hash_18_q1         |  in |   32|  ap_memory |           hash_18          |     array    |
|hash_19_address0   | out |    6|  ap_memory |           hash_19          |     array    |
|hash_19_ce0        | out |    1|  ap_memory |           hash_19          |     array    |
|hash_19_q0         |  in |   32|  ap_memory |           hash_19          |     array    |
|hash_19_address1   | out |    6|  ap_memory |           hash_19          |     array    |
|hash_19_ce1        | out |    1|  ap_memory |           hash_19          |     array    |
|hash_19_q1         |  in |   32|  ap_memory |           hash_19          |     array    |
|hash_20_address0   | out |    6|  ap_memory |           hash_20          |     array    |
|hash_20_ce0        | out |    1|  ap_memory |           hash_20          |     array    |
|hash_20_q0         |  in |   32|  ap_memory |           hash_20          |     array    |
|hash_20_address1   | out |    6|  ap_memory |           hash_20          |     array    |
|hash_20_ce1        | out |    1|  ap_memory |           hash_20          |     array    |
|hash_20_q1         |  in |   32|  ap_memory |           hash_20          |     array    |
|hash_21_address0   | out |    6|  ap_memory |           hash_21          |     array    |
|hash_21_ce0        | out |    1|  ap_memory |           hash_21          |     array    |
|hash_21_q0         |  in |   32|  ap_memory |           hash_21          |     array    |
|hash_21_address1   | out |    6|  ap_memory |           hash_21          |     array    |
|hash_21_ce1        | out |    1|  ap_memory |           hash_21          |     array    |
|hash_21_q1         |  in |   32|  ap_memory |           hash_21          |     array    |
|hash_22_address0   | out |    6|  ap_memory |           hash_22          |     array    |
|hash_22_ce0        | out |    1|  ap_memory |           hash_22          |     array    |
|hash_22_q0         |  in |   32|  ap_memory |           hash_22          |     array    |
|hash_22_address1   | out |    6|  ap_memory |           hash_22          |     array    |
|hash_22_ce1        | out |    1|  ap_memory |           hash_22          |     array    |
|hash_22_q1         |  in |   32|  ap_memory |           hash_22          |     array    |
|hash_23_address0   | out |    6|  ap_memory |           hash_23          |     array    |
|hash_23_ce0        | out |    1|  ap_memory |           hash_23          |     array    |
|hash_23_q0         |  in |   32|  ap_memory |           hash_23          |     array    |
|hash_23_address1   | out |    6|  ap_memory |           hash_23          |     array    |
|hash_23_ce1        | out |    1|  ap_memory |           hash_23          |     array    |
|hash_23_q1         |  in |   32|  ap_memory |           hash_23          |     array    |
|hash_24_address0   | out |    6|  ap_memory |           hash_24          |     array    |
|hash_24_ce0        | out |    1|  ap_memory |           hash_24          |     array    |
|hash_24_q0         |  in |   32|  ap_memory |           hash_24          |     array    |
|hash_24_address1   | out |    6|  ap_memory |           hash_24          |     array    |
|hash_24_ce1        | out |    1|  ap_memory |           hash_24          |     array    |
|hash_24_q1         |  in |   32|  ap_memory |           hash_24          |     array    |
|hash_25_address0   | out |    6|  ap_memory |           hash_25          |     array    |
|hash_25_ce0        | out |    1|  ap_memory |           hash_25          |     array    |
|hash_25_q0         |  in |   32|  ap_memory |           hash_25          |     array    |
|hash_25_address1   | out |    6|  ap_memory |           hash_25          |     array    |
|hash_25_ce1        | out |    1|  ap_memory |           hash_25          |     array    |
|hash_25_q1         |  in |   32|  ap_memory |           hash_25          |     array    |
|hash_26_address0   | out |    6|  ap_memory |           hash_26          |     array    |
|hash_26_ce0        | out |    1|  ap_memory |           hash_26          |     array    |
|hash_26_q0         |  in |   32|  ap_memory |           hash_26          |     array    |
|hash_26_address1   | out |    6|  ap_memory |           hash_26          |     array    |
|hash_26_ce1        | out |    1|  ap_memory |           hash_26          |     array    |
|hash_26_q1         |  in |   32|  ap_memory |           hash_26          |     array    |
|hash_27_address0   | out |    6|  ap_memory |           hash_27          |     array    |
|hash_27_ce0        | out |    1|  ap_memory |           hash_27          |     array    |
|hash_27_q0         |  in |   32|  ap_memory |           hash_27          |     array    |
|hash_27_address1   | out |    6|  ap_memory |           hash_27          |     array    |
|hash_27_ce1        | out |    1|  ap_memory |           hash_27          |     array    |
|hash_27_q1         |  in |   32|  ap_memory |           hash_27          |     array    |
|hash_28_address0   | out |    6|  ap_memory |           hash_28          |     array    |
|hash_28_ce0        | out |    1|  ap_memory |           hash_28          |     array    |
|hash_28_q0         |  in |   32|  ap_memory |           hash_28          |     array    |
|hash_28_address1   | out |    6|  ap_memory |           hash_28          |     array    |
|hash_28_ce1        | out |    1|  ap_memory |           hash_28          |     array    |
|hash_28_q1         |  in |   32|  ap_memory |           hash_28          |     array    |
|hash_29_address0   | out |    6|  ap_memory |           hash_29          |     array    |
|hash_29_ce0        | out |    1|  ap_memory |           hash_29          |     array    |
|hash_29_q0         |  in |   32|  ap_memory |           hash_29          |     array    |
|hash_29_address1   | out |    6|  ap_memory |           hash_29          |     array    |
|hash_29_ce1        | out |    1|  ap_memory |           hash_29          |     array    |
|hash_29_q1         |  in |   32|  ap_memory |           hash_29          |     array    |
|hash_30_address0   | out |    6|  ap_memory |           hash_30          |     array    |
|hash_30_ce0        | out |    1|  ap_memory |           hash_30          |     array    |
|hash_30_q0         |  in |   32|  ap_memory |           hash_30          |     array    |
|hash_30_address1   | out |    6|  ap_memory |           hash_30          |     array    |
|hash_30_ce1        | out |    1|  ap_memory |           hash_30          |     array    |
|hash_30_q1         |  in |   32|  ap_memory |           hash_30          |     array    |
|hash_31_address0   | out |    6|  ap_memory |           hash_31          |     array    |
|hash_31_ce0        | out |    1|  ap_memory |           hash_31          |     array    |
|hash_31_q0         |  in |   32|  ap_memory |           hash_31          |     array    |
|hash_31_address1   | out |    6|  ap_memory |           hash_31          |     array    |
|hash_31_ce1        | out |    1|  ap_memory |           hash_31          |     array    |
|hash_31_q1         |  in |   32|  ap_memory |           hash_31          |     array    |
|hash_32_address0   | out |    6|  ap_memory |           hash_32          |     array    |
|hash_32_ce0        | out |    1|  ap_memory |           hash_32          |     array    |
|hash_32_q0         |  in |   32|  ap_memory |           hash_32          |     array    |
|hash_32_address1   | out |    6|  ap_memory |           hash_32          |     array    |
|hash_32_ce1        | out |    1|  ap_memory |           hash_32          |     array    |
|hash_32_q1         |  in |   32|  ap_memory |           hash_32          |     array    |
|hash_33_address0   | out |    6|  ap_memory |           hash_33          |     array    |
|hash_33_ce0        | out |    1|  ap_memory |           hash_33          |     array    |
|hash_33_q0         |  in |   32|  ap_memory |           hash_33          |     array    |
|hash_33_address1   | out |    6|  ap_memory |           hash_33          |     array    |
|hash_33_ce1        | out |    1|  ap_memory |           hash_33          |     array    |
|hash_33_q1         |  in |   32|  ap_memory |           hash_33          |     array    |
|hash_34_address0   | out |    6|  ap_memory |           hash_34          |     array    |
|hash_34_ce0        | out |    1|  ap_memory |           hash_34          |     array    |
|hash_34_q0         |  in |   32|  ap_memory |           hash_34          |     array    |
|hash_34_address1   | out |    6|  ap_memory |           hash_34          |     array    |
|hash_34_ce1        | out |    1|  ap_memory |           hash_34          |     array    |
|hash_34_q1         |  in |   32|  ap_memory |           hash_34          |     array    |
|hash_35_address0   | out |    6|  ap_memory |           hash_35          |     array    |
|hash_35_ce0        | out |    1|  ap_memory |           hash_35          |     array    |
|hash_35_q0         |  in |   32|  ap_memory |           hash_35          |     array    |
|hash_35_address1   | out |    6|  ap_memory |           hash_35          |     array    |
|hash_35_ce1        | out |    1|  ap_memory |           hash_35          |     array    |
|hash_35_q1         |  in |   32|  ap_memory |           hash_35          |     array    |
|hash_36_address0   | out |    6|  ap_memory |           hash_36          |     array    |
|hash_36_ce0        | out |    1|  ap_memory |           hash_36          |     array    |
|hash_36_q0         |  in |   32|  ap_memory |           hash_36          |     array    |
|hash_36_address1   | out |    6|  ap_memory |           hash_36          |     array    |
|hash_36_ce1        | out |    1|  ap_memory |           hash_36          |     array    |
|hash_36_q1         |  in |   32|  ap_memory |           hash_36          |     array    |
|hash_37_address0   | out |    6|  ap_memory |           hash_37          |     array    |
|hash_37_ce0        | out |    1|  ap_memory |           hash_37          |     array    |
|hash_37_q0         |  in |   32|  ap_memory |           hash_37          |     array    |
|hash_37_address1   | out |    6|  ap_memory |           hash_37          |     array    |
|hash_37_ce1        | out |    1|  ap_memory |           hash_37          |     array    |
|hash_37_q1         |  in |   32|  ap_memory |           hash_37          |     array    |
|hash_38_address0   | out |    6|  ap_memory |           hash_38          |     array    |
|hash_38_ce0        | out |    1|  ap_memory |           hash_38          |     array    |
|hash_38_q0         |  in |   32|  ap_memory |           hash_38          |     array    |
|hash_38_address1   | out |    6|  ap_memory |           hash_38          |     array    |
|hash_38_ce1        | out |    1|  ap_memory |           hash_38          |     array    |
|hash_38_q1         |  in |   32|  ap_memory |           hash_38          |     array    |
|hash_39_address0   | out |    6|  ap_memory |           hash_39          |     array    |
|hash_39_ce0        | out |    1|  ap_memory |           hash_39          |     array    |
|hash_39_q0         |  in |   32|  ap_memory |           hash_39          |     array    |
|hash_39_address1   | out |    6|  ap_memory |           hash_39          |     array    |
|hash_39_ce1        | out |    1|  ap_memory |           hash_39          |     array    |
|hash_39_q1         |  in |   32|  ap_memory |           hash_39          |     array    |
|hash_40_address0   | out |    6|  ap_memory |           hash_40          |     array    |
|hash_40_ce0        | out |    1|  ap_memory |           hash_40          |     array    |
|hash_40_q0         |  in |   32|  ap_memory |           hash_40          |     array    |
|hash_40_address1   | out |    6|  ap_memory |           hash_40          |     array    |
|hash_40_ce1        | out |    1|  ap_memory |           hash_40          |     array    |
|hash_40_q1         |  in |   32|  ap_memory |           hash_40          |     array    |
|hash_41_address0   | out |    6|  ap_memory |           hash_41          |     array    |
|hash_41_ce0        | out |    1|  ap_memory |           hash_41          |     array    |
|hash_41_q0         |  in |   32|  ap_memory |           hash_41          |     array    |
|hash_41_address1   | out |    6|  ap_memory |           hash_41          |     array    |
|hash_41_ce1        | out |    1|  ap_memory |           hash_41          |     array    |
|hash_41_q1         |  in |   32|  ap_memory |           hash_41          |     array    |
|hash_42_address0   | out |    6|  ap_memory |           hash_42          |     array    |
|hash_42_ce0        | out |    1|  ap_memory |           hash_42          |     array    |
|hash_42_q0         |  in |   32|  ap_memory |           hash_42          |     array    |
|hash_42_address1   | out |    6|  ap_memory |           hash_42          |     array    |
|hash_42_ce1        | out |    1|  ap_memory |           hash_42          |     array    |
|hash_42_q1         |  in |   32|  ap_memory |           hash_42          |     array    |
|hash_43_address0   | out |    6|  ap_memory |           hash_43          |     array    |
|hash_43_ce0        | out |    1|  ap_memory |           hash_43          |     array    |
|hash_43_q0         |  in |   32|  ap_memory |           hash_43          |     array    |
|hash_43_address1   | out |    6|  ap_memory |           hash_43          |     array    |
|hash_43_ce1        | out |    1|  ap_memory |           hash_43          |     array    |
|hash_43_q1         |  in |   32|  ap_memory |           hash_43          |     array    |
|hash_44_address0   | out |    6|  ap_memory |           hash_44          |     array    |
|hash_44_ce0        | out |    1|  ap_memory |           hash_44          |     array    |
|hash_44_q0         |  in |   32|  ap_memory |           hash_44          |     array    |
|hash_44_address1   | out |    6|  ap_memory |           hash_44          |     array    |
|hash_44_ce1        | out |    1|  ap_memory |           hash_44          |     array    |
|hash_44_q1         |  in |   32|  ap_memory |           hash_44          |     array    |
|hash_45_address0   | out |    6|  ap_memory |           hash_45          |     array    |
|hash_45_ce0        | out |    1|  ap_memory |           hash_45          |     array    |
|hash_45_q0         |  in |   32|  ap_memory |           hash_45          |     array    |
|hash_45_address1   | out |    6|  ap_memory |           hash_45          |     array    |
|hash_45_ce1        | out |    1|  ap_memory |           hash_45          |     array    |
|hash_45_q1         |  in |   32|  ap_memory |           hash_45          |     array    |
|hash_46_address0   | out |    6|  ap_memory |           hash_46          |     array    |
|hash_46_ce0        | out |    1|  ap_memory |           hash_46          |     array    |
|hash_46_q0         |  in |   32|  ap_memory |           hash_46          |     array    |
|hash_46_address1   | out |    6|  ap_memory |           hash_46          |     array    |
|hash_46_ce1        | out |    1|  ap_memory |           hash_46          |     array    |
|hash_46_q1         |  in |   32|  ap_memory |           hash_46          |     array    |
|hash_47_address0   | out |    6|  ap_memory |           hash_47          |     array    |
|hash_47_ce0        | out |    1|  ap_memory |           hash_47          |     array    |
|hash_47_q0         |  in |   32|  ap_memory |           hash_47          |     array    |
|hash_47_address1   | out |    6|  ap_memory |           hash_47          |     array    |
|hash_47_ce1        | out |    1|  ap_memory |           hash_47          |     array    |
|hash_47_q1         |  in |   32|  ap_memory |           hash_47          |     array    |
|hash_48_address0   | out |    6|  ap_memory |           hash_48          |     array    |
|hash_48_ce0        | out |    1|  ap_memory |           hash_48          |     array    |
|hash_48_q0         |  in |   32|  ap_memory |           hash_48          |     array    |
|hash_48_address1   | out |    6|  ap_memory |           hash_48          |     array    |
|hash_48_ce1        | out |    1|  ap_memory |           hash_48          |     array    |
|hash_48_q1         |  in |   32|  ap_memory |           hash_48          |     array    |
|hash_49_address0   | out |    6|  ap_memory |           hash_49          |     array    |
|hash_49_ce0        | out |    1|  ap_memory |           hash_49          |     array    |
|hash_49_q0         |  in |   32|  ap_memory |           hash_49          |     array    |
|hash_49_address1   | out |    6|  ap_memory |           hash_49          |     array    |
|hash_49_ce1        | out |    1|  ap_memory |           hash_49          |     array    |
|hash_49_q1         |  in |   32|  ap_memory |           hash_49          |     array    |
|hash_50_address0   | out |    6|  ap_memory |           hash_50          |     array    |
|hash_50_ce0        | out |    1|  ap_memory |           hash_50          |     array    |
|hash_50_q0         |  in |   32|  ap_memory |           hash_50          |     array    |
|hash_50_address1   | out |    6|  ap_memory |           hash_50          |     array    |
|hash_50_ce1        | out |    1|  ap_memory |           hash_50          |     array    |
|hash_50_q1         |  in |   32|  ap_memory |           hash_50          |     array    |
|hash_51_address0   | out |    6|  ap_memory |           hash_51          |     array    |
|hash_51_ce0        | out |    1|  ap_memory |           hash_51          |     array    |
|hash_51_q0         |  in |   32|  ap_memory |           hash_51          |     array    |
|hash_51_address1   | out |    6|  ap_memory |           hash_51          |     array    |
|hash_51_ce1        | out |    1|  ap_memory |           hash_51          |     array    |
|hash_51_q1         |  in |   32|  ap_memory |           hash_51          |     array    |
|hash_52_address0   | out |    6|  ap_memory |           hash_52          |     array    |
|hash_52_ce0        | out |    1|  ap_memory |           hash_52          |     array    |
|hash_52_q0         |  in |   32|  ap_memory |           hash_52          |     array    |
|hash_52_address1   | out |    6|  ap_memory |           hash_52          |     array    |
|hash_52_ce1        | out |    1|  ap_memory |           hash_52          |     array    |
|hash_52_q1         |  in |   32|  ap_memory |           hash_52          |     array    |
|hash_53_address0   | out |    6|  ap_memory |           hash_53          |     array    |
|hash_53_ce0        | out |    1|  ap_memory |           hash_53          |     array    |
|hash_53_q0         |  in |   32|  ap_memory |           hash_53          |     array    |
|hash_53_address1   | out |    6|  ap_memory |           hash_53          |     array    |
|hash_53_ce1        | out |    1|  ap_memory |           hash_53          |     array    |
|hash_53_q1         |  in |   32|  ap_memory |           hash_53          |     array    |
|hash_54_address0   | out |    6|  ap_memory |           hash_54          |     array    |
|hash_54_ce0        | out |    1|  ap_memory |           hash_54          |     array    |
|hash_54_q0         |  in |   32|  ap_memory |           hash_54          |     array    |
|hash_54_address1   | out |    6|  ap_memory |           hash_54          |     array    |
|hash_54_ce1        | out |    1|  ap_memory |           hash_54          |     array    |
|hash_54_q1         |  in |   32|  ap_memory |           hash_54          |     array    |
|hash_55_address0   | out |    6|  ap_memory |           hash_55          |     array    |
|hash_55_ce0        | out |    1|  ap_memory |           hash_55          |     array    |
|hash_55_q0         |  in |   32|  ap_memory |           hash_55          |     array    |
|hash_55_address1   | out |    6|  ap_memory |           hash_55          |     array    |
|hash_55_ce1        | out |    1|  ap_memory |           hash_55          |     array    |
|hash_55_q1         |  in |   32|  ap_memory |           hash_55          |     array    |
|hash_56_address0   | out |    6|  ap_memory |           hash_56          |     array    |
|hash_56_ce0        | out |    1|  ap_memory |           hash_56          |     array    |
|hash_56_q0         |  in |   32|  ap_memory |           hash_56          |     array    |
|hash_56_address1   | out |    6|  ap_memory |           hash_56          |     array    |
|hash_56_ce1        | out |    1|  ap_memory |           hash_56          |     array    |
|hash_56_q1         |  in |   32|  ap_memory |           hash_56          |     array    |
|hash_57_address0   | out |    6|  ap_memory |           hash_57          |     array    |
|hash_57_ce0        | out |    1|  ap_memory |           hash_57          |     array    |
|hash_57_q0         |  in |   32|  ap_memory |           hash_57          |     array    |
|hash_57_address1   | out |    6|  ap_memory |           hash_57          |     array    |
|hash_57_ce1        | out |    1|  ap_memory |           hash_57          |     array    |
|hash_57_q1         |  in |   32|  ap_memory |           hash_57          |     array    |
|hash_58_address0   | out |    6|  ap_memory |           hash_58          |     array    |
|hash_58_ce0        | out |    1|  ap_memory |           hash_58          |     array    |
|hash_58_q0         |  in |   32|  ap_memory |           hash_58          |     array    |
|hash_58_address1   | out |    6|  ap_memory |           hash_58          |     array    |
|hash_58_ce1        | out |    1|  ap_memory |           hash_58          |     array    |
|hash_58_q1         |  in |   32|  ap_memory |           hash_58          |     array    |
|hash_59_address0   | out |    6|  ap_memory |           hash_59          |     array    |
|hash_59_ce0        | out |    1|  ap_memory |           hash_59          |     array    |
|hash_59_q0         |  in |   32|  ap_memory |           hash_59          |     array    |
|hash_59_address1   | out |    6|  ap_memory |           hash_59          |     array    |
|hash_59_ce1        | out |    1|  ap_memory |           hash_59          |     array    |
|hash_59_q1         |  in |   32|  ap_memory |           hash_59          |     array    |
|hash_60_address0   | out |    6|  ap_memory |           hash_60          |     array    |
|hash_60_ce0        | out |    1|  ap_memory |           hash_60          |     array    |
|hash_60_q0         |  in |   32|  ap_memory |           hash_60          |     array    |
|hash_60_address1   | out |    6|  ap_memory |           hash_60          |     array    |
|hash_60_ce1        | out |    1|  ap_memory |           hash_60          |     array    |
|hash_60_q1         |  in |   32|  ap_memory |           hash_60          |     array    |
|hash_61_address0   | out |    6|  ap_memory |           hash_61          |     array    |
|hash_61_ce0        | out |    1|  ap_memory |           hash_61          |     array    |
|hash_61_q0         |  in |   32|  ap_memory |           hash_61          |     array    |
|hash_61_address1   | out |    6|  ap_memory |           hash_61          |     array    |
|hash_61_ce1        | out |    1|  ap_memory |           hash_61          |     array    |
|hash_61_q1         |  in |   32|  ap_memory |           hash_61          |     array    |
|hash_62_address0   | out |    6|  ap_memory |           hash_62          |     array    |
|hash_62_ce0        | out |    1|  ap_memory |           hash_62          |     array    |
|hash_62_q0         |  in |   32|  ap_memory |           hash_62          |     array    |
|hash_62_address1   | out |    6|  ap_memory |           hash_62          |     array    |
|hash_62_ce1        | out |    1|  ap_memory |           hash_62          |     array    |
|hash_62_q1         |  in |   32|  ap_memory |           hash_62          |     array    |
|hash_63_address0   | out |    6|  ap_memory |           hash_63          |     array    |
|hash_63_ce0        | out |    1|  ap_memory |           hash_63          |     array    |
|hash_63_q0         |  in |   32|  ap_memory |           hash_63          |     array    |
|hash_63_address1   | out |    6|  ap_memory |           hash_63          |     array    |
|hash_63_ce1        | out |    1|  ap_memory |           hash_63          |     array    |
|hash_63_q1         |  in |   32|  ap_memory |           hash_63          |     array    |
|hash_64_address0   | out |    6|  ap_memory |           hash_64          |     array    |
|hash_64_ce0        | out |    1|  ap_memory |           hash_64          |     array    |
|hash_64_q0         |  in |   32|  ap_memory |           hash_64          |     array    |
|hash_64_address1   | out |    6|  ap_memory |           hash_64          |     array    |
|hash_64_ce1        | out |    1|  ap_memory |           hash_64          |     array    |
|hash_64_q1         |  in |   32|  ap_memory |           hash_64          |     array    |
|hash_65_address0   | out |    6|  ap_memory |           hash_65          |     array    |
|hash_65_ce0        | out |    1|  ap_memory |           hash_65          |     array    |
|hash_65_q0         |  in |   32|  ap_memory |           hash_65          |     array    |
|hash_65_address1   | out |    6|  ap_memory |           hash_65          |     array    |
|hash_65_ce1        | out |    1|  ap_memory |           hash_65          |     array    |
|hash_65_q1         |  in |   32|  ap_memory |           hash_65          |     array    |
|hash_66_address0   | out |    6|  ap_memory |           hash_66          |     array    |
|hash_66_ce0        | out |    1|  ap_memory |           hash_66          |     array    |
|hash_66_q0         |  in |   32|  ap_memory |           hash_66          |     array    |
|hash_66_address1   | out |    6|  ap_memory |           hash_66          |     array    |
|hash_66_ce1        | out |    1|  ap_memory |           hash_66          |     array    |
|hash_66_q1         |  in |   32|  ap_memory |           hash_66          |     array    |
|hash_67_address0   | out |    6|  ap_memory |           hash_67          |     array    |
|hash_67_ce0        | out |    1|  ap_memory |           hash_67          |     array    |
|hash_67_q0         |  in |   32|  ap_memory |           hash_67          |     array    |
|hash_67_address1   | out |    6|  ap_memory |           hash_67          |     array    |
|hash_67_ce1        | out |    1|  ap_memory |           hash_67          |     array    |
|hash_67_q1         |  in |   32|  ap_memory |           hash_67          |     array    |
|hash_68_address0   | out |    6|  ap_memory |           hash_68          |     array    |
|hash_68_ce0        | out |    1|  ap_memory |           hash_68          |     array    |
|hash_68_q0         |  in |   32|  ap_memory |           hash_68          |     array    |
|hash_68_address1   | out |    6|  ap_memory |           hash_68          |     array    |
|hash_68_ce1        | out |    1|  ap_memory |           hash_68          |     array    |
|hash_68_q1         |  in |   32|  ap_memory |           hash_68          |     array    |
|hash_69_address0   | out |    6|  ap_memory |           hash_69          |     array    |
|hash_69_ce0        | out |    1|  ap_memory |           hash_69          |     array    |
|hash_69_q0         |  in |   32|  ap_memory |           hash_69          |     array    |
|hash_69_address1   | out |    6|  ap_memory |           hash_69          |     array    |
|hash_69_ce1        | out |    1|  ap_memory |           hash_69          |     array    |
|hash_69_q1         |  in |   32|  ap_memory |           hash_69          |     array    |
|hash_70_address0   | out |    6|  ap_memory |           hash_70          |     array    |
|hash_70_ce0        | out |    1|  ap_memory |           hash_70          |     array    |
|hash_70_q0         |  in |   32|  ap_memory |           hash_70          |     array    |
|hash_70_address1   | out |    6|  ap_memory |           hash_70          |     array    |
|hash_70_ce1        | out |    1|  ap_memory |           hash_70          |     array    |
|hash_70_q1         |  in |   32|  ap_memory |           hash_70          |     array    |
|hash_71_address0   | out |    6|  ap_memory |           hash_71          |     array    |
|hash_71_ce0        | out |    1|  ap_memory |           hash_71          |     array    |
|hash_71_q0         |  in |   32|  ap_memory |           hash_71          |     array    |
|hash_71_address1   | out |    6|  ap_memory |           hash_71          |     array    |
|hash_71_ce1        | out |    1|  ap_memory |           hash_71          |     array    |
|hash_71_q1         |  in |   32|  ap_memory |           hash_71          |     array    |
|hash_72_address0   | out |    6|  ap_memory |           hash_72          |     array    |
|hash_72_ce0        | out |    1|  ap_memory |           hash_72          |     array    |
|hash_72_q0         |  in |   32|  ap_memory |           hash_72          |     array    |
|hash_72_address1   | out |    6|  ap_memory |           hash_72          |     array    |
|hash_72_ce1        | out |    1|  ap_memory |           hash_72          |     array    |
|hash_72_q1         |  in |   32|  ap_memory |           hash_72          |     array    |
|hash_73_address0   | out |    6|  ap_memory |           hash_73          |     array    |
|hash_73_ce0        | out |    1|  ap_memory |           hash_73          |     array    |
|hash_73_q0         |  in |   32|  ap_memory |           hash_73          |     array    |
|hash_73_address1   | out |    6|  ap_memory |           hash_73          |     array    |
|hash_73_ce1        | out |    1|  ap_memory |           hash_73          |     array    |
|hash_73_q1         |  in |   32|  ap_memory |           hash_73          |     array    |
|hash_74_address0   | out |    6|  ap_memory |           hash_74          |     array    |
|hash_74_ce0        | out |    1|  ap_memory |           hash_74          |     array    |
|hash_74_q0         |  in |   32|  ap_memory |           hash_74          |     array    |
|hash_74_address1   | out |    6|  ap_memory |           hash_74          |     array    |
|hash_74_ce1        | out |    1|  ap_memory |           hash_74          |     array    |
|hash_74_q1         |  in |   32|  ap_memory |           hash_74          |     array    |
|hash_75_address0   | out |    6|  ap_memory |           hash_75          |     array    |
|hash_75_ce0        | out |    1|  ap_memory |           hash_75          |     array    |
|hash_75_q0         |  in |   32|  ap_memory |           hash_75          |     array    |
|hash_75_address1   | out |    6|  ap_memory |           hash_75          |     array    |
|hash_75_ce1        | out |    1|  ap_memory |           hash_75          |     array    |
|hash_75_q1         |  in |   32|  ap_memory |           hash_75          |     array    |
|hash_76_address0   | out |    6|  ap_memory |           hash_76          |     array    |
|hash_76_ce0        | out |    1|  ap_memory |           hash_76          |     array    |
|hash_76_q0         |  in |   32|  ap_memory |           hash_76          |     array    |
|hash_76_address1   | out |    6|  ap_memory |           hash_76          |     array    |
|hash_76_ce1        | out |    1|  ap_memory |           hash_76          |     array    |
|hash_76_q1         |  in |   32|  ap_memory |           hash_76          |     array    |
|hash_77_address0   | out |    6|  ap_memory |           hash_77          |     array    |
|hash_77_ce0        | out |    1|  ap_memory |           hash_77          |     array    |
|hash_77_q0         |  in |   32|  ap_memory |           hash_77          |     array    |
|hash_77_address1   | out |    6|  ap_memory |           hash_77          |     array    |
|hash_77_ce1        | out |    1|  ap_memory |           hash_77          |     array    |
|hash_77_q1         |  in |   32|  ap_memory |           hash_77          |     array    |
|hash_78_address0   | out |    6|  ap_memory |           hash_78          |     array    |
|hash_78_ce0        | out |    1|  ap_memory |           hash_78          |     array    |
|hash_78_q0         |  in |   32|  ap_memory |           hash_78          |     array    |
|hash_78_address1   | out |    6|  ap_memory |           hash_78          |     array    |
|hash_78_ce1        | out |    1|  ap_memory |           hash_78          |     array    |
|hash_78_q1         |  in |   32|  ap_memory |           hash_78          |     array    |
|hash_79_address0   | out |    6|  ap_memory |           hash_79          |     array    |
|hash_79_ce0        | out |    1|  ap_memory |           hash_79          |     array    |
|hash_79_q0         |  in |   32|  ap_memory |           hash_79          |     array    |
|hash_79_address1   | out |    6|  ap_memory |           hash_79          |     array    |
|hash_79_ce1        | out |    1|  ap_memory |           hash_79          |     array    |
|hash_79_q1         |  in |   32|  ap_memory |           hash_79          |     array    |
|hash_80_address0   | out |    6|  ap_memory |           hash_80          |     array    |
|hash_80_ce0        | out |    1|  ap_memory |           hash_80          |     array    |
|hash_80_q0         |  in |   32|  ap_memory |           hash_80          |     array    |
|hash_80_address1   | out |    6|  ap_memory |           hash_80          |     array    |
|hash_80_ce1        | out |    1|  ap_memory |           hash_80          |     array    |
|hash_80_q1         |  in |   32|  ap_memory |           hash_80          |     array    |
|hash_81_address0   | out |    6|  ap_memory |           hash_81          |     array    |
|hash_81_ce0        | out |    1|  ap_memory |           hash_81          |     array    |
|hash_81_q0         |  in |   32|  ap_memory |           hash_81          |     array    |
|hash_81_address1   | out |    6|  ap_memory |           hash_81          |     array    |
|hash_81_ce1        | out |    1|  ap_memory |           hash_81          |     array    |
|hash_81_q1         |  in |   32|  ap_memory |           hash_81          |     array    |
|hash_82_address0   | out |    6|  ap_memory |           hash_82          |     array    |
|hash_82_ce0        | out |    1|  ap_memory |           hash_82          |     array    |
|hash_82_q0         |  in |   32|  ap_memory |           hash_82          |     array    |
|hash_82_address1   | out |    6|  ap_memory |           hash_82          |     array    |
|hash_82_ce1        | out |    1|  ap_memory |           hash_82          |     array    |
|hash_82_q1         |  in |   32|  ap_memory |           hash_82          |     array    |
|hash_83_address0   | out |    6|  ap_memory |           hash_83          |     array    |
|hash_83_ce0        | out |    1|  ap_memory |           hash_83          |     array    |
|hash_83_q0         |  in |   32|  ap_memory |           hash_83          |     array    |
|hash_83_address1   | out |    6|  ap_memory |           hash_83          |     array    |
|hash_83_ce1        | out |    1|  ap_memory |           hash_83          |     array    |
|hash_83_q1         |  in |   32|  ap_memory |           hash_83          |     array    |
|hash_84_address0   | out |    6|  ap_memory |           hash_84          |     array    |
|hash_84_ce0        | out |    1|  ap_memory |           hash_84          |     array    |
|hash_84_q0         |  in |   32|  ap_memory |           hash_84          |     array    |
|hash_84_address1   | out |    6|  ap_memory |           hash_84          |     array    |
|hash_84_ce1        | out |    1|  ap_memory |           hash_84          |     array    |
|hash_84_q1         |  in |   32|  ap_memory |           hash_84          |     array    |
|hash_85_address0   | out |    6|  ap_memory |           hash_85          |     array    |
|hash_85_ce0        | out |    1|  ap_memory |           hash_85          |     array    |
|hash_85_q0         |  in |   32|  ap_memory |           hash_85          |     array    |
|hash_85_address1   | out |    6|  ap_memory |           hash_85          |     array    |
|hash_85_ce1        | out |    1|  ap_memory |           hash_85          |     array    |
|hash_85_q1         |  in |   32|  ap_memory |           hash_85          |     array    |
|hash_86_address0   | out |    6|  ap_memory |           hash_86          |     array    |
|hash_86_ce0        | out |    1|  ap_memory |           hash_86          |     array    |
|hash_86_q0         |  in |   32|  ap_memory |           hash_86          |     array    |
|hash_86_address1   | out |    6|  ap_memory |           hash_86          |     array    |
|hash_86_ce1        | out |    1|  ap_memory |           hash_86          |     array    |
|hash_86_q1         |  in |   32|  ap_memory |           hash_86          |     array    |
|hash_87_address0   | out |    6|  ap_memory |           hash_87          |     array    |
|hash_87_ce0        | out |    1|  ap_memory |           hash_87          |     array    |
|hash_87_q0         |  in |   32|  ap_memory |           hash_87          |     array    |
|hash_87_address1   | out |    6|  ap_memory |           hash_87          |     array    |
|hash_87_ce1        | out |    1|  ap_memory |           hash_87          |     array    |
|hash_87_q1         |  in |   32|  ap_memory |           hash_87          |     array    |
|hash_88_address0   | out |    6|  ap_memory |           hash_88          |     array    |
|hash_88_ce0        | out |    1|  ap_memory |           hash_88          |     array    |
|hash_88_q0         |  in |   32|  ap_memory |           hash_88          |     array    |
|hash_88_address1   | out |    6|  ap_memory |           hash_88          |     array    |
|hash_88_ce1        | out |    1|  ap_memory |           hash_88          |     array    |
|hash_88_q1         |  in |   32|  ap_memory |           hash_88          |     array    |
|hash_89_address0   | out |    6|  ap_memory |           hash_89          |     array    |
|hash_89_ce0        | out |    1|  ap_memory |           hash_89          |     array    |
|hash_89_q0         |  in |   32|  ap_memory |           hash_89          |     array    |
|hash_89_address1   | out |    6|  ap_memory |           hash_89          |     array    |
|hash_89_ce1        | out |    1|  ap_memory |           hash_89          |     array    |
|hash_89_q1         |  in |   32|  ap_memory |           hash_89          |     array    |
|hash_90_address0   | out |    6|  ap_memory |           hash_90          |     array    |
|hash_90_ce0        | out |    1|  ap_memory |           hash_90          |     array    |
|hash_90_q0         |  in |   32|  ap_memory |           hash_90          |     array    |
|hash_90_address1   | out |    6|  ap_memory |           hash_90          |     array    |
|hash_90_ce1        | out |    1|  ap_memory |           hash_90          |     array    |
|hash_90_q1         |  in |   32|  ap_memory |           hash_90          |     array    |
|hash_91_address0   | out |    6|  ap_memory |           hash_91          |     array    |
|hash_91_ce0        | out |    1|  ap_memory |           hash_91          |     array    |
|hash_91_q0         |  in |   32|  ap_memory |           hash_91          |     array    |
|hash_91_address1   | out |    6|  ap_memory |           hash_91          |     array    |
|hash_91_ce1        | out |    1|  ap_memory |           hash_91          |     array    |
|hash_91_q1         |  in |   32|  ap_memory |           hash_91          |     array    |
|hash_92_address0   | out |    6|  ap_memory |           hash_92          |     array    |
|hash_92_ce0        | out |    1|  ap_memory |           hash_92          |     array    |
|hash_92_q0         |  in |   32|  ap_memory |           hash_92          |     array    |
|hash_92_address1   | out |    6|  ap_memory |           hash_92          |     array    |
|hash_92_ce1        | out |    1|  ap_memory |           hash_92          |     array    |
|hash_92_q1         |  in |   32|  ap_memory |           hash_92          |     array    |
|hash_93_address0   | out |    6|  ap_memory |           hash_93          |     array    |
|hash_93_ce0        | out |    1|  ap_memory |           hash_93          |     array    |
|hash_93_q0         |  in |   32|  ap_memory |           hash_93          |     array    |
|hash_93_address1   | out |    6|  ap_memory |           hash_93          |     array    |
|hash_93_ce1        | out |    1|  ap_memory |           hash_93          |     array    |
|hash_93_q1         |  in |   32|  ap_memory |           hash_93          |     array    |
|hash_94_address0   | out |    6|  ap_memory |           hash_94          |     array    |
|hash_94_ce0        | out |    1|  ap_memory |           hash_94          |     array    |
|hash_94_q0         |  in |   32|  ap_memory |           hash_94          |     array    |
|hash_94_address1   | out |    6|  ap_memory |           hash_94          |     array    |
|hash_94_ce1        | out |    1|  ap_memory |           hash_94          |     array    |
|hash_94_q1         |  in |   32|  ap_memory |           hash_94          |     array    |
|hash_95_address0   | out |    6|  ap_memory |           hash_95          |     array    |
|hash_95_ce0        | out |    1|  ap_memory |           hash_95          |     array    |
|hash_95_q0         |  in |   32|  ap_memory |           hash_95          |     array    |
|hash_95_address1   | out |    6|  ap_memory |           hash_95          |     array    |
|hash_95_ce1        | out |    1|  ap_memory |           hash_95          |     array    |
|hash_95_q1         |  in |   32|  ap_memory |           hash_95          |     array    |
|hash_96_address0   | out |    6|  ap_memory |           hash_96          |     array    |
|hash_96_ce0        | out |    1|  ap_memory |           hash_96          |     array    |
|hash_96_q0         |  in |   32|  ap_memory |           hash_96          |     array    |
|hash_96_address1   | out |    6|  ap_memory |           hash_96          |     array    |
|hash_96_ce1        | out |    1|  ap_memory |           hash_96          |     array    |
|hash_96_q1         |  in |   32|  ap_memory |           hash_96          |     array    |
|hash_97_address0   | out |    6|  ap_memory |           hash_97          |     array    |
|hash_97_ce0        | out |    1|  ap_memory |           hash_97          |     array    |
|hash_97_q0         |  in |   32|  ap_memory |           hash_97          |     array    |
|hash_97_address1   | out |    6|  ap_memory |           hash_97          |     array    |
|hash_97_ce1        | out |    1|  ap_memory |           hash_97          |     array    |
|hash_97_q1         |  in |   32|  ap_memory |           hash_97          |     array    |
|hash_98_address0   | out |    6|  ap_memory |           hash_98          |     array    |
|hash_98_ce0        | out |    1|  ap_memory |           hash_98          |     array    |
|hash_98_q0         |  in |   32|  ap_memory |           hash_98          |     array    |
|hash_98_address1   | out |    6|  ap_memory |           hash_98          |     array    |
|hash_98_ce1        | out |    1|  ap_memory |           hash_98          |     array    |
|hash_98_q1         |  in |   32|  ap_memory |           hash_98          |     array    |
|hash_99_address0   | out |    6|  ap_memory |           hash_99          |     array    |
|hash_99_ce0        | out |    1|  ap_memory |           hash_99          |     array    |
|hash_99_q0         |  in |   32|  ap_memory |           hash_99          |     array    |
|hash_99_address1   | out |    6|  ap_memory |           hash_99          |     array    |
|hash_99_ce1        | out |    1|  ap_memory |           hash_99          |     array    |
|hash_99_q1         |  in |   32|  ap_memory |           hash_99          |     array    |
|hash_100_address0  | out |    6|  ap_memory |          hash_100          |     array    |
|hash_100_ce0       | out |    1|  ap_memory |          hash_100          |     array    |
|hash_100_q0        |  in |   32|  ap_memory |          hash_100          |     array    |
|hash_100_address1  | out |    6|  ap_memory |          hash_100          |     array    |
|hash_100_ce1       | out |    1|  ap_memory |          hash_100          |     array    |
|hash_100_q1        |  in |   32|  ap_memory |          hash_100          |     array    |
|hash_101_address0  | out |    6|  ap_memory |          hash_101          |     array    |
|hash_101_ce0       | out |    1|  ap_memory |          hash_101          |     array    |
|hash_101_q0        |  in |   32|  ap_memory |          hash_101          |     array    |
|hash_101_address1  | out |    6|  ap_memory |          hash_101          |     array    |
|hash_101_ce1       | out |    1|  ap_memory |          hash_101          |     array    |
|hash_101_q1        |  in |   32|  ap_memory |          hash_101          |     array    |
|hash_102_address0  | out |    6|  ap_memory |          hash_102          |     array    |
|hash_102_ce0       | out |    1|  ap_memory |          hash_102          |     array    |
|hash_102_q0        |  in |   32|  ap_memory |          hash_102          |     array    |
|hash_102_address1  | out |    6|  ap_memory |          hash_102          |     array    |
|hash_102_ce1       | out |    1|  ap_memory |          hash_102          |     array    |
|hash_102_q1        |  in |   32|  ap_memory |          hash_102          |     array    |
|hash_103_address0  | out |    6|  ap_memory |          hash_103          |     array    |
|hash_103_ce0       | out |    1|  ap_memory |          hash_103          |     array    |
|hash_103_q0        |  in |   32|  ap_memory |          hash_103          |     array    |
|hash_103_address1  | out |    6|  ap_memory |          hash_103          |     array    |
|hash_103_ce1       | out |    1|  ap_memory |          hash_103          |     array    |
|hash_103_q1        |  in |   32|  ap_memory |          hash_103          |     array    |
|hash_104_address0  | out |    6|  ap_memory |          hash_104          |     array    |
|hash_104_ce0       | out |    1|  ap_memory |          hash_104          |     array    |
|hash_104_q0        |  in |   32|  ap_memory |          hash_104          |     array    |
|hash_104_address1  | out |    6|  ap_memory |          hash_104          |     array    |
|hash_104_ce1       | out |    1|  ap_memory |          hash_104          |     array    |
|hash_104_q1        |  in |   32|  ap_memory |          hash_104          |     array    |
|hash_105_address0  | out |    6|  ap_memory |          hash_105          |     array    |
|hash_105_ce0       | out |    1|  ap_memory |          hash_105          |     array    |
|hash_105_q0        |  in |   32|  ap_memory |          hash_105          |     array    |
|hash_105_address1  | out |    6|  ap_memory |          hash_105          |     array    |
|hash_105_ce1       | out |    1|  ap_memory |          hash_105          |     array    |
|hash_105_q1        |  in |   32|  ap_memory |          hash_105          |     array    |
|hash_106_address0  | out |    6|  ap_memory |          hash_106          |     array    |
|hash_106_ce0       | out |    1|  ap_memory |          hash_106          |     array    |
|hash_106_q0        |  in |   32|  ap_memory |          hash_106          |     array    |
|hash_106_address1  | out |    6|  ap_memory |          hash_106          |     array    |
|hash_106_ce1       | out |    1|  ap_memory |          hash_106          |     array    |
|hash_106_q1        |  in |   32|  ap_memory |          hash_106          |     array    |
|hash_107_address0  | out |    6|  ap_memory |          hash_107          |     array    |
|hash_107_ce0       | out |    1|  ap_memory |          hash_107          |     array    |
|hash_107_q0        |  in |   32|  ap_memory |          hash_107          |     array    |
|hash_107_address1  | out |    6|  ap_memory |          hash_107          |     array    |
|hash_107_ce1       | out |    1|  ap_memory |          hash_107          |     array    |
|hash_107_q1        |  in |   32|  ap_memory |          hash_107          |     array    |
|hash_108_address0  | out |    6|  ap_memory |          hash_108          |     array    |
|hash_108_ce0       | out |    1|  ap_memory |          hash_108          |     array    |
|hash_108_q0        |  in |   32|  ap_memory |          hash_108          |     array    |
|hash_108_address1  | out |    6|  ap_memory |          hash_108          |     array    |
|hash_108_ce1       | out |    1|  ap_memory |          hash_108          |     array    |
|hash_108_q1        |  in |   32|  ap_memory |          hash_108          |     array    |
|hash_109_address0  | out |    6|  ap_memory |          hash_109          |     array    |
|hash_109_ce0       | out |    1|  ap_memory |          hash_109          |     array    |
|hash_109_q0        |  in |   32|  ap_memory |          hash_109          |     array    |
|hash_109_address1  | out |    6|  ap_memory |          hash_109          |     array    |
|hash_109_ce1       | out |    1|  ap_memory |          hash_109          |     array    |
|hash_109_q1        |  in |   32|  ap_memory |          hash_109          |     array    |
|hash_110_address0  | out |    6|  ap_memory |          hash_110          |     array    |
|hash_110_ce0       | out |    1|  ap_memory |          hash_110          |     array    |
|hash_110_q0        |  in |   32|  ap_memory |          hash_110          |     array    |
|hash_110_address1  | out |    6|  ap_memory |          hash_110          |     array    |
|hash_110_ce1       | out |    1|  ap_memory |          hash_110          |     array    |
|hash_110_q1        |  in |   32|  ap_memory |          hash_110          |     array    |
|hash_111_address0  | out |    6|  ap_memory |          hash_111          |     array    |
|hash_111_ce0       | out |    1|  ap_memory |          hash_111          |     array    |
|hash_111_q0        |  in |   32|  ap_memory |          hash_111          |     array    |
|hash_111_address1  | out |    6|  ap_memory |          hash_111          |     array    |
|hash_111_ce1       | out |    1|  ap_memory |          hash_111          |     array    |
|hash_111_q1        |  in |   32|  ap_memory |          hash_111          |     array    |
|hash_112_address0  | out |    6|  ap_memory |          hash_112          |     array    |
|hash_112_ce0       | out |    1|  ap_memory |          hash_112          |     array    |
|hash_112_q0        |  in |   32|  ap_memory |          hash_112          |     array    |
|hash_112_address1  | out |    6|  ap_memory |          hash_112          |     array    |
|hash_112_ce1       | out |    1|  ap_memory |          hash_112          |     array    |
|hash_112_q1        |  in |   32|  ap_memory |          hash_112          |     array    |
|hash_113_address0  | out |    6|  ap_memory |          hash_113          |     array    |
|hash_113_ce0       | out |    1|  ap_memory |          hash_113          |     array    |
|hash_113_q0        |  in |   32|  ap_memory |          hash_113          |     array    |
|hash_113_address1  | out |    6|  ap_memory |          hash_113          |     array    |
|hash_113_ce1       | out |    1|  ap_memory |          hash_113          |     array    |
|hash_113_q1        |  in |   32|  ap_memory |          hash_113          |     array    |
|hash_114_address0  | out |    6|  ap_memory |          hash_114          |     array    |
|hash_114_ce0       | out |    1|  ap_memory |          hash_114          |     array    |
|hash_114_q0        |  in |   32|  ap_memory |          hash_114          |     array    |
|hash_114_address1  | out |    6|  ap_memory |          hash_114          |     array    |
|hash_114_ce1       | out |    1|  ap_memory |          hash_114          |     array    |
|hash_114_q1        |  in |   32|  ap_memory |          hash_114          |     array    |
|hash_115_address0  | out |    6|  ap_memory |          hash_115          |     array    |
|hash_115_ce0       | out |    1|  ap_memory |          hash_115          |     array    |
|hash_115_q0        |  in |   32|  ap_memory |          hash_115          |     array    |
|hash_115_address1  | out |    6|  ap_memory |          hash_115          |     array    |
|hash_115_ce1       | out |    1|  ap_memory |          hash_115          |     array    |
|hash_115_q1        |  in |   32|  ap_memory |          hash_115          |     array    |
|hash_116_address0  | out |    6|  ap_memory |          hash_116          |     array    |
|hash_116_ce0       | out |    1|  ap_memory |          hash_116          |     array    |
|hash_116_q0        |  in |   32|  ap_memory |          hash_116          |     array    |
|hash_116_address1  | out |    6|  ap_memory |          hash_116          |     array    |
|hash_116_ce1       | out |    1|  ap_memory |          hash_116          |     array    |
|hash_116_q1        |  in |   32|  ap_memory |          hash_116          |     array    |
|hash_117_address0  | out |    6|  ap_memory |          hash_117          |     array    |
|hash_117_ce0       | out |    1|  ap_memory |          hash_117          |     array    |
|hash_117_q0        |  in |   32|  ap_memory |          hash_117          |     array    |
|hash_117_address1  | out |    6|  ap_memory |          hash_117          |     array    |
|hash_117_ce1       | out |    1|  ap_memory |          hash_117          |     array    |
|hash_117_q1        |  in |   32|  ap_memory |          hash_117          |     array    |
|hash_118_address0  | out |    6|  ap_memory |          hash_118          |     array    |
|hash_118_ce0       | out |    1|  ap_memory |          hash_118          |     array    |
|hash_118_q0        |  in |   32|  ap_memory |          hash_118          |     array    |
|hash_118_address1  | out |    6|  ap_memory |          hash_118          |     array    |
|hash_118_ce1       | out |    1|  ap_memory |          hash_118          |     array    |
|hash_118_q1        |  in |   32|  ap_memory |          hash_118          |     array    |
|hash_119_address0  | out |    6|  ap_memory |          hash_119          |     array    |
|hash_119_ce0       | out |    1|  ap_memory |          hash_119          |     array    |
|hash_119_q0        |  in |   32|  ap_memory |          hash_119          |     array    |
|hash_119_address1  | out |    6|  ap_memory |          hash_119          |     array    |
|hash_119_ce1       | out |    1|  ap_memory |          hash_119          |     array    |
|hash_119_q1        |  in |   32|  ap_memory |          hash_119          |     array    |
|hash_120_address0  | out |    6|  ap_memory |          hash_120          |     array    |
|hash_120_ce0       | out |    1|  ap_memory |          hash_120          |     array    |
|hash_120_q0        |  in |   32|  ap_memory |          hash_120          |     array    |
|hash_120_address1  | out |    6|  ap_memory |          hash_120          |     array    |
|hash_120_ce1       | out |    1|  ap_memory |          hash_120          |     array    |
|hash_120_q1        |  in |   32|  ap_memory |          hash_120          |     array    |
|hash_121_address0  | out |    6|  ap_memory |          hash_121          |     array    |
|hash_121_ce0       | out |    1|  ap_memory |          hash_121          |     array    |
|hash_121_q0        |  in |   32|  ap_memory |          hash_121          |     array    |
|hash_121_address1  | out |    6|  ap_memory |          hash_121          |     array    |
|hash_121_ce1       | out |    1|  ap_memory |          hash_121          |     array    |
|hash_121_q1        |  in |   32|  ap_memory |          hash_121          |     array    |
|hash_122_address0  | out |    6|  ap_memory |          hash_122          |     array    |
|hash_122_ce0       | out |    1|  ap_memory |          hash_122          |     array    |
|hash_122_q0        |  in |   32|  ap_memory |          hash_122          |     array    |
|hash_122_address1  | out |    6|  ap_memory |          hash_122          |     array    |
|hash_122_ce1       | out |    1|  ap_memory |          hash_122          |     array    |
|hash_122_q1        |  in |   32|  ap_memory |          hash_122          |     array    |
|hash_123_address0  | out |    6|  ap_memory |          hash_123          |     array    |
|hash_123_ce0       | out |    1|  ap_memory |          hash_123          |     array    |
|hash_123_q0        |  in |   32|  ap_memory |          hash_123          |     array    |
|hash_123_address1  | out |    6|  ap_memory |          hash_123          |     array    |
|hash_123_ce1       | out |    1|  ap_memory |          hash_123          |     array    |
|hash_123_q1        |  in |   32|  ap_memory |          hash_123          |     array    |
|hash_124_address0  | out |    6|  ap_memory |          hash_124          |     array    |
|hash_124_ce0       | out |    1|  ap_memory |          hash_124          |     array    |
|hash_124_q0        |  in |   32|  ap_memory |          hash_124          |     array    |
|hash_124_address1  | out |    6|  ap_memory |          hash_124          |     array    |
|hash_124_ce1       | out |    1|  ap_memory |          hash_124          |     array    |
|hash_124_q1        |  in |   32|  ap_memory |          hash_124          |     array    |
|hash_125_address0  | out |    6|  ap_memory |          hash_125          |     array    |
|hash_125_ce0       | out |    1|  ap_memory |          hash_125          |     array    |
|hash_125_q0        |  in |   32|  ap_memory |          hash_125          |     array    |
|hash_125_address1  | out |    6|  ap_memory |          hash_125          |     array    |
|hash_125_ce1       | out |    1|  ap_memory |          hash_125          |     array    |
|hash_125_q1        |  in |   32|  ap_memory |          hash_125          |     array    |
|hash_126_address0  | out |    6|  ap_memory |          hash_126          |     array    |
|hash_126_ce0       | out |    1|  ap_memory |          hash_126          |     array    |
|hash_126_q0        |  in |   32|  ap_memory |          hash_126          |     array    |
|hash_126_address1  | out |    6|  ap_memory |          hash_126          |     array    |
|hash_126_ce1       | out |    1|  ap_memory |          hash_126          |     array    |
|hash_126_q1        |  in |   32|  ap_memory |          hash_126          |     array    |
|hash_127_address0  | out |    6|  ap_memory |          hash_127          |     array    |
|hash_127_ce0       | out |    1|  ap_memory |          hash_127          |     array    |
|hash_127_q0        |  in |   32|  ap_memory |          hash_127          |     array    |
|hash_127_address1  | out |    6|  ap_memory |          hash_127          |     array    |
|hash_127_ce1       | out |    1|  ap_memory |          hash_127          |     array    |
|hash_127_q1        |  in |   32|  ap_memory |          hash_127          |     array    |
|indices_address0   | out |    3|  ap_memory |           indices          |     array    |
|indices_ce0        | out |    1|  ap_memory |           indices          |     array    |
|indices_we0        | out |    1|  ap_memory |           indices          |     array    |
|indices_d0         | out |   13|  ap_memory |           indices          |     array    |
|indices_address1   | out |    3|  ap_memory |           indices          |     array    |
|indices_ce1        | out |    1|  ap_memory |           indices          |     array    |
|indices_we1        | out |    1|  ap_memory |           indices          |     array    |
|indices_d1         | out |   13|  ap_memory |           indices          |     array    |
+-------------------+-----+-----+------------+----------------------------+--------------+

