#
# An unexpected error has occurred (11)
#
Stack:
/lib/x86_64-linux-gnu/libpthread.so.0(+0x10330) [0x7f6124e0d330]
/opt/Xilinx/Vivado_HLS/2016.2/lib/lnx64.o/libhls_passtransform.so(pass::ArrayPartition::handleFunction(llvm::Function*)+0x17df) [0x7f61127650bf]
/opt/Xilinx/Vivado_HLS/2016.2/lib/lnx64.o/libhls_passtransform.so(pass::ArrayPartition::mvShlToSubFunc(llvm::Module&)+0x15c) [0x7f6112765c0c]
/opt/Xilinx/Vivado_HLS/2016.2/lib/lnx64.o/libhls_passtransform.so(pass::ArrayPartition::doInitialization(llvm::Module&)+0x23) [0x7f6112778103]
/opt/Xilinx/Vivado_HLS/2016.2/lib/lnx64.o/libhls_passtransform.so(pass::ArrayPartition::runOnModule(llvm::Module&)+0x45) [0x7f611277bcb5]
/opt/Xilinx/Vivado_HLS/2016.2/lib/lnx64.o/libLLVM-3.1.so(llvm::MPPassManager::runOnModule(llvm::Module&)+0x16e) [0x7f6114fe2afe]
/opt/Xilinx/Vivado_HLS/2016.2/lib/lnx64.o/libLLVM-3.1.so(llvm::PassManagerImpl::run(llvm::Module&)+0x89) [0x7f6114fe2c79]
/opt/Xilinx/Vivado_HLS/2016.2/lib/lnx64.o/libhls_main.so(+0xc1f5c) [0x7f61161c2f5c]
/opt/Xilinx/Vivado_HLS/2016.2/lib/lnx64.o/libhls_support.so(xpcl::TclCommand::callback(int, Tcl_Obj* const*)+0xd3) [0x7f6115ed8c53]
/opt/Xilinx/Vivado_HLS/2016.2/lib/lnx64.o/libhls_support.so(+0x3e12f) [0x7f6115ed912f]
/opt/Xilinx/Vivado_HLS/2016.2/lib/lnx64.o/libtcl8.5.so(+0x331f5) [0x7f6120e691f5]
/opt/Xilinx/Vivado_HLS/2016.2/lib/lnx64.o/libtcl8.5.so(+0x34d6b) [0x7f6120e6ad6b]
/opt/Xilinx/Vivado_HLS/2016.2/lib/lnx64.o/libtcl8.5.so(Tcl_EvalEx+0x16) [0x7f6120e6b276]
/opt/Xilinx/Vivado_HLS/2016.2/lib/lnx64.o/libtcl8.5.so(TclEvalObjEx+0x213) [0x7f6120e6b4c3]
/opt/Xilinx/Vivado_HLS/2016.2/lib/lnx64.o/libtcl8.5.so(+0x3b745) [0x7f6120e71745]
/opt/Xilinx/Vivado_HLS/2016.2/lib/lnx64.o/libtcl8.5.so(+0x331f5) [0x7f6120e691f5]
/opt/Xilinx/Vivado_HLS/2016.2/lib/lnx64.o/libtcl8.5.so(+0x76bbe) [0x7f6120eacbbe]
/opt/Xilinx/Vivado_HLS/2016.2/lib/lnx64.o/libtcl8.5.so(+0x7e767) [0x7f6120eb4767]
/opt/Xilinx/Vivado_HLS/2016.2/lib/lnx64.o/libtcl8.5.so(TclEvalObjEx+0x77) [0x7f6120e6b327]
/opt/Xilinx/Vivado_HLS/2016.2/lib/lnx64.o/librdi_commontasks.so(+0x2a8307) [0x7f611c660307]
/opt/Xilinx/Vivado_HLS/2016.2/lib/lnx64.o/libtcl8.5.so(+0x331f5) [0x7f6120e691f5]
/opt/Xilinx/Vivado_HLS/2016.2/lib/lnx64.o/libtcl8.5.so(+0x76bbe) [0x7f6120eacbbe]
/opt/Xilinx/Vivado_HLS/2016.2/lib/lnx64.o/libtcl8.5.so(+0x7e767) [0x7f6120eb4767]
/opt/Xilinx/Vivado_HLS/2016.2/lib/lnx64.o/libtcl8.5.so(TclEvalObjEx+0x77) [0x7f6120e6b327]
/opt/Xilinx/Vivado_HLS/2016.2/lib/lnx64.o/libtcl8.5.so(+0x46cd5) [0x7f6120e7ccd5]
/opt/Xilinx/Vivado_HLS/2016.2/lib/lnx64.o/libtcl8.5.so(+0x331f5) [0x7f6120e691f5]
/opt/Xilinx/Vivado_HLS/2016.2/lib/lnx64.o/libtcl8.5.so(+0x76bbe) [0x7f6120eacbbe]
/opt/Xilinx/Vivado_HLS/2016.2/lib/lnx64.o/libtcl8.5.so(TclObjInterpProcCore+0x2fb) [0x7f6120eedb8b]
/opt/Xilinx/Vivado_HLS/2016.2/lib/lnx64.o/libtcl8.5.so(+0x331f5) [0x7f6120e691f5]
/opt/Xilinx/Vivado_HLS/2016.2/lib/lnx64.o/libtcl8.5.so(+0x76bbe) [0x7f6120eacbbe]
/opt/Xilinx/Vivado_HLS/2016.2/lib/lnx64.o/libtcl8.5.so(+0x7e767) [0x7f6120eb4767]
/opt/Xilinx/Vivado_HLS/2016.2/lib/lnx64.o/libtcl8.5.so(TclEvalObjEx+0x77) [0x7f6120e6b327]
/opt/Xilinx/Vivado_HLS/2016.2/lib/lnx64.o/librdi_commontasks.so(+0x2a8307) [0x7f611c660307]
/opt/Xilinx/Vivado_HLS/2016.2/lib/lnx64.o/libtcl8.5.so(+0x331f5) [0x7f6120e691f5]
/opt/Xilinx/Vivado_HLS/2016.2/lib/lnx64.o/libtcl8.5.so(+0x76bbe) [0x7f6120eacbbe]
/opt/Xilinx/Vivado_HLS/2016.2/lib/lnx64.o/libtcl8.5.so(TclObjInterpProcCore+0x2fb) [0x7f6120eedb8b]
/opt/Xilinx/Vivado_HLS/2016.2/lib/lnx64.o/libtcl8.5.so(+0x331f5) [0x7f6120e691f5]
/opt/Xilinx/Vivado_HLS/2016.2/lib/lnx64.o/libtcl8.5.so(+0x76bbe) [0x7f6120eacbbe]
/opt/Xilinx/Vivado_HLS/2016.2/lib/lnx64.o/libtcl8.5.so(TclObjInterpProcCore+0x2fb) [0x7f6120eedb8b]
/opt/Xilinx/Vivado_HLS/2016.2/lib/lnx64.o/libtcl8.5.so(+0x331f5) [0x7f6120e691f5]
/opt/Xilinx/Vivado_HLS/2016.2/lib/lnx64.o/libtcl8.5.so(+0x76bbe) [0x7f6120eacbbe]
/opt/Xilinx/Vivado_HLS/2016.2/lib/lnx64.o/libtcl8.5.so(+0x7e767) [0x7f6120eb4767]
/opt/Xilinx/Vivado_HLS/2016.2/lib/lnx64.o/libtcl8.5.so(TclEvalObjEx+0x77) [0x7f6120e6b327]
/opt/Xilinx/Vivado_HLS/2016.2/lib/lnx64.o/librdi_commontasks.so(+0x2a8307) [0x7f611c660307]
/opt/Xilinx/Vivado_HLS/2016.2/lib/lnx64.o/libtcl8.5.so(+0x331f5) [0x7f6120e691f5]
/opt/Xilinx/Vivado_HLS/2016.2/lib/lnx64.o/libtcl8.5.so(+0x34d6b) [0x7f6120e6ad6b]
/opt/Xilinx/Vivado_HLS/2016.2/lib/lnx64.o/libtcl8.5.so(+0xad531) [0x7f6120ee3531]
/opt/Xilinx/Vivado_HLS/2016.2/lib/lnx64.o/libtcl8.5.so(+0x3491c) [0x7f6120e6a91c]
/opt/Xilinx/Vivado_HLS/2016.2/lib/lnx64.o/libtcl8.5.so(Tcl_EvalEx+0x16) [0x7f6120e6b276]
/opt/Xilinx/Vivado_HLS/2016.2/lib/lnx64.o/libtcl8.5.so(Tcl_Eval+0x15) [0x7f6120e6b295]
/opt/Xilinx/Vivado_HLS/2016.2/lib/lnx64.o/libhls_main.so(+0x7d3f6) [0x7f611617e3f6]
/opt/Xilinx/Vivado_HLS/2016.2/lib/lnx64.o/libhls_support.so(xpcl::TclCommand::callback(int, Tcl_Obj* const*)+0x18a) [0x7f6115ed8d0a]
/opt/Xilinx/Vivado_HLS/2016.2/lib/lnx64.o/libhls_support.so(+0x3e12f) [0x7f6115ed912f]
/opt/Xilinx/Vivado_HLS/2016.2/lib/lnx64.o/libtcl8.5.so(+0x331f5) [0x7f6120e691f5]
/opt/Xilinx/Vivado_HLS/2016.2/lib/lnx64.o/libtcl8.5.so(+0x76bbe) [0x7f6120eacbbe]
/opt/Xilinx/Vivado_HLS/2016.2/lib/lnx64.o/libtcl8.5.so(TclObjInterpProcCore+0x2fb) [0x7f6120eedb8b]
/opt/Xilinx/Vivado_HLS/2016.2/lib/lnx64.o/libtcl8.5.so(+0x331f5) [0x7f6120e691f5]
/opt/Xilinx/Vivado_HLS/2016.2/lib/lnx64.o/libtcl8.5.so(+0x76bbe) [0x7f6120eacbbe]
/opt/Xilinx/Vivado_HLS/2016.2/lib/lnx64.o/libtcl8.5.so(+0x7e767) [0x7f6120eb4767]
/opt/Xilinx/Vivado_HLS/2016.2/lib/lnx64.o/libtcl8.5.so(TclEvalObjEx+0x77) [0x7f6120e6b327]
/opt/Xilinx/Vivado_HLS/2016.2/lib/lnx64.o/librdi_commontasks.so(+0x2a8307) [0x7f611c660307]
/opt/Xilinx/Vivado_HLS/2016.2/lib/lnx64.o/libtcl8.5.so(+0x331f5) [0x7f6120e691f5]
/opt/Xilinx/Vivado_HLS/2016.2/lib/lnx64.o/libtcl8.5.so(+0x34d6b) [0x7f6120e6ad6b]
/opt/Xilinx/Vivado_HLS/2016.2/lib/lnx64.o/libtcl8.5.so(+0xad531) [0x7f6120ee3531]
/opt/Xilinx/Vivado_HLS/2016.2/lib/lnx64.o/libtcl8.5.so(+0x3491c) [0x7f6120e6a91c]
/opt/Xilinx/Vivado_HLS/2016.2/lib/lnx64.o/libtcl8.5.so(Tcl_EvalEx+0x16) [0x7f6120e6b276]
/opt/Xilinx/Vivado_HLS/2016.2/lib/lnx64.o/libtcl8.5.so(Tcl_Eval+0x15) [0x7f6120e6b295]
/opt/Xilinx/Vivado_HLS/2016.2/lib/lnx64.o/libhls_main.so(+0x7d3f6) [0x7f611617e3f6]
/opt/Xilinx/Vivado_HLS/2016.2/lib/lnx64.o/libhls_support.so(xpcl::TclCommand::callback(int, Tcl_Obj* const*)+0x18a) [0x7f6115ed8d0a]
/opt/Xilinx/Vivado_HLS/2016.2/lib/lnx64.o/libhls_support.so(+0x3e12f) [0x7f6115ed912f]
/opt/Xilinx/Vivado_HLS/2016.2/lib/lnx64.o/libtcl8.5.so(+0x331f5) [0x7f6120e691f5]
/opt/Xilinx/Vivado_HLS/2016.2/lib/lnx64.o/libtcl8.5.so(+0x76bbe) [0x7f6120eacbbe]
/opt/Xilinx/Vivado_HLS/2016.2/lib/lnx64.o/libtcl8.5.so(TclObjInterpProcCore+0x2fb) [0x7f6120eedb8b]
/opt/Xilinx/Vivado_HLS/2016.2/lib/lnx64.o/libtcl8.5.so(+0x331f5) [0x7f6120e691f5]
/opt/Xilinx/Vivado_HLS/2016.2/lib/lnx64.o/libtcl8.5.so(+0x76bbe) [0x7f6120eacbbe]
/opt/Xilinx/Vivado_HLS/2016.2/lib/lnx64.o/libtcl8.5.so(+0x7e767) [0x7f6120eb4767]
/opt/Xilinx/Vivado_HLS/2016.2/lib/lnx64.o/libtcl8.5.so(TclEvalObjEx+0x77) [0x7f6120e6b327]
/opt/Xilinx/Vivado_HLS/2016.2/lib/lnx64.o/librdi_commontasks.so(+0x2a8307) [0x7f611c660307]
/opt/Xilinx/Vivado_HLS/2016.2/lib/lnx64.o/libtcl8.5.so(+0x331f5) [0x7f6120e691f5]
/opt/Xilinx/Vivado_HLS/2016.2/lib/lnx64.o/libtcl8.5.so(+0x34d6b) [0x7f6120e6ad6b]
/opt/Xilinx/Vivado_HLS/2016.2/lib/lnx64.o/libtcl8.5.so(+0xad531) [0x7f6120ee3531]
/opt/Xilinx/Vivado_HLS/2016.2/lib/lnx64.o/libtcl8.5.so(+0x3491c) [0x7f6120e6a91c]
/opt/Xilinx/Vivado_HLS/2016.2/lib/lnx64.o/libtcl8.5.so(Tcl_EvalEx+0x16) [0x7f6120e6b276]
/opt/Xilinx/Vivado_HLS/2016.2/lib/lnx64.o/libtcl8.5.so(Tcl_Eval+0x15) [0x7f6120e6b295]
/opt/Xilinx/Vivado_HLS/2016.2/lib/lnx64.o/libhls_main.so(+0x7d3f6) [0x7f611617e3f6]
/opt/Xilinx/Vivado_HLS/2016.2/lib/lnx64.o/libhls_support.so(xpcl::TclCommand::callback(int, Tcl_Obj* const*)+0x18a) [0x7f6115ed8d0a]
/opt/Xilinx/Vivado_HLS/2016.2/lib/lnx64.o/libhls_support.so(+0x3e12f) [0x7f6115ed912f]
/opt/Xilinx/Vivado_HLS/2016.2/lib/lnx64.o/libtcl8.5.so(+0x331f5) [0x7f6120e691f5]
/opt/Xilinx/Vivado_HLS/2016.2/lib/lnx64.o/libtcl8.5.so(+0x34d6b) [0x7f6120e6ad6b]
/opt/Xilinx/Vivado_HLS/2016.2/lib/lnx64.o/libtcl8.5.so(Tcl_EvalEx+0x16) [0x7f6120e6b276]
/opt/Xilinx/Vivado_HLS/2016.2/lib/lnx64.o/libtcl8.5.so(Tcl_FSEvalFileEx+0x1d2) [0x7f6120ecfd02]
/opt/Xilinx/Vivado_HLS/2016.2/lib/lnx64.o/libhls_main.so(ApSourceTclFile(std::string const&, char const*)+0x89) [0x7f6116178c29]
/opt/Xilinx/Vivado_HLS/2016.2/lib/lnx64.o/libhls_main.so(+0x7cc1a) [0x7f611617dc1a]
/opt/Xilinx/Vivado_HLS/2016.2/lib/lnx64.o/libhls_support.so(xpcl::TclCommand::callback(int, Tcl_Obj* const*)+0x18a) [0x7f6115ed8d0a]
/opt/Xilinx/Vivado_HLS/2016.2/lib/lnx64.o/libhls_support.so(+0x3e12f) [0x7f6115ed912f]
/opt/Xilinx/Vivado_HLS/2016.2/lib/lnx64.o/libtcl8.5.so(+0x331f5) [0x7f6120e691f5]
/opt/Xilinx/Vivado_HLS/2016.2/lib/lnx64.o/libtcl8.5.so(Tcl_EvalObjv+0x32) [0x7f6120e697e2]
/opt/Xilinx/Vivado_HLS/2016.2/lib/lnx64.o/libtcl8.5.so(TclEvalObjEx+0x322) [0x7f6120e6b5d2]
/opt/Xilinx/Vivado_HLS/2016.2/lib/lnx64.o/librdi_hlstasks.so(+0xc456) [0x7f6116497456]
/opt/Xilinx/Vivado_HLS/2016.2/lib/lnx64.o/librdi_common.so(+0x5b7707) [0x7f6125cf5707]
/opt/Xilinx/Vivado_HLS/2016.2/lib/lnx64.o/libtcl8.5.so(+0x331f5) [0x7f6120e691f5]
/opt/Xilinx/Vivado_HLS/2016.2/lib/lnx64.o/libtcl8.5.so(+0x34d6b) [0x7f6120e6ad6b]
/opt/Xilinx/Vivado_HLS/2016.2/lib/lnx64.o/libtcl8.5.so(Tcl_EvalEx+0x16) [0x7f6120e6b276]
/opt/Xilinx/Vivado_HLS/2016.2/lib/lnx64.o/libtcl8.5.so(TclEvalObjEx+0x3cf) [0x7f6120e6b67f]
/opt/Xilinx/Vivado_HLS/2016.2/lib/lnx64.o/libtcl8.5.so(+0xb736e) [0x7f6120eed36e]
/opt/Xilinx/Vivado_HLS/2016.2/lib/lnx64.o/libtcl8.5.so(+0x331f5) [0x7f6120e691f5]
/opt/Xilinx/Vivado_HLS/2016.2/lib/lnx64.o/libtcl8.5.so(+0x76bbe) [0x7f6120eacbbe]
/opt/Xilinx/Vivado_HLS/2016.2/lib/lnx64.o/libtcl8.5.so(TclObjInterpProcCore+0x2fb) [0x7f6120eedb8b]
/opt/Xilinx/Vivado_HLS/2016.2/lib/lnx64.o/libtcl8.5.so(+0x331f5) [0x7f6120e691f5]
/opt/Xilinx/Vivado_HLS/2016.2/lib/lnx64.o/libtcl8.5.so(+0x76bbe) [0x7f6120eacbbe]
/opt/Xilinx/Vivado_HLS/2016.2/lib/lnx64.o/libtcl8.5.so(+0x7e767) [0x7f6120eb4767]
/opt/Xilinx/Vivado_HLS/2016.2/lib/lnx64.o/libtcl8.5.so(TclEvalObjEx+0x77) [0x7f6120e6b327]
/opt/Xilinx/Vivado_HLS/2016.2/lib/lnx64.o/librdi_commontasks.so(+0x2a83a4) [0x7f611c6603a4]
/opt/Xilinx/Vivado_HLS/2016.2/lib/lnx64.o/libtcl8.5.so(+0x331f5) [0x7f6120e691f5]
/opt/Xilinx/Vivado_HLS/2016.2/lib/lnx64.o/libtcl8.5.so(+0x34d6b) [0x7f6120e6ad6b]
/opt/Xilinx/Vivado_HLS/2016.2/lib/lnx64.o/libtcl8.5.so(+0xad531) [0x7f6120ee3531]
/opt/Xilinx/Vivado_HLS/2016.2/lib/lnx64.o/libtcl8.5.so(+0x3491c) [0x7f6120e6a91c]
/opt/Xilinx/Vivado_HLS/2016.2/lib/lnx64.o/libtcl8.5.so(Tcl_EvalEx+0x16) [0x7f6120e6b276]
/opt/Xilinx/Vivado_HLS/2016.2/lib/lnx64.o/libtcl8.5.so(Tcl_FSEvalFileEx+0x1d2) [0x7f6120ecfd02]
/opt/Xilinx/Vivado_HLS/2016.2/lib/lnx64.o/librdi_commontasks.so(+0x2c5a32) [0x7f611c67da32]
/opt/Xilinx/Vivado_HLS/2016.2/lib/lnx64.o/librdi_common.so(+0x5b7707) [0x7f6125cf5707]
/opt/Xilinx/Vivado_HLS/2016.2/lib/lnx64.o/libtcl8.5.so(+0x331f5) [0x7f6120e691f5]
/opt/Xilinx/Vivado_HLS/2016.2/lib/lnx64.o/libtcl8.5.so(Tcl_EvalObjv+0x32) [0x7f6120e697e2]
/opt/Xilinx/Vivado_HLS/2016.2/lib/lnx64.o/libtcl8.5.so(TclEvalObjEx+0x322) [0x7f6120e6b5d2]
/opt/Xilinx/Vivado_HLS/2016.2/lib/lnx64.o/librdi_commontasks.so(+0x2e3979) [0x7f611c69b979]
/opt/Xilinx/Vivado_HLS/2016.2/lib/lnx64.o/librdi_commontasks.so(+0x2dc7c3) [0x7f611c6947c3]
/opt/Xilinx/Vivado_HLS/2016.2/lib/lnx64.o/librdi_common.so(+0x5b7707) [0x7f6125cf5707]
/opt/Xilinx/Vivado_HLS/2016.2/lib/lnx64.o/libtcl8.5.so(+0x331f5) [0x7f6120e691f5]
/opt/Xilinx/Vivado_HLS/2016.2/lib/lnx64.o/libtcl8.5.so(Tcl_EvalObjv+0x32) [0x7f6120e697e2]
/opt/Xilinx/Vivado_HLS/2016.2/lib/lnx64.o/libtcl8.5.so(TclEvalObjEx+0x322) [0x7f6120e6b5d2]
/opt/Xilinx/Vivado_HLS/2016.2/lib/lnx64.o/librdi_commonmain.so(+0x6330) [0x7f6125539330]
/opt/Xilinx/Vivado_HLS/2016.2/lib/lnx64.o/libtcl8.5.so(Tcl_Main+0x1d5) [0x7f6120ed6175]
/opt/Xilinx/Vivado_HLS/2016.2/lib/lnx64.o/librdi_common.so(+0x5f0409) [0x7f6125d2e409]
/lib/x86_64-linux-gnu/libpthread.so.0(+0x8184) [0x7f6124e05184]
/lib/x86_64-linux-gnu/libc.so.6(clone+0x6d) [0x7f6124b3237d]
