#
# An unexpected error has occurred (11)
#
Stack:
/lib/x86_64-linux-gnu/libpthread.so.0(+0x10330) [0x7f59ab988330]
/opt/Xilinx/Vivado_HLS/2016.2/lib/lnx64.o/libhls_passtransform.so(pass::ArrayPartition::handleFunction(llvm::Function*)+0x17df) [0x7f59993c00bf]
/opt/Xilinx/Vivado_HLS/2016.2/lib/lnx64.o/libhls_passtransform.so(pass::ArrayPartition::mvShlToSubFunc(llvm::Module&)+0x15c) [0x7f59993c0c0c]
/opt/Xilinx/Vivado_HLS/2016.2/lib/lnx64.o/libhls_passtransform.so(pass::ArrayPartition::doInitialization(llvm::Module&)+0x23) [0x7f59993d3103]
/opt/Xilinx/Vivado_HLS/2016.2/lib/lnx64.o/libhls_passtransform.so(pass::ArrayPartition::runOnModule(llvm::Module&)+0x45) [0x7f59993d6cb5]
/opt/Xilinx/Vivado_HLS/2016.2/lib/lnx64.o/libLLVM-3.1.so(llvm::MPPassManager::runOnModule(llvm::Module&)+0x16e) [0x7f599bc3dafe]
/opt/Xilinx/Vivado_HLS/2016.2/lib/lnx64.o/libLLVM-3.1.so(llvm::PassManagerImpl::run(llvm::Module&)+0x89) [0x7f599bc3dc79]
/opt/Xilinx/Vivado_HLS/2016.2/lib/lnx64.o/libhls_main.so(+0xc1f5c) [0x7f599ce1df5c]
/opt/Xilinx/Vivado_HLS/2016.2/lib/lnx64.o/libhls_support.so(xpcl::TclCommand::callback(int, Tcl_Obj* const*)+0xd3) [0x7f599cb33c53]
/opt/Xilinx/Vivado_HLS/2016.2/lib/lnx64.o/libhls_support.so(+0x3e12f) [0x7f599cb3412f]
/opt/Xilinx/Vivado_HLS/2016.2/lib/lnx64.o/libtcl8.5.so(+0x331f5) [0x7f59a79e41f5]
/opt/Xilinx/Vivado_HLS/2016.2/lib/lnx64.o/libtcl8.5.so(+0x34d6b) [0x7f59a79e5d6b]
/opt/Xilinx/Vivado_HLS/2016.2/lib/lnx64.o/libtcl8.5.so(Tcl_EvalEx+0x16) [0x7f59a79e6276]
/opt/Xilinx/Vivado_HLS/2016.2/lib/lnx64.o/libtcl8.5.so(TclEvalObjEx+0x213) [0x7f59a79e64c3]
/opt/Xilinx/Vivado_HLS/2016.2/lib/lnx64.o/libtcl8.5.so(+0x3b745) [0x7f59a79ec745]
/opt/Xilinx/Vivado_HLS/2016.2/lib/lnx64.o/libtcl8.5.so(+0x331f5) [0x7f59a79e41f5]
/opt/Xilinx/Vivado_HLS/2016.2/lib/lnx64.o/libtcl8.5.so(+0x76bbe) [0x7f59a7a27bbe]
/opt/Xilinx/Vivado_HLS/2016.2/lib/lnx64.o/libtcl8.5.so(+0x7e767) [0x7f59a7a2f767]
/opt/Xilinx/Vivado_HLS/2016.2/lib/lnx64.o/libtcl8.5.so(TclEvalObjEx+0x77) [0x7f59a79e6327]
/opt/Xilinx/Vivado_HLS/2016.2/lib/lnx64.o/librdi_commontasks.so(+0x2a8307) [0x7f599f137307]
/opt/Xilinx/Vivado_HLS/2016.2/lib/lnx64.o/libtcl8.5.so(+0x331f5) [0x7f59a79e41f5]
/opt/Xilinx/Vivado_HLS/2016.2/lib/lnx64.o/libtcl8.5.so(+0x76bbe) [0x7f59a7a27bbe]
/opt/Xilinx/Vivado_HLS/2016.2/lib/lnx64.o/libtcl8.5.so(+0x7e767) [0x7f59a7a2f767]
/opt/Xilinx/Vivado_HLS/2016.2/lib/lnx64.o/libtcl8.5.so(TclEvalObjEx+0x77) [0x7f59a79e6327]
/opt/Xilinx/Vivado_HLS/2016.2/lib/lnx64.o/libtcl8.5.so(+0x46cd5) [0x7f59a79f7cd5]
/opt/Xilinx/Vivado_HLS/2016.2/lib/lnx64.o/libtcl8.5.so(+0x331f5) [0x7f59a79e41f5]
/opt/Xilinx/Vivado_HLS/2016.2/lib/lnx64.o/libtcl8.5.so(+0x76bbe) [0x7f59a7a27bbe]
/opt/Xilinx/Vivado_HLS/2016.2/lib/lnx64.o/libtcl8.5.so(TclObjInterpProcCore+0x2fb) [0x7f59a7a68b8b]
/opt/Xilinx/Vivado_HLS/2016.2/lib/lnx64.o/libtcl8.5.so(+0x331f5) [0x7f59a79e41f5]
/opt/Xilinx/Vivado_HLS/2016.2/lib/lnx64.o/libtcl8.5.so(+0x76bbe) [0x7f59a7a27bbe]
/opt/Xilinx/Vivado_HLS/2016.2/lib/lnx64.o/libtcl8.5.so(+0x7e767) [0x7f59a7a2f767]
/opt/Xilinx/Vivado_HLS/2016.2/lib/lnx64.o/libtcl8.5.so(TclEvalObjEx+0x77) [0x7f59a79e6327]
/opt/Xilinx/Vivado_HLS/2016.2/lib/lnx64.o/librdi_commontasks.so(+0x2a8307) [0x7f599f137307]
/opt/Xilinx/Vivado_HLS/2016.2/lib/lnx64.o/libtcl8.5.so(+0x331f5) [0x7f59a79e41f5]
/opt/Xilinx/Vivado_HLS/2016.2/lib/lnx64.o/libtcl8.5.so(+0x76bbe) [0x7f59a7a27bbe]
/opt/Xilinx/Vivado_HLS/2016.2/lib/lnx64.o/libtcl8.5.so(TclObjInterpProcCore+0x2fb) [0x7f59a7a68b8b]
/opt/Xilinx/Vivado_HLS/2016.2/lib/lnx64.o/libtcl8.5.so(+0x331f5) [0x7f59a79e41f5]
/opt/Xilinx/Vivado_HLS/2016.2/lib/lnx64.o/libtcl8.5.so(+0x76bbe) [0x7f59a7a27bbe]
/opt/Xilinx/Vivado_HLS/2016.2/lib/lnx64.o/libtcl8.5.so(TclObjInterpProcCore+0x2fb) [0x7f59a7a68b8b]
/opt/Xilinx/Vivado_HLS/2016.2/lib/lnx64.o/libtcl8.5.so(+0x331f5) [0x7f59a79e41f5]
/opt/Xilinx/Vivado_HLS/2016.2/lib/lnx64.o/libtcl8.5.so(+0x76bbe) [0x7f59a7a27bbe]
/opt/Xilinx/Vivado_HLS/2016.2/lib/lnx64.o/libtcl8.5.so(+0x7e767) [0x7f59a7a2f767]
/opt/Xilinx/Vivado_HLS/2016.2/lib/lnx64.o/libtcl8.5.so(TclEvalObjEx+0x77) [0x7f59a79e6327]
/opt/Xilinx/Vivado_HLS/2016.2/lib/lnx64.o/librdi_commontasks.so(+0x2a8307) [0x7f599f137307]
/opt/Xilinx/Vivado_HLS/2016.2/lib/lnx64.o/libtcl8.5.so(+0x331f5) [0x7f59a79e41f5]
/opt/Xilinx/Vivado_HLS/2016.2/lib/lnx64.o/libtcl8.5.so(+0x34d6b) [0x7f59a79e5d6b]
/opt/Xilinx/Vivado_HLS/2016.2/lib/lnx64.o/libtcl8.5.so(+0xad531) [0x7f59a7a5e531]
/opt/Xilinx/Vivado_HLS/2016.2/lib/lnx64.o/libtcl8.5.so(+0x3491c) [0x7f59a79e591c]
/opt/Xilinx/Vivado_HLS/2016.2/lib/lnx64.o/libtcl8.5.so(Tcl_EvalEx+0x16) [0x7f59a79e6276]
/opt/Xilinx/Vivado_HLS/2016.2/lib/lnx64.o/libtcl8.5.so(Tcl_Eval+0x15) [0x7f59a79e6295]
/opt/Xilinx/Vivado_HLS/2016.2/lib/lnx64.o/libhls_main.so(+0x7d3f6) [0x7f599cdd93f6]
/opt/Xilinx/Vivado_HLS/2016.2/lib/lnx64.o/libhls_support.so(xpcl::TclCommand::callback(int, Tcl_Obj* const*)+0x18a) [0x7f599cb33d0a]
/opt/Xilinx/Vivado_HLS/2016.2/lib/lnx64.o/libhls_support.so(+0x3e12f) [0x7f599cb3412f]
/opt/Xilinx/Vivado_HLS/2016.2/lib/lnx64.o/libtcl8.5.so(+0x331f5) [0x7f59a79e41f5]
/opt/Xilinx/Vivado_HLS/2016.2/lib/lnx64.o/libtcl8.5.so(+0x76bbe) [0x7f59a7a27bbe]
/opt/Xilinx/Vivado_HLS/2016.2/lib/lnx64.o/libtcl8.5.so(TclObjInterpProcCore+0x2fb) [0x7f59a7a68b8b]
/opt/Xilinx/Vivado_HLS/2016.2/lib/lnx64.o/libtcl8.5.so(+0x331f5) [0x7f59a79e41f5]
/opt/Xilinx/Vivado_HLS/2016.2/lib/lnx64.o/libtcl8.5.so(+0x76bbe) [0x7f59a7a27bbe]
/opt/Xilinx/Vivado_HLS/2016.2/lib/lnx64.o/libtcl8.5.so(+0x7e767) [0x7f59a7a2f767]
/opt/Xilinx/Vivado_HLS/2016.2/lib/lnx64.o/libtcl8.5.so(TclEvalObjEx+0x77) [0x7f59a79e6327]
/opt/Xilinx/Vivado_HLS/2016.2/lib/lnx64.o/librdi_commontasks.so(+0x2a8307) [0x7f599f137307]
/opt/Xilinx/Vivado_HLS/2016.2/lib/lnx64.o/libtcl8.5.so(+0x331f5) [0x7f59a79e41f5]
/opt/Xilinx/Vivado_HLS/2016.2/lib/lnx64.o/libtcl8.5.so(+0x34d6b) [0x7f59a79e5d6b]
/opt/Xilinx/Vivado_HLS/2016.2/lib/lnx64.o/libtcl8.5.so(+0xad531) [0x7f59a7a5e531]
/opt/Xilinx/Vivado_HLS/2016.2/lib/lnx64.o/libtcl8.5.so(+0x3491c) [0x7f59a79e591c]
/opt/Xilinx/Vivado_HLS/2016.2/lib/lnx64.o/libtcl8.5.so(Tcl_EvalEx+0x16) [0x7f59a79e6276]
/opt/Xilinx/Vivado_HLS/2016.2/lib/lnx64.o/libtcl8.5.so(Tcl_Eval+0x15) [0x7f59a79e6295]
/opt/Xilinx/Vivado_HLS/2016.2/lib/lnx64.o/libhls_main.so(+0x7d3f6) [0x7f599cdd93f6]
/opt/Xilinx/Vivado_HLS/2016.2/lib/lnx64.o/libhls_support.so(xpcl::TclCommand::callback(int, Tcl_Obj* const*)+0x18a) [0x7f599cb33d0a]
/opt/Xilinx/Vivado_HLS/2016.2/lib/lnx64.o/libhls_support.so(+0x3e12f) [0x7f599cb3412f]
/opt/Xilinx/Vivado_HLS/2016.2/lib/lnx64.o/libtcl8.5.so(+0x331f5) [0x7f59a79e41f5]
/opt/Xilinx/Vivado_HLS/2016.2/lib/lnx64.o/libtcl8.5.so(+0x76bbe) [0x7f59a7a27bbe]
/opt/Xilinx/Vivado_HLS/2016.2/lib/lnx64.o/libtcl8.5.so(TclObjInterpProcCore+0x2fb) [0x7f59a7a68b8b]
/opt/Xilinx/Vivado_HLS/2016.2/lib/lnx64.o/libtcl8.5.so(+0x331f5) [0x7f59a79e41f5]
/opt/Xilinx/Vivado_HLS/2016.2/lib/lnx64.o/libtcl8.5.so(+0x76bbe) [0x7f59a7a27bbe]
/opt/Xilinx/Vivado_HLS/2016.2/lib/lnx64.o/libtcl8.5.so(+0x7e767) [0x7f59a7a2f767]
/opt/Xilinx/Vivado_HLS/2016.2/lib/lnx64.o/libtcl8.5.so(TclEvalObjEx+0x77) [0x7f59a79e6327]
/opt/Xilinx/Vivado_HLS/2016.2/lib/lnx64.o/librdi_commontasks.so(+0x2a8307) [0x7f599f137307]
/opt/Xilinx/Vivado_HLS/2016.2/lib/lnx64.o/libtcl8.5.so(+0x331f5) [0x7f59a79e41f5]
/opt/Xilinx/Vivado_HLS/2016.2/lib/lnx64.o/libtcl8.5.so(+0x34d6b) [0x7f59a79e5d6b]
/opt/Xilinx/Vivado_HLS/2016.2/lib/lnx64.o/libtcl8.5.so(+0xad531) [0x7f59a7a5e531]
/opt/Xilinx/Vivado_HLS/2016.2/lib/lnx64.o/libtcl8.5.so(+0x3491c) [0x7f59a79e591c]
/opt/Xilinx/Vivado_HLS/2016.2/lib/lnx64.o/libtcl8.5.so(Tcl_EvalEx+0x16) [0x7f59a79e6276]
/opt/Xilinx/Vivado_HLS/2016.2/lib/lnx64.o/libtcl8.5.so(Tcl_Eval+0x15) [0x7f59a79e6295]
/opt/Xilinx/Vivado_HLS/2016.2/lib/lnx64.o/libhls_main.so(+0x7d3f6) [0x7f599cdd93f6]
/opt/Xilinx/Vivado_HLS/2016.2/lib/lnx64.o/libhls_support.so(xpcl::TclCommand::callback(int, Tcl_Obj* const*)+0x18a) [0x7f599cb33d0a]
/opt/Xilinx/Vivado_HLS/2016.2/lib/lnx64.o/libhls_support.so(+0x3e12f) [0x7f599cb3412f]
/opt/Xilinx/Vivado_HLS/2016.2/lib/lnx64.o/libtcl8.5.so(+0x331f5) [0x7f59a79e41f5]
/opt/Xilinx/Vivado_HLS/2016.2/lib/lnx64.o/libtcl8.5.so(+0x34d6b) [0x7f59a79e5d6b]
/opt/Xilinx/Vivado_HLS/2016.2/lib/lnx64.o/libtcl8.5.so(Tcl_EvalEx+0x16) [0x7f59a79e6276]
/opt/Xilinx/Vivado_HLS/2016.2/lib/lnx64.o/libtcl8.5.so(Tcl_FSEvalFileEx+0x1d2) [0x7f59a7a4ad02]
/opt/Xilinx/Vivado_HLS/2016.2/lib/lnx64.o/libhls_main.so(ApSourceTclFile(std::string const&, char const*)+0x89) [0x7f599cdd3c29]
/opt/Xilinx/Vivado_HLS/2016.2/lib/lnx64.o/libhls_main.so(+0x7cc1a) [0x7f599cdd8c1a]
/opt/Xilinx/Vivado_HLS/2016.2/lib/lnx64.o/libhls_support.so(xpcl::TclCommand::callback(int, Tcl_Obj* const*)+0x18a) [0x7f599cb33d0a]
/opt/Xilinx/Vivado_HLS/2016.2/lib/lnx64.o/libhls_support.so(+0x3e12f) [0x7f599cb3412f]
/opt/Xilinx/Vivado_HLS/2016.2/lib/lnx64.o/libtcl8.5.so(+0x331f5) [0x7f59a79e41f5]
/opt/Xilinx/Vivado_HLS/2016.2/lib/lnx64.o/libtcl8.5.so(Tcl_EvalObjv+0x32) [0x7f59a79e47e2]
/opt/Xilinx/Vivado_HLS/2016.2/lib/lnx64.o/libtcl8.5.so(TclEvalObjEx+0x322) [0x7f59a79e65d2]
/opt/Xilinx/Vivado_HLS/2016.2/lib/lnx64.o/librdi_hlstasks.so(+0xc456) [0x7f599d0f2456]
/opt/Xilinx/Vivado_HLS/2016.2/lib/lnx64.o/librdi_common.so(+0x5b7707) [0x7f59ac870707]
/opt/Xilinx/Vivado_HLS/2016.2/lib/lnx64.o/libtcl8.5.so(+0x331f5) [0x7f59a79e41f5]
/opt/Xilinx/Vivado_HLS/2016.2/lib/lnx64.o/libtcl8.5.so(+0x34d6b) [0x7f59a79e5d6b]
/opt/Xilinx/Vivado_HLS/2016.2/lib/lnx64.o/libtcl8.5.so(Tcl_EvalEx+0x16) [0x7f59a79e6276]
/opt/Xilinx/Vivado_HLS/2016.2/lib/lnx64.o/libtcl8.5.so(TclEvalObjEx+0x3cf) [0x7f59a79e667f]
/opt/Xilinx/Vivado_HLS/2016.2/lib/lnx64.o/libtcl8.5.so(+0xb736e) [0x7f59a7a6836e]
/opt/Xilinx/Vivado_HLS/2016.2/lib/lnx64.o/libtcl8.5.so(+0x331f5) [0x7f59a79e41f5]
/opt/Xilinx/Vivado_HLS/2016.2/lib/lnx64.o/libtcl8.5.so(+0x76bbe) [0x7f59a7a27bbe]
/opt/Xilinx/Vivado_HLS/2016.2/lib/lnx64.o/libtcl8.5.so(TclObjInterpProcCore+0x2fb) [0x7f59a7a68b8b]
/opt/Xilinx/Vivado_HLS/2016.2/lib/lnx64.o/libtcl8.5.so(+0x331f5) [0x7f59a79e41f5]
/opt/Xilinx/Vivado_HLS/2016.2/lib/lnx64.o/libtcl8.5.so(+0x76bbe) [0x7f59a7a27bbe]
/opt/Xilinx/Vivado_HLS/2016.2/lib/lnx64.o/libtcl8.5.so(+0x7e767) [0x7f59a7a2f767]
/opt/Xilinx/Vivado_HLS/2016.2/lib/lnx64.o/libtcl8.5.so(TclEvalObjEx+0x77) [0x7f59a79e6327]
/opt/Xilinx/Vivado_HLS/2016.2/lib/lnx64.o/librdi_commontasks.so(+0x2a83a4) [0x7f599f1373a4]
/opt/Xilinx/Vivado_HLS/2016.2/lib/lnx64.o/libtcl8.5.so(+0x331f5) [0x7f59a79e41f5]
/opt/Xilinx/Vivado_HLS/2016.2/lib/lnx64.o/libtcl8.5.so(+0x34d6b) [0x7f59a79e5d6b]
/opt/Xilinx/Vivado_HLS/2016.2/lib/lnx64.o/libtcl8.5.so(+0xad531) [0x7f59a7a5e531]
/opt/Xilinx/Vivado_HLS/2016.2/lib/lnx64.o/libtcl8.5.so(+0x3491c) [0x7f59a79e591c]
/opt/Xilinx/Vivado_HLS/2016.2/lib/lnx64.o/libtcl8.5.so(Tcl_EvalEx+0x16) [0x7f59a79e6276]
/opt/Xilinx/Vivado_HLS/2016.2/lib/lnx64.o/libtcl8.5.so(Tcl_FSEvalFileEx+0x1d2) [0x7f59a7a4ad02]
/opt/Xilinx/Vivado_HLS/2016.2/lib/lnx64.o/librdi_commontasks.so(+0x2c5a32) [0x7f599f154a32]
/opt/Xilinx/Vivado_HLS/2016.2/lib/lnx64.o/librdi_common.so(+0x5b7707) [0x7f59ac870707]
/opt/Xilinx/Vivado_HLS/2016.2/lib/lnx64.o/libtcl8.5.so(+0x331f5) [0x7f59a79e41f5]
/opt/Xilinx/Vivado_HLS/2016.2/lib/lnx64.o/libtcl8.5.so(Tcl_EvalObjv+0x32) [0x7f59a79e47e2]
/opt/Xilinx/Vivado_HLS/2016.2/lib/lnx64.o/libtcl8.5.so(TclEvalObjEx+0x322) [0x7f59a79e65d2]
/opt/Xilinx/Vivado_HLS/2016.2/lib/lnx64.o/librdi_commontasks.so(+0x2e3979) [0x7f599f172979]
/opt/Xilinx/Vivado_HLS/2016.2/lib/lnx64.o/librdi_commontasks.so(+0x2dc7c3) [0x7f599f16b7c3]
/opt/Xilinx/Vivado_HLS/2016.2/lib/lnx64.o/librdi_common.so(+0x5b7707) [0x7f59ac870707]
/opt/Xilinx/Vivado_HLS/2016.2/lib/lnx64.o/libtcl8.5.so(+0x331f5) [0x7f59a79e41f5]
/opt/Xilinx/Vivado_HLS/2016.2/lib/lnx64.o/libtcl8.5.so(Tcl_EvalObjv+0x32) [0x7f59a79e47e2]
/opt/Xilinx/Vivado_HLS/2016.2/lib/lnx64.o/libtcl8.5.so(TclEvalObjEx+0x322) [0x7f59a79e65d2]
/opt/Xilinx/Vivado_HLS/2016.2/lib/lnx64.o/librdi_commonmain.so(+0x6330) [0x7f59ac0b4330]
/opt/Xilinx/Vivado_HLS/2016.2/lib/lnx64.o/libtcl8.5.so(Tcl_Main+0x1d5) [0x7f59a7a51175]
/opt/Xilinx/Vivado_HLS/2016.2/lib/lnx64.o/librdi_common.so(+0x5f0409) [0x7f59ac8a9409]
/lib/x86_64-linux-gnu/libpthread.so.0(+0x8184) [0x7f59ab980184]
/lib/x86_64-linux-gnu/libc.so.6(clone+0x6d) [0x7f59ab6ad37d]
