

================================================================
== Vivado HLS Report for 'dedupDriver'
================================================================
* Date:           Thu Dec  1 21:05:26 2016

* Version:        2016.2 (Build 1577090 on Thu Jun 02 16:59:10 MDT 2016)
* Project:        DedupHWMod_HLS
* Solution:       Dedup
* Product family: zynq
* Target device:  xc7z020clg484-1


================================================================
== Performance Estimates
================================================================
+ Timing (ns): 
    * Summary: 
    +--------+-------+----------+------------+
    |  Clock | Target| Estimated| Uncertainty|
    +--------+-------+----------+------------+
    |ap_clk  |  10.00|      8.52|        1.25|
    +--------+-------+----------+------------+

+ Latency (clock cycles): 
    * Summary: 
    +-------+-------+-------+-------+---------+
    |    Latency    |    Interval   | Pipeline|
    |  min  |  max  |  min  |  max  |   Type  |
    +-------+-------+-------+-------+---------+
    |  16938|  49488|  16939|  49489|   none  |
    +-------+-------+-------+-------+---------+

    + Detail: 
        * Instance: 
        N/A

        * Loop: 
        +------------------+------+-------+----------+-----------+-----------+------+----------+
        |                  |    Latency   | Iteration|  Initiation Interval  | Trip |          |
        |     Loop Name    |  min |  max  |  Latency |  achieved |   target  | Count| Pipelined|
        +------------------+------+-------+----------+-----------+-----------+------+----------+
        |- memset_indices  |     6|      6|         1|          -|          -|     7|    no    |
        |- readStream      |  8192|   8192|         1|          1|          1|  8192|    yes   |
        |- Loop 3          |    21|  32571| 3 ~ 4653 |          -|          -|     7|    no    |
        +------------------+------+-------+----------+-----------+-----------+------+----------+

============================================================
+ Verbose Summary: Synthesis Manager
============================================================
InlineROM: 1
ExposeGlobal: 0
============================================================
+ Verbose Summary: CDFG Model
============================================================
IsTopModel: 1
ResetActiveHigh: 1
IsCombinational: 0
IsDatapathOnly: 0
HasWiredReturn: 1
HasMFsm: 0
HasVarLatency: 1
IsPipeline: 0
IsRtlPipelined: 0
IsInstanceOverlapped: 0
IsDontTouch: 0
HasImplIP: 0
IsGatedGlobalClock: 0

+ Individual pipeline summary: 
  * Pipeline-0: initiation interval (II) = 1, depth = 1


============================================================
+ Verbose Summary: Schedule
============================================================
* Number of FSM states: 9
* Pipeline: 1
  Pipeline-0: II = 1, D = 1, States = { 3 }
* Dataflow Pipeline: 0

* FSM state transitions: 
1 --> 
	2  / true
2 --> 
	2  / (!tmp_s)
	3  / (tmp_s)
3 --> 
	4  / (exitcond1)
	3  / (!exitcond1)
4 --> 
	5  / true
5 --> 
	6  / true
6 --> 
	7  / (!exitcond)
7 --> 
	8  / (!tmp_36)
	9  / (tmp_36)
8 --> 
	9  / true
9 --> 
	6  / true
* FSM state operations: 

 <State 1>: 1.57ns
ST_1: stg_10 [1/1] 0.00ns
:0  call void (...)* @_ssdm_op_SpecBitsMap(i64* %outputData_V_data), !map !47

ST_1: stg_11 [1/1] 0.00ns
:1  call void (...)* @_ssdm_op_SpecBitsMap(i8* %inputData_V), !map !54

ST_1: stg_12 [1/1] 0.00ns
:2  call void (...)* @_ssdm_op_SpecBitsMap(i1* %outputData_V_last_V), !map !58

ST_1: stg_13 [1/1] 0.00ns
:3  call void (...)* @_ssdm_op_SpecTopModule([12 x i8]* @dedupDriver_str) nounwind

ST_1: buffer_0 [1/1] 0.00ns
:4  %buffer_0 = alloca [64 x i8], align 1

ST_1: buffer_1 [1/1] 0.00ns
:5  %buffer_1 = alloca [64 x i8], align 1

ST_1: buffer_2 [1/1] 0.00ns
:6  %buffer_2 = alloca [64 x i8], align 1

ST_1: buffer_3 [1/1] 0.00ns
:7  %buffer_3 = alloca [64 x i8], align 1

ST_1: buffer_4 [1/1] 0.00ns
:8  %buffer_4 = alloca [64 x i8], align 1

ST_1: buffer_5 [1/1] 0.00ns
:9  %buffer_5 = alloca [64 x i8], align 1

ST_1: buffer_6 [1/1] 0.00ns
:10  %buffer_6 = alloca [64 x i8], align 1

ST_1: buffer_7 [1/1] 0.00ns
:11  %buffer_7 = alloca [64 x i8], align 1

ST_1: buffer_8 [1/1] 0.00ns
:12  %buffer_8 = alloca [64 x i8], align 1

ST_1: buffer_9 [1/1] 0.00ns
:13  %buffer_9 = alloca [64 x i8], align 1

ST_1: buffer_10 [1/1] 0.00ns
:14  %buffer_10 = alloca [64 x i8], align 1

ST_1: buffer_11 [1/1] 0.00ns
:15  %buffer_11 = alloca [64 x i8], align 1

ST_1: buffer_12 [1/1] 0.00ns
:16  %buffer_12 = alloca [64 x i8], align 1

ST_1: buffer_13 [1/1] 0.00ns
:17  %buffer_13 = alloca [64 x i8], align 1

ST_1: buffer_14 [1/1] 0.00ns
:18  %buffer_14 = alloca [64 x i8], align 1

ST_1: buffer_15 [1/1] 0.00ns
:19  %buffer_15 = alloca [64 x i8], align 1

ST_1: buffer_16 [1/1] 0.00ns
:20  %buffer_16 = alloca [64 x i8], align 1

ST_1: buffer_17 [1/1] 0.00ns
:21  %buffer_17 = alloca [64 x i8], align 1

ST_1: buffer_18 [1/1] 0.00ns
:22  %buffer_18 = alloca [64 x i8], align 1

ST_1: buffer_19 [1/1] 0.00ns
:23  %buffer_19 = alloca [64 x i8], align 1

ST_1: buffer_20 [1/1] 0.00ns
:24  %buffer_20 = alloca [64 x i8], align 1

ST_1: buffer_21 [1/1] 0.00ns
:25  %buffer_21 = alloca [64 x i8], align 1

ST_1: buffer_22 [1/1] 0.00ns
:26  %buffer_22 = alloca [64 x i8], align 1

ST_1: buffer_23 [1/1] 0.00ns
:27  %buffer_23 = alloca [64 x i8], align 1

ST_1: buffer_24 [1/1] 0.00ns
:28  %buffer_24 = alloca [64 x i8], align 1

ST_1: buffer_25 [1/1] 0.00ns
:29  %buffer_25 = alloca [64 x i8], align 1

ST_1: buffer_26 [1/1] 0.00ns
:30  %buffer_26 = alloca [64 x i8], align 1

ST_1: buffer_27 [1/1] 0.00ns
:31  %buffer_27 = alloca [64 x i8], align 1

ST_1: buffer_28 [1/1] 0.00ns
:32  %buffer_28 = alloca [64 x i8], align 1

ST_1: buffer_29 [1/1] 0.00ns
:33  %buffer_29 = alloca [64 x i8], align 1

ST_1: buffer_30 [1/1] 0.00ns
:34  %buffer_30 = alloca [64 x i8], align 1

ST_1: buffer_31 [1/1] 0.00ns
:35  %buffer_31 = alloca [64 x i8], align 1

ST_1: buffer_32 [1/1] 0.00ns
:36  %buffer_32 = alloca [64 x i8], align 1

ST_1: buffer_33 [1/1] 0.00ns
:37  %buffer_33 = alloca [64 x i8], align 1

ST_1: buffer_34 [1/1] 0.00ns
:38  %buffer_34 = alloca [64 x i8], align 1

ST_1: buffer_35 [1/1] 0.00ns
:39  %buffer_35 = alloca [64 x i8], align 1

ST_1: buffer_36 [1/1] 0.00ns
:40  %buffer_36 = alloca [64 x i8], align 1

ST_1: buffer_37 [1/1] 0.00ns
:41  %buffer_37 = alloca [64 x i8], align 1

ST_1: buffer_38 [1/1] 0.00ns
:42  %buffer_38 = alloca [64 x i8], align 1

ST_1: buffer_39 [1/1] 0.00ns
:43  %buffer_39 = alloca [64 x i8], align 1

ST_1: buffer_40 [1/1] 0.00ns
:44  %buffer_40 = alloca [64 x i8], align 1

ST_1: buffer_41 [1/1] 0.00ns
:45  %buffer_41 = alloca [64 x i8], align 1

ST_1: buffer_42 [1/1] 0.00ns
:46  %buffer_42 = alloca [64 x i8], align 1

ST_1: buffer_43 [1/1] 0.00ns
:47  %buffer_43 = alloca [64 x i8], align 1

ST_1: buffer_44 [1/1] 0.00ns
:48  %buffer_44 = alloca [64 x i8], align 1

ST_1: buffer_45 [1/1] 0.00ns
:49  %buffer_45 = alloca [64 x i8], align 1

ST_1: buffer_46 [1/1] 0.00ns
:50  %buffer_46 = alloca [64 x i8], align 1

ST_1: buffer_47 [1/1] 0.00ns
:51  %buffer_47 = alloca [64 x i8], align 1

ST_1: buffer_48 [1/1] 0.00ns
:52  %buffer_48 = alloca [64 x i8], align 1

ST_1: buffer_49 [1/1] 0.00ns
:53  %buffer_49 = alloca [64 x i8], align 1

ST_1: buffer_50 [1/1] 0.00ns
:54  %buffer_50 = alloca [64 x i8], align 1

ST_1: buffer_51 [1/1] 0.00ns
:55  %buffer_51 = alloca [64 x i8], align 1

ST_1: buffer_52 [1/1] 0.00ns
:56  %buffer_52 = alloca [64 x i8], align 1

ST_1: buffer_53 [1/1] 0.00ns
:57  %buffer_53 = alloca [64 x i8], align 1

ST_1: buffer_54 [1/1] 0.00ns
:58  %buffer_54 = alloca [64 x i8], align 1

ST_1: buffer_55 [1/1] 0.00ns
:59  %buffer_55 = alloca [64 x i8], align 1

ST_1: buffer_56 [1/1] 0.00ns
:60  %buffer_56 = alloca [64 x i8], align 1

ST_1: buffer_57 [1/1] 0.00ns
:61  %buffer_57 = alloca [64 x i8], align 1

ST_1: buffer_58 [1/1] 0.00ns
:62  %buffer_58 = alloca [64 x i8], align 1

ST_1: buffer_59 [1/1] 0.00ns
:63  %buffer_59 = alloca [64 x i8], align 1

ST_1: buffer_60 [1/1] 0.00ns
:64  %buffer_60 = alloca [64 x i8], align 1

ST_1: buffer_61 [1/1] 0.00ns
:65  %buffer_61 = alloca [64 x i8], align 1

ST_1: buffer_62 [1/1] 0.00ns
:66  %buffer_62 = alloca [64 x i8], align 1

ST_1: buffer_63 [1/1] 0.00ns
:67  %buffer_63 = alloca [64 x i8], align 1

ST_1: buffer_64 [1/1] 0.00ns
:68  %buffer_64 = alloca [64 x i8], align 1

ST_1: buffer_65 [1/1] 0.00ns
:69  %buffer_65 = alloca [64 x i8], align 1

ST_1: buffer_66 [1/1] 0.00ns
:70  %buffer_66 = alloca [64 x i8], align 1

ST_1: buffer_67 [1/1] 0.00ns
:71  %buffer_67 = alloca [64 x i8], align 1

ST_1: buffer_68 [1/1] 0.00ns
:72  %buffer_68 = alloca [64 x i8], align 1

ST_1: buffer_69 [1/1] 0.00ns
:73  %buffer_69 = alloca [64 x i8], align 1

ST_1: buffer_70 [1/1] 0.00ns
:74  %buffer_70 = alloca [64 x i8], align 1

ST_1: buffer_71 [1/1] 0.00ns
:75  %buffer_71 = alloca [64 x i8], align 1

ST_1: buffer_72 [1/1] 0.00ns
:76  %buffer_72 = alloca [64 x i8], align 1

ST_1: buffer_73 [1/1] 0.00ns
:77  %buffer_73 = alloca [64 x i8], align 1

ST_1: buffer_74 [1/1] 0.00ns
:78  %buffer_74 = alloca [64 x i8], align 1

ST_1: buffer_75 [1/1] 0.00ns
:79  %buffer_75 = alloca [64 x i8], align 1

ST_1: buffer_76 [1/1] 0.00ns
:80  %buffer_76 = alloca [64 x i8], align 1

ST_1: buffer_77 [1/1] 0.00ns
:81  %buffer_77 = alloca [64 x i8], align 1

ST_1: buffer_78 [1/1] 0.00ns
:82  %buffer_78 = alloca [64 x i8], align 1

ST_1: buffer_79 [1/1] 0.00ns
:83  %buffer_79 = alloca [64 x i8], align 1

ST_1: buffer_80 [1/1] 0.00ns
:84  %buffer_80 = alloca [64 x i8], align 1

ST_1: buffer_81 [1/1] 0.00ns
:85  %buffer_81 = alloca [64 x i8], align 1

ST_1: buffer_82 [1/1] 0.00ns
:86  %buffer_82 = alloca [64 x i8], align 1

ST_1: buffer_83 [1/1] 0.00ns
:87  %buffer_83 = alloca [64 x i8], align 1

ST_1: buffer_84 [1/1] 0.00ns
:88  %buffer_84 = alloca [64 x i8], align 1

ST_1: buffer_85 [1/1] 0.00ns
:89  %buffer_85 = alloca [64 x i8], align 1

ST_1: buffer_86 [1/1] 0.00ns
:90  %buffer_86 = alloca [64 x i8], align 1

ST_1: buffer_87 [1/1] 0.00ns
:91  %buffer_87 = alloca [64 x i8], align 1

ST_1: buffer_88 [1/1] 0.00ns
:92  %buffer_88 = alloca [64 x i8], align 1

ST_1: buffer_89 [1/1] 0.00ns
:93  %buffer_89 = alloca [64 x i8], align 1

ST_1: buffer_90 [1/1] 0.00ns
:94  %buffer_90 = alloca [64 x i8], align 1

ST_1: buffer_91 [1/1] 0.00ns
:95  %buffer_91 = alloca [64 x i8], align 1

ST_1: buffer_92 [1/1] 0.00ns
:96  %buffer_92 = alloca [64 x i8], align 1

ST_1: buffer_93 [1/1] 0.00ns
:97  %buffer_93 = alloca [64 x i8], align 1

ST_1: buffer_94 [1/1] 0.00ns
:98  %buffer_94 = alloca [64 x i8], align 1

ST_1: buffer_95 [1/1] 0.00ns
:99  %buffer_95 = alloca [64 x i8], align 1

ST_1: buffer_96 [1/1] 0.00ns
:100  %buffer_96 = alloca [64 x i8], align 1

ST_1: buffer_97 [1/1] 0.00ns
:101  %buffer_97 = alloca [64 x i8], align 1

ST_1: buffer_98 [1/1] 0.00ns
:102  %buffer_98 = alloca [64 x i8], align 1

ST_1: buffer_99 [1/1] 0.00ns
:103  %buffer_99 = alloca [64 x i8], align 1

ST_1: buffer_100 [1/1] 0.00ns
:104  %buffer_100 = alloca [64 x i8], align 1

ST_1: buffer_101 [1/1] 0.00ns
:105  %buffer_101 = alloca [64 x i8], align 1

ST_1: buffer_102 [1/1] 0.00ns
:106  %buffer_102 = alloca [64 x i8], align 1

ST_1: buffer_103 [1/1] 0.00ns
:107  %buffer_103 = alloca [64 x i8], align 1

ST_1: buffer_104 [1/1] 0.00ns
:108  %buffer_104 = alloca [64 x i8], align 1

ST_1: buffer_105 [1/1] 0.00ns
:109  %buffer_105 = alloca [64 x i8], align 1

ST_1: buffer_106 [1/1] 0.00ns
:110  %buffer_106 = alloca [64 x i8], align 1

ST_1: buffer_107 [1/1] 0.00ns
:111  %buffer_107 = alloca [64 x i8], align 1

ST_1: buffer_108 [1/1] 0.00ns
:112  %buffer_108 = alloca [64 x i8], align 1

ST_1: buffer_109 [1/1] 0.00ns
:113  %buffer_109 = alloca [64 x i8], align 1

ST_1: buffer_110 [1/1] 0.00ns
:114  %buffer_110 = alloca [64 x i8], align 1

ST_1: buffer_111 [1/1] 0.00ns
:115  %buffer_111 = alloca [64 x i8], align 1

ST_1: buffer_112 [1/1] 0.00ns
:116  %buffer_112 = alloca [64 x i8], align 1

ST_1: buffer_113 [1/1] 0.00ns
:117  %buffer_113 = alloca [64 x i8], align 1

ST_1: buffer_114 [1/1] 0.00ns
:118  %buffer_114 = alloca [64 x i8], align 1

ST_1: buffer_115 [1/1] 0.00ns
:119  %buffer_115 = alloca [64 x i8], align 1

ST_1: buffer_116 [1/1] 0.00ns
:120  %buffer_116 = alloca [64 x i8], align 1

ST_1: buffer_117 [1/1] 0.00ns
:121  %buffer_117 = alloca [64 x i8], align 1

ST_1: buffer_118 [1/1] 0.00ns
:122  %buffer_118 = alloca [64 x i8], align 1

ST_1: buffer_119 [1/1] 0.00ns
:123  %buffer_119 = alloca [64 x i8], align 1

ST_1: buffer_120 [1/1] 0.00ns
:124  %buffer_120 = alloca [64 x i8], align 1

ST_1: buffer_121 [1/1] 0.00ns
:125  %buffer_121 = alloca [64 x i8], align 1

ST_1: buffer_122 [1/1] 0.00ns
:126  %buffer_122 = alloca [64 x i8], align 1

ST_1: buffer_123 [1/1] 0.00ns
:127  %buffer_123 = alloca [64 x i8], align 1

ST_1: buffer_124 [1/1] 0.00ns
:128  %buffer_124 = alloca [64 x i8], align 1

ST_1: buffer_125 [1/1] 0.00ns
:129  %buffer_125 = alloca [64 x i8], align 1

ST_1: buffer_126 [1/1] 0.00ns
:130  %buffer_126 = alloca [64 x i8], align 1

ST_1: buffer_127 [1/1] 0.00ns
:131  %buffer_127 = alloca [64 x i8], align 1

ST_1: indices [1/1] 0.00ns
:132  %indices = alloca [7 x i13], align 2

ST_1: stg_143 [1/1] 0.00ns
:133  call void (...)* @_ssdm_op_SpecInterface(i64* %outputData_V_data, i1* %outputData_V_last_V, [5 x i8]* @p_str9, i32 0, i32 0, i32 0, i32 0, [1 x i8]* @p_str1, [1 x i8]* @p_str1, [1 x i8]* @p_str1, i32 0, i32 0, i32 0, i32 0, [1 x i8]* @p_str1) nounwind

ST_1: stg_144 [1/1] 0.00ns
:134  call void (...)* @_ssdm_op_SpecInterface(i8* %inputData_V, [5 x i8]* @p_str9, i32 0, i32 0, i32 0, i32 0, [1 x i8]* @p_str1, [1 x i8]* @p_str1, [1 x i8]* @p_str1, i32 0, i32 0, i32 0, i32 0, [1 x i8]* @p_str1) nounwind

ST_1: stg_145 [1/1] 0.00ns
:135  call void (...)* @_ssdm_op_SpecInterface(i32 0, [10 x i8]* @p_str10, i32 0, i32 0, i32 0, i32 0, [1 x i8]* @p_str1, [1 x i8]* @p_str1, [1 x i8]* @p_str1, i32 0, i32 0, i32 0, i32 0, [1 x i8]* @p_str1) nounwind

ST_1: stg_146 [1/1] 0.00ns
:136  call void (...)* @_ssdm_op_SpecMemCore([64 x i8]* %buffer_0, [64 x i8]* %buffer_1, [64 x i8]* %buffer_2, [64 x i8]* %buffer_3, [64 x i8]* %buffer_4, [64 x i8]* %buffer_5, [64 x i8]* %buffer_6, [64 x i8]* %buffer_7, [64 x i8]* %buffer_8, [64 x i8]* %buffer_9, [64 x i8]* %buffer_10, [64 x i8]* %buffer_11, [64 x i8]* %buffer_12, [64 x i8]* %buffer_13, [64 x i8]* %buffer_14, [64 x i8]* %buffer_15, [64 x i8]* %buffer_16, [64 x i8]* %buffer_17, [64 x i8]* %buffer_18, [64 x i8]* %buffer_19, [64 x i8]* %buffer_20, [64 x i8]* %buffer_21, [64 x i8]* %buffer_22, [64 x i8]* %buffer_23, [64 x i8]* %buffer_24, [64 x i8]* %buffer_25, [64 x i8]* %buffer_26, [64 x i8]* %buffer_27, [64 x i8]* %buffer_28, [64 x i8]* %buffer_29, [64 x i8]* %buffer_30, [64 x i8]* %buffer_31, [64 x i8]* %buffer_32, [64 x i8]* %buffer_33, [64 x i8]* %buffer_34, [64 x i8]* %buffer_35, [64 x i8]* %buffer_36, [64 x i8]* %buffer_37, [64 x i8]* %buffer_38, [64 x i8]* %buffer_39, [64 x i8]* %buffer_40, [64 x i8]* %buffer_41, [64 x i8]* %buffer_42, [64 x i8]* %buffer_43, [64 x i8]* %buffer_44, [64 x i8]* %buffer_45, [64 x i8]* %buffer_46, [64 x i8]* %buffer_47, [64 x i8]* %buffer_48, [64 x i8]* %buffer_49, [64 x i8]* %buffer_50, [64 x i8]* %buffer_51, [64 x i8]* %buffer_52, [64 x i8]* %buffer_53, [64 x i8]* %buffer_54, [64 x i8]* %buffer_55, [64 x i8]* %buffer_56, [64 x i8]* %buffer_57, [64 x i8]* %buffer_58, [64 x i8]* %buffer_59, [64 x i8]* %buffer_60, [64 x i8]* %buffer_61, [64 x i8]* %buffer_62, [64 x i8]* %buffer_63, [64 x i8]* %buffer_64, [64 x i8]* %buffer_65, [64 x i8]* %buffer_66, [64 x i8]* %buffer_67, [64 x i8]* %buffer_68, [64 x i8]* %buffer_69, [64 x i8]* %buffer_70, [64 x i8]* %buffer_71, [64 x i8]* %buffer_72, [64 x i8]* %buffer_73, [64 x i8]* %buffer_74, [64 x i8]* %buffer_75, [64 x i8]* %buffer_76, [64 x i8]* %buffer_77, [64 x i8]* %buffer_78, [64 x i8]* %buffer_79, [64 x i8]* %buffer_80, [64 x i8]* %buffer_81, [64 x i8]* %buffer_82, [64 x i8]* %buffer_83, [64 x i8]* %buffer_84, [64 x i8]* %buffer_85, [64 x i8]* %buffer_86, [64 x i8]* %buffer_87, [64 x i8]* %buffer_88, [64 x i8]* %buffer_89, [64 x i8]* %buffer_90, [64 x i8]* %buffer_91, [64 x i8]* %buffer_92, [64 x i8]* %buffer_93, [64 x i8]* %buffer_94, [64 x i8]* %buffer_95, [64 x i8]* %buffer_96, [64 x i8]* %buffer_97, [64 x i8]* %buffer_98, [64 x i8]* %buffer_99, [64 x i8]* %buffer_100, [64 x i8]* %buffer_101, [64 x i8]* %buffer_102, [64 x i8]* %buffer_103, [64 x i8]* %buffer_104, [64 x i8]* %buffer_105, [64 x i8]* %buffer_106, [64 x i8]* %buffer_107, [64 x i8]* %buffer_108, [64 x i8]* %buffer_109, [64 x i8]* %buffer_110, [64 x i8]* %buffer_111, [64 x i8]* %buffer_112, [64 x i8]* %buffer_113, [64 x i8]* %buffer_114, [64 x i8]* %buffer_115, [64 x i8]* %buffer_116, [64 x i8]* %buffer_117, [64 x i8]* %buffer_118, [64 x i8]* %buffer_119, [64 x i8]* %buffer_120, [64 x i8]* %buffer_121, [64 x i8]* %buffer_122, [64 x i8]* %buffer_123, [64 x i8]* %buffer_124, [64 x i8]* %buffer_125, [64 x i8]* %buffer_126, [64 x i8]* %buffer_127, [1 x i8]* @p_str1, [14 x i8]* @p_str11, [1 x i8]* @p_str1, i32 -1, [1 x i8]* @p_str1, [1 x i8]* @p_str1, [1 x i8]* @p_str1, [1 x i8]* @p_str1, [1 x i8]* @p_str1)

ST_1: stg_147 [1/1] 1.57ns
:137  br label %meminst


 <State 2>: 3.19ns
ST_2: invdar [1/1] 0.00ns
meminst:0  %invdar = phi i3 [ 0, %0 ], [ %indvarinc, %meminst ]

ST_2: indvarinc [1/1] 0.80ns
meminst:1  %indvarinc = add i3 %invdar, 1

ST_2: tmp [1/1] 0.00ns
meminst:2  %tmp = zext i3 %invdar to i64

ST_2: indices_addr [1/1] 0.00ns
meminst:3  %indices_addr = getelementptr [7 x i13]* %indices, i64 0, i64 %tmp

ST_2: stg_152 [1/1] 2.39ns
meminst:4  store i13 0, i13* %indices_addr, align 2

ST_2: tmp_s [1/1] 1.62ns
meminst:5  %tmp_s = icmp eq i3 %invdar, -2

ST_2: stg_154 [1/1] 0.00ns
meminst:6  call void (...)* @_ssdm_op_SpecLoopName([15 x i8]* @memset_indices_str)

ST_2: stg_155 [1/1] 0.00ns
meminst:7  call void (...)* @_ssdm_op_SpecLoopTripCount(i64 7, i64 7, i64 7)

ST_2: stg_156 [1/1] 1.57ns
meminst:8  br i1 %tmp_s, label %.preheader, label %meminst


 <State 3>: 2.21ns
ST_3: i [1/1] 0.00ns
.preheader:0  %i = phi i14 [ %i_5, %2 ], [ 0, %meminst ]

ST_3: exitcond1 [1/1] 2.21ns
.preheader:1  %exitcond1 = icmp eq i14 %i, -8192

ST_3: i_5 [1/1] 1.96ns
.preheader:2  %i_5 = add i14 %i, 1

ST_3: stg_160 [1/1] 0.00ns
.preheader:3  br i1 %exitcond1, label %3, label %1

ST_3: stg_161 [1/1] 0.00ns
:0  call void (...)* @_ssdm_op_SpecLoopTripCount(i64 8192, i64 8192, i64 8192)

ST_3: stg_162 [1/1] 0.00ns
:1  call void (...)* @_ssdm_op_SpecLoopName([11 x i8]* @p_str12) nounwind

ST_3: tmp_37 [1/1] 0.00ns
:2  %tmp_37 = call i32 (...)* @_ssdm_op_SpecRegionBegin([11 x i8]* @p_str12)

ST_3: stg_164 [1/1] 0.00ns
:3  call void (...)* @_ssdm_op_SpecPipeline(i32 1, i32 1, i32 1, i32 0, [1 x i8]* @p_str1) nounwind

ST_3: tmp_71 [1/1] 0.00ns
:4  %tmp_71 = call i8 @_ssdm_op_Read.axis.volatile.i8P(i8* %inputData_V)

ST_3: tmp_72 [1/1] 0.00ns
:5  %tmp_72 = trunc i14 %i to i7

ST_3: newIndex [1/1] 0.00ns
:6  %newIndex = call i7 @_ssdm_op_PartSelect.i7.i14.i32.i32(i14 %i, i32 7, i32 13)

ST_3: newIndex12 [1/1] 0.00ns
:7  %newIndex12 = zext i7 %newIndex to i64

ST_3: buffer_0_addr [1/1] 0.00ns
:8  %buffer_0_addr = getelementptr [64 x i8]* %buffer_0, i64 0, i64 %newIndex12

ST_3: buffer_1_addr [1/1] 0.00ns
:9  %buffer_1_addr = getelementptr [64 x i8]* %buffer_1, i64 0, i64 %newIndex12

ST_3: buffer_2_addr [1/1] 0.00ns
:10  %buffer_2_addr = getelementptr [64 x i8]* %buffer_2, i64 0, i64 %newIndex12

ST_3: buffer_3_addr [1/1] 0.00ns
:11  %buffer_3_addr = getelementptr [64 x i8]* %buffer_3, i64 0, i64 %newIndex12

ST_3: buffer_4_addr [1/1] 0.00ns
:12  %buffer_4_addr = getelementptr [64 x i8]* %buffer_4, i64 0, i64 %newIndex12

ST_3: buffer_5_addr [1/1] 0.00ns
:13  %buffer_5_addr = getelementptr [64 x i8]* %buffer_5, i64 0, i64 %newIndex12

ST_3: buffer_6_addr [1/1] 0.00ns
:14  %buffer_6_addr = getelementptr [64 x i8]* %buffer_6, i64 0, i64 %newIndex12

ST_3: buffer_7_addr [1/1] 0.00ns
:15  %buffer_7_addr = getelementptr [64 x i8]* %buffer_7, i64 0, i64 %newIndex12

ST_3: buffer_8_addr [1/1] 0.00ns
:16  %buffer_8_addr = getelementptr [64 x i8]* %buffer_8, i64 0, i64 %newIndex12

ST_3: buffer_9_addr [1/1] 0.00ns
:17  %buffer_9_addr = getelementptr [64 x i8]* %buffer_9, i64 0, i64 %newIndex12

ST_3: buffer_10_addr [1/1] 0.00ns
:18  %buffer_10_addr = getelementptr [64 x i8]* %buffer_10, i64 0, i64 %newIndex12

ST_3: buffer_11_addr [1/1] 0.00ns
:19  %buffer_11_addr = getelementptr [64 x i8]* %buffer_11, i64 0, i64 %newIndex12

ST_3: buffer_12_addr [1/1] 0.00ns
:20  %buffer_12_addr = getelementptr [64 x i8]* %buffer_12, i64 0, i64 %newIndex12

ST_3: buffer_13_addr [1/1] 0.00ns
:21  %buffer_13_addr = getelementptr [64 x i8]* %buffer_13, i64 0, i64 %newIndex12

ST_3: buffer_14_addr [1/1] 0.00ns
:22  %buffer_14_addr = getelementptr [64 x i8]* %buffer_14, i64 0, i64 %newIndex12

ST_3: buffer_15_addr [1/1] 0.00ns
:23  %buffer_15_addr = getelementptr [64 x i8]* %buffer_15, i64 0, i64 %newIndex12

ST_3: buffer_16_addr [1/1] 0.00ns
:24  %buffer_16_addr = getelementptr [64 x i8]* %buffer_16, i64 0, i64 %newIndex12

ST_3: buffer_17_addr [1/1] 0.00ns
:25  %buffer_17_addr = getelementptr [64 x i8]* %buffer_17, i64 0, i64 %newIndex12

ST_3: buffer_18_addr [1/1] 0.00ns
:26  %buffer_18_addr = getelementptr [64 x i8]* %buffer_18, i64 0, i64 %newIndex12

ST_3: buffer_19_addr [1/1] 0.00ns
:27  %buffer_19_addr = getelementptr [64 x i8]* %buffer_19, i64 0, i64 %newIndex12

ST_3: buffer_20_addr [1/1] 0.00ns
:28  %buffer_20_addr = getelementptr [64 x i8]* %buffer_20, i64 0, i64 %newIndex12

ST_3: buffer_21_addr [1/1] 0.00ns
:29  %buffer_21_addr = getelementptr [64 x i8]* %buffer_21, i64 0, i64 %newIndex12

ST_3: buffer_22_addr [1/1] 0.00ns
:30  %buffer_22_addr = getelementptr [64 x i8]* %buffer_22, i64 0, i64 %newIndex12

ST_3: buffer_23_addr [1/1] 0.00ns
:31  %buffer_23_addr = getelementptr [64 x i8]* %buffer_23, i64 0, i64 %newIndex12

ST_3: buffer_24_addr [1/1] 0.00ns
:32  %buffer_24_addr = getelementptr [64 x i8]* %buffer_24, i64 0, i64 %newIndex12

ST_3: buffer_25_addr [1/1] 0.00ns
:33  %buffer_25_addr = getelementptr [64 x i8]* %buffer_25, i64 0, i64 %newIndex12

ST_3: buffer_26_addr [1/1] 0.00ns
:34  %buffer_26_addr = getelementptr [64 x i8]* %buffer_26, i64 0, i64 %newIndex12

ST_3: buffer_27_addr [1/1] 0.00ns
:35  %buffer_27_addr = getelementptr [64 x i8]* %buffer_27, i64 0, i64 %newIndex12

ST_3: buffer_28_addr [1/1] 0.00ns
:36  %buffer_28_addr = getelementptr [64 x i8]* %buffer_28, i64 0, i64 %newIndex12

ST_3: buffer_29_addr [1/1] 0.00ns
:37  %buffer_29_addr = getelementptr [64 x i8]* %buffer_29, i64 0, i64 %newIndex12

ST_3: buffer_30_addr [1/1] 0.00ns
:38  %buffer_30_addr = getelementptr [64 x i8]* %buffer_30, i64 0, i64 %newIndex12

ST_3: buffer_31_addr [1/1] 0.00ns
:39  %buffer_31_addr = getelementptr [64 x i8]* %buffer_31, i64 0, i64 %newIndex12

ST_3: buffer_32_addr [1/1] 0.00ns
:40  %buffer_32_addr = getelementptr [64 x i8]* %buffer_32, i64 0, i64 %newIndex12

ST_3: buffer_33_addr [1/1] 0.00ns
:41  %buffer_33_addr = getelementptr [64 x i8]* %buffer_33, i64 0, i64 %newIndex12

ST_3: buffer_34_addr [1/1] 0.00ns
:42  %buffer_34_addr = getelementptr [64 x i8]* %buffer_34, i64 0, i64 %newIndex12

ST_3: buffer_35_addr [1/1] 0.00ns
:43  %buffer_35_addr = getelementptr [64 x i8]* %buffer_35, i64 0, i64 %newIndex12

ST_3: buffer_36_addr [1/1] 0.00ns
:44  %buffer_36_addr = getelementptr [64 x i8]* %buffer_36, i64 0, i64 %newIndex12

ST_3: buffer_37_addr [1/1] 0.00ns
:45  %buffer_37_addr = getelementptr [64 x i8]* %buffer_37, i64 0, i64 %newIndex12

ST_3: buffer_38_addr [1/1] 0.00ns
:46  %buffer_38_addr = getelementptr [64 x i8]* %buffer_38, i64 0, i64 %newIndex12

ST_3: buffer_39_addr [1/1] 0.00ns
:47  %buffer_39_addr = getelementptr [64 x i8]* %buffer_39, i64 0, i64 %newIndex12

ST_3: buffer_40_addr [1/1] 0.00ns
:48  %buffer_40_addr = getelementptr [64 x i8]* %buffer_40, i64 0, i64 %newIndex12

ST_3: buffer_41_addr [1/1] 0.00ns
:49  %buffer_41_addr = getelementptr [64 x i8]* %buffer_41, i64 0, i64 %newIndex12

ST_3: buffer_42_addr [1/1] 0.00ns
:50  %buffer_42_addr = getelementptr [64 x i8]* %buffer_42, i64 0, i64 %newIndex12

ST_3: buffer_43_addr [1/1] 0.00ns
:51  %buffer_43_addr = getelementptr [64 x i8]* %buffer_43, i64 0, i64 %newIndex12

ST_3: buffer_44_addr [1/1] 0.00ns
:52  %buffer_44_addr = getelementptr [64 x i8]* %buffer_44, i64 0, i64 %newIndex12

ST_3: buffer_45_addr [1/1] 0.00ns
:53  %buffer_45_addr = getelementptr [64 x i8]* %buffer_45, i64 0, i64 %newIndex12

ST_3: buffer_46_addr [1/1] 0.00ns
:54  %buffer_46_addr = getelementptr [64 x i8]* %buffer_46, i64 0, i64 %newIndex12

ST_3: buffer_47_addr [1/1] 0.00ns
:55  %buffer_47_addr = getelementptr [64 x i8]* %buffer_47, i64 0, i64 %newIndex12

ST_3: buffer_48_addr [1/1] 0.00ns
:56  %buffer_48_addr = getelementptr [64 x i8]* %buffer_48, i64 0, i64 %newIndex12

ST_3: buffer_49_addr [1/1] 0.00ns
:57  %buffer_49_addr = getelementptr [64 x i8]* %buffer_49, i64 0, i64 %newIndex12

ST_3: buffer_50_addr [1/1] 0.00ns
:58  %buffer_50_addr = getelementptr [64 x i8]* %buffer_50, i64 0, i64 %newIndex12

ST_3: buffer_51_addr [1/1] 0.00ns
:59  %buffer_51_addr = getelementptr [64 x i8]* %buffer_51, i64 0, i64 %newIndex12

ST_3: buffer_52_addr [1/1] 0.00ns
:60  %buffer_52_addr = getelementptr [64 x i8]* %buffer_52, i64 0, i64 %newIndex12

ST_3: buffer_53_addr [1/1] 0.00ns
:61  %buffer_53_addr = getelementptr [64 x i8]* %buffer_53, i64 0, i64 %newIndex12

ST_3: buffer_54_addr [1/1] 0.00ns
:62  %buffer_54_addr = getelementptr [64 x i8]* %buffer_54, i64 0, i64 %newIndex12

ST_3: buffer_55_addr [1/1] 0.00ns
:63  %buffer_55_addr = getelementptr [64 x i8]* %buffer_55, i64 0, i64 %newIndex12

ST_3: buffer_56_addr [1/1] 0.00ns
:64  %buffer_56_addr = getelementptr [64 x i8]* %buffer_56, i64 0, i64 %newIndex12

ST_3: buffer_57_addr [1/1] 0.00ns
:65  %buffer_57_addr = getelementptr [64 x i8]* %buffer_57, i64 0, i64 %newIndex12

ST_3: buffer_58_addr [1/1] 0.00ns
:66  %buffer_58_addr = getelementptr [64 x i8]* %buffer_58, i64 0, i64 %newIndex12

ST_3: buffer_59_addr [1/1] 0.00ns
:67  %buffer_59_addr = getelementptr [64 x i8]* %buffer_59, i64 0, i64 %newIndex12

ST_3: buffer_60_addr [1/1] 0.00ns
:68  %buffer_60_addr = getelementptr [64 x i8]* %buffer_60, i64 0, i64 %newIndex12

ST_3: buffer_61_addr [1/1] 0.00ns
:69  %buffer_61_addr = getelementptr [64 x i8]* %buffer_61, i64 0, i64 %newIndex12

ST_3: buffer_62_addr [1/1] 0.00ns
:70  %buffer_62_addr = getelementptr [64 x i8]* %buffer_62, i64 0, i64 %newIndex12

ST_3: buffer_63_addr [1/1] 0.00ns
:71  %buffer_63_addr = getelementptr [64 x i8]* %buffer_63, i64 0, i64 %newIndex12

ST_3: buffer_64_addr [1/1] 0.00ns
:72  %buffer_64_addr = getelementptr [64 x i8]* %buffer_64, i64 0, i64 %newIndex12

ST_3: buffer_65_addr [1/1] 0.00ns
:73  %buffer_65_addr = getelementptr [64 x i8]* %buffer_65, i64 0, i64 %newIndex12

ST_3: buffer_66_addr [1/1] 0.00ns
:74  %buffer_66_addr = getelementptr [64 x i8]* %buffer_66, i64 0, i64 %newIndex12

ST_3: buffer_67_addr [1/1] 0.00ns
:75  %buffer_67_addr = getelementptr [64 x i8]* %buffer_67, i64 0, i64 %newIndex12

ST_3: buffer_68_addr [1/1] 0.00ns
:76  %buffer_68_addr = getelementptr [64 x i8]* %buffer_68, i64 0, i64 %newIndex12

ST_3: buffer_69_addr [1/1] 0.00ns
:77  %buffer_69_addr = getelementptr [64 x i8]* %buffer_69, i64 0, i64 %newIndex12

ST_3: buffer_70_addr [1/1] 0.00ns
:78  %buffer_70_addr = getelementptr [64 x i8]* %buffer_70, i64 0, i64 %newIndex12

ST_3: buffer_71_addr [1/1] 0.00ns
:79  %buffer_71_addr = getelementptr [64 x i8]* %buffer_71, i64 0, i64 %newIndex12

ST_3: buffer_72_addr [1/1] 0.00ns
:80  %buffer_72_addr = getelementptr [64 x i8]* %buffer_72, i64 0, i64 %newIndex12

ST_3: buffer_73_addr [1/1] 0.00ns
:81  %buffer_73_addr = getelementptr [64 x i8]* %buffer_73, i64 0, i64 %newIndex12

ST_3: buffer_74_addr [1/1] 0.00ns
:82  %buffer_74_addr = getelementptr [64 x i8]* %buffer_74, i64 0, i64 %newIndex12

ST_3: buffer_75_addr [1/1] 0.00ns
:83  %buffer_75_addr = getelementptr [64 x i8]* %buffer_75, i64 0, i64 %newIndex12

ST_3: buffer_76_addr [1/1] 0.00ns
:84  %buffer_76_addr = getelementptr [64 x i8]* %buffer_76, i64 0, i64 %newIndex12

ST_3: buffer_77_addr [1/1] 0.00ns
:85  %buffer_77_addr = getelementptr [64 x i8]* %buffer_77, i64 0, i64 %newIndex12

ST_3: buffer_78_addr [1/1] 0.00ns
:86  %buffer_78_addr = getelementptr [64 x i8]* %buffer_78, i64 0, i64 %newIndex12

ST_3: buffer_79_addr [1/1] 0.00ns
:87  %buffer_79_addr = getelementptr [64 x i8]* %buffer_79, i64 0, i64 %newIndex12

ST_3: buffer_80_addr [1/1] 0.00ns
:88  %buffer_80_addr = getelementptr [64 x i8]* %buffer_80, i64 0, i64 %newIndex12

ST_3: buffer_81_addr [1/1] 0.00ns
:89  %buffer_81_addr = getelementptr [64 x i8]* %buffer_81, i64 0, i64 %newIndex12

ST_3: buffer_82_addr [1/1] 0.00ns
:90  %buffer_82_addr = getelementptr [64 x i8]* %buffer_82, i64 0, i64 %newIndex12

ST_3: buffer_83_addr [1/1] 0.00ns
:91  %buffer_83_addr = getelementptr [64 x i8]* %buffer_83, i64 0, i64 %newIndex12

ST_3: buffer_84_addr [1/1] 0.00ns
:92  %buffer_84_addr = getelementptr [64 x i8]* %buffer_84, i64 0, i64 %newIndex12

ST_3: buffer_85_addr [1/1] 0.00ns
:93  %buffer_85_addr = getelementptr [64 x i8]* %buffer_85, i64 0, i64 %newIndex12

ST_3: buffer_86_addr [1/1] 0.00ns
:94  %buffer_86_addr = getelementptr [64 x i8]* %buffer_86, i64 0, i64 %newIndex12

ST_3: buffer_87_addr [1/1] 0.00ns
:95  %buffer_87_addr = getelementptr [64 x i8]* %buffer_87, i64 0, i64 %newIndex12

ST_3: buffer_88_addr [1/1] 0.00ns
:96  %buffer_88_addr = getelementptr [64 x i8]* %buffer_88, i64 0, i64 %newIndex12

ST_3: buffer_89_addr [1/1] 0.00ns
:97  %buffer_89_addr = getelementptr [64 x i8]* %buffer_89, i64 0, i64 %newIndex12

ST_3: buffer_90_addr [1/1] 0.00ns
:98  %buffer_90_addr = getelementptr [64 x i8]* %buffer_90, i64 0, i64 %newIndex12

ST_3: buffer_91_addr [1/1] 0.00ns
:99  %buffer_91_addr = getelementptr [64 x i8]* %buffer_91, i64 0, i64 %newIndex12

ST_3: buffer_92_addr [1/1] 0.00ns
:100  %buffer_92_addr = getelementptr [64 x i8]* %buffer_92, i64 0, i64 %newIndex12

ST_3: buffer_93_addr [1/1] 0.00ns
:101  %buffer_93_addr = getelementptr [64 x i8]* %buffer_93, i64 0, i64 %newIndex12

ST_3: buffer_94_addr [1/1] 0.00ns
:102  %buffer_94_addr = getelementptr [64 x i8]* %buffer_94, i64 0, i64 %newIndex12

ST_3: buffer_95_addr [1/1] 0.00ns
:103  %buffer_95_addr = getelementptr [64 x i8]* %buffer_95, i64 0, i64 %newIndex12

ST_3: buffer_96_addr [1/1] 0.00ns
:104  %buffer_96_addr = getelementptr [64 x i8]* %buffer_96, i64 0, i64 %newIndex12

ST_3: buffer_97_addr [1/1] 0.00ns
:105  %buffer_97_addr = getelementptr [64 x i8]* %buffer_97, i64 0, i64 %newIndex12

ST_3: buffer_98_addr [1/1] 0.00ns
:106  %buffer_98_addr = getelementptr [64 x i8]* %buffer_98, i64 0, i64 %newIndex12

ST_3: buffer_99_addr [1/1] 0.00ns
:107  %buffer_99_addr = getelementptr [64 x i8]* %buffer_99, i64 0, i64 %newIndex12

ST_3: buffer_100_addr [1/1] 0.00ns
:108  %buffer_100_addr = getelementptr [64 x i8]* %buffer_100, i64 0, i64 %newIndex12

ST_3: buffer_101_addr [1/1] 0.00ns
:109  %buffer_101_addr = getelementptr [64 x i8]* %buffer_101, i64 0, i64 %newIndex12

ST_3: buffer_102_addr [1/1] 0.00ns
:110  %buffer_102_addr = getelementptr [64 x i8]* %buffer_102, i64 0, i64 %newIndex12

ST_3: buffer_103_addr [1/1] 0.00ns
:111  %buffer_103_addr = getelementptr [64 x i8]* %buffer_103, i64 0, i64 %newIndex12

ST_3: buffer_104_addr [1/1] 0.00ns
:112  %buffer_104_addr = getelementptr [64 x i8]* %buffer_104, i64 0, i64 %newIndex12

ST_3: buffer_105_addr [1/1] 0.00ns
:113  %buffer_105_addr = getelementptr [64 x i8]* %buffer_105, i64 0, i64 %newIndex12

ST_3: buffer_106_addr [1/1] 0.00ns
:114  %buffer_106_addr = getelementptr [64 x i8]* %buffer_106, i64 0, i64 %newIndex12

ST_3: buffer_107_addr [1/1] 0.00ns
:115  %buffer_107_addr = getelementptr [64 x i8]* %buffer_107, i64 0, i64 %newIndex12

ST_3: buffer_108_addr [1/1] 0.00ns
:116  %buffer_108_addr = getelementptr [64 x i8]* %buffer_108, i64 0, i64 %newIndex12

ST_3: buffer_109_addr [1/1] 0.00ns
:117  %buffer_109_addr = getelementptr [64 x i8]* %buffer_109, i64 0, i64 %newIndex12

ST_3: buffer_110_addr [1/1] 0.00ns
:118  %buffer_110_addr = getelementptr [64 x i8]* %buffer_110, i64 0, i64 %newIndex12

ST_3: buffer_111_addr [1/1] 0.00ns
:119  %buffer_111_addr = getelementptr [64 x i8]* %buffer_111, i64 0, i64 %newIndex12

ST_3: buffer_112_addr [1/1] 0.00ns
:120  %buffer_112_addr = getelementptr [64 x i8]* %buffer_112, i64 0, i64 %newIndex12

ST_3: buffer_113_addr [1/1] 0.00ns
:121  %buffer_113_addr = getelementptr [64 x i8]* %buffer_113, i64 0, i64 %newIndex12

ST_3: buffer_114_addr [1/1] 0.00ns
:122  %buffer_114_addr = getelementptr [64 x i8]* %buffer_114, i64 0, i64 %newIndex12

ST_3: buffer_115_addr [1/1] 0.00ns
:123  %buffer_115_addr = getelementptr [64 x i8]* %buffer_115, i64 0, i64 %newIndex12

ST_3: buffer_116_addr [1/1] 0.00ns
:124  %buffer_116_addr = getelementptr [64 x i8]* %buffer_116, i64 0, i64 %newIndex12

ST_3: buffer_117_addr [1/1] 0.00ns
:125  %buffer_117_addr = getelementptr [64 x i8]* %buffer_117, i64 0, i64 %newIndex12

ST_3: buffer_118_addr [1/1] 0.00ns
:126  %buffer_118_addr = getelementptr [64 x i8]* %buffer_118, i64 0, i64 %newIndex12

ST_3: buffer_119_addr [1/1] 0.00ns
:127  %buffer_119_addr = getelementptr [64 x i8]* %buffer_119, i64 0, i64 %newIndex12

ST_3: buffer_120_addr [1/1] 0.00ns
:128  %buffer_120_addr = getelementptr [64 x i8]* %buffer_120, i64 0, i64 %newIndex12

ST_3: buffer_121_addr [1/1] 0.00ns
:129  %buffer_121_addr = getelementptr [64 x i8]* %buffer_121, i64 0, i64 %newIndex12

ST_3: buffer_122_addr [1/1] 0.00ns
:130  %buffer_122_addr = getelementptr [64 x i8]* %buffer_122, i64 0, i64 %newIndex12

ST_3: buffer_123_addr [1/1] 0.00ns
:131  %buffer_123_addr = getelementptr [64 x i8]* %buffer_123, i64 0, i64 %newIndex12

ST_3: buffer_124_addr [1/1] 0.00ns
:132  %buffer_124_addr = getelementptr [64 x i8]* %buffer_124, i64 0, i64 %newIndex12

ST_3: buffer_125_addr [1/1] 0.00ns
:133  %buffer_125_addr = getelementptr [64 x i8]* %buffer_125, i64 0, i64 %newIndex12

ST_3: buffer_126_addr [1/1] 0.00ns
:134  %buffer_126_addr = getelementptr [64 x i8]* %buffer_126, i64 0, i64 %newIndex12

ST_3: buffer_127_addr [1/1] 0.00ns
:135  %buffer_127_addr = getelementptr [64 x i8]* %buffer_127, i64 0, i64 %newIndex12

ST_3: stg_297 [1/1] 2.03ns
:136  switch i7 %tmp_72, label %branch127 [
    i7 0, label %branch0
    i7 1, label %branch1
    i7 2, label %branch2
    i7 3, label %branch3
    i7 4, label %branch4
    i7 5, label %branch5
    i7 6, label %branch6
    i7 7, label %branch7
    i7 8, label %branch8
    i7 9, label %branch9
    i7 10, label %branch10
    i7 11, label %branch11
    i7 12, label %branch12
    i7 13, label %branch13
    i7 14, label %branch14
    i7 15, label %branch15
    i7 16, label %branch16
    i7 17, label %branch17
    i7 18, label %branch18
    i7 19, label %branch19
    i7 20, label %branch20
    i7 21, label %branch21
    i7 22, label %branch22
    i7 23, label %branch23
    i7 24, label %branch24
    i7 25, label %branch25
    i7 26, label %branch26
    i7 27, label %branch27
    i7 28, label %branch28
    i7 29, label %branch29
    i7 30, label %branch30
    i7 31, label %branch31
    i7 32, label %branch32
    i7 33, label %branch33
    i7 34, label %branch34
    i7 35, label %branch35
    i7 36, label %branch36
    i7 37, label %branch37
    i7 38, label %branch38
    i7 39, label %branch39
    i7 40, label %branch40
    i7 41, label %branch41
    i7 42, label %branch42
    i7 43, label %branch43
    i7 44, label %branch44
    i7 45, label %branch45
    i7 46, label %branch46
    i7 47, label %branch47
    i7 48, label %branch48
    i7 49, label %branch49
    i7 50, label %branch50
    i7 51, label %branch51
    i7 52, label %branch52
    i7 53, label %branch53
    i7 54, label %branch54
    i7 55, label %branch55
    i7 56, label %branch56
    i7 57, label %branch57
    i7 58, label %branch58
    i7 59, label %branch59
    i7 60, label %branch60
    i7 61, label %branch61
    i7 62, label %branch62
    i7 63, label %branch63
    i7 -64, label %branch64
    i7 -63, label %branch65
    i7 -62, label %branch66
    i7 -61, label %branch67
    i7 -60, label %branch68
    i7 -59, label %branch69
    i7 -58, label %branch70
    i7 -57, label %branch71
    i7 -56, label %branch72
    i7 -55, label %branch73
    i7 -54, label %branch74
    i7 -53, label %branch75
    i7 -52, label %branch76
    i7 -51, label %branch77
    i7 -50, label %branch78
    i7 -49, label %branch79
    i7 -48, label %branch80
    i7 -47, label %branch81
    i7 -46, label %branch82
    i7 -45, label %branch83
    i7 -44, label %branch84
    i7 -43, label %branch85
    i7 -42, label %branch86
    i7 -41, label %branch87
    i7 -40, label %branch88
    i7 -39, label %branch89
    i7 -38, label %branch90
    i7 -37, label %branch91
    i7 -36, label %branch92
    i7 -35, label %branch93
    i7 -34, label %branch94
    i7 -33, label %branch95
    i7 -32, label %branch96
    i7 -31, label %branch97
    i7 -30, label %branch98
    i7 -29, label %branch99
    i7 -28, label %branch100
    i7 -27, label %branch101
    i7 -26, label %branch102
    i7 -25, label %branch103
    i7 -24, label %branch104
    i7 -23, label %branch105
    i7 -22, label %branch106
    i7 -21, label %branch107
    i7 -20, label %branch108
    i7 -19, label %branch109
    i7 -18, label %branch110
    i7 -17, label %branch111
    i7 -16, label %branch112
    i7 -15, label %branch113
    i7 -14, label %branch114
    i7 -13, label %branch115
    i7 -12, label %branch116
    i7 -11, label %branch117
    i7 -10, label %branch118
    i7 -9, label %branch119
    i7 -8, label %branch120
    i7 -7, label %branch121
    i7 -6, label %branch122
    i7 -5, label %branch123
    i7 -4, label %branch124
    i7 -3, label %branch125
    i7 -2, label %branch126
  ]

ST_3: stg_298 [1/1] 2.00ns
branch126:0  store i8 %tmp_71, i8* %buffer_126_addr, align 1

ST_3: stg_299 [1/1] 0.00ns
branch126:1  br label %2

ST_3: stg_300 [1/1] 2.00ns
branch125:0  store i8 %tmp_71, i8* %buffer_125_addr, align 1

ST_3: stg_301 [1/1] 0.00ns
branch125:1  br label %2

ST_3: stg_302 [1/1] 2.00ns
branch124:0  store i8 %tmp_71, i8* %buffer_124_addr, align 1

ST_3: stg_303 [1/1] 0.00ns
branch124:1  br label %2

ST_3: stg_304 [1/1] 2.00ns
branch123:0  store i8 %tmp_71, i8* %buffer_123_addr, align 1

ST_3: stg_305 [1/1] 0.00ns
branch123:1  br label %2

ST_3: stg_306 [1/1] 2.00ns
branch122:0  store i8 %tmp_71, i8* %buffer_122_addr, align 1

ST_3: stg_307 [1/1] 0.00ns
branch122:1  br label %2

ST_3: stg_308 [1/1] 2.00ns
branch121:0  store i8 %tmp_71, i8* %buffer_121_addr, align 1

ST_3: stg_309 [1/1] 0.00ns
branch121:1  br label %2

ST_3: stg_310 [1/1] 2.00ns
branch120:0  store i8 %tmp_71, i8* %buffer_120_addr, align 1

ST_3: stg_311 [1/1] 0.00ns
branch120:1  br label %2

ST_3: stg_312 [1/1] 2.00ns
branch119:0  store i8 %tmp_71, i8* %buffer_119_addr, align 1

ST_3: stg_313 [1/1] 0.00ns
branch119:1  br label %2

ST_3: stg_314 [1/1] 2.00ns
branch118:0  store i8 %tmp_71, i8* %buffer_118_addr, align 1

ST_3: stg_315 [1/1] 0.00ns
branch118:1  br label %2

ST_3: stg_316 [1/1] 2.00ns
branch117:0  store i8 %tmp_71, i8* %buffer_117_addr, align 1

ST_3: stg_317 [1/1] 0.00ns
branch117:1  br label %2

ST_3: stg_318 [1/1] 2.00ns
branch116:0  store i8 %tmp_71, i8* %buffer_116_addr, align 1

ST_3: stg_319 [1/1] 0.00ns
branch116:1  br label %2

ST_3: stg_320 [1/1] 2.00ns
branch115:0  store i8 %tmp_71, i8* %buffer_115_addr, align 1

ST_3: stg_321 [1/1] 0.00ns
branch115:1  br label %2

ST_3: stg_322 [1/1] 2.00ns
branch114:0  store i8 %tmp_71, i8* %buffer_114_addr, align 1

ST_3: stg_323 [1/1] 0.00ns
branch114:1  br label %2

ST_3: stg_324 [1/1] 2.00ns
branch113:0  store i8 %tmp_71, i8* %buffer_113_addr, align 1

ST_3: stg_325 [1/1] 0.00ns
branch113:1  br label %2

ST_3: stg_326 [1/1] 2.00ns
branch112:0  store i8 %tmp_71, i8* %buffer_112_addr, align 1

ST_3: stg_327 [1/1] 0.00ns
branch112:1  br label %2

ST_3: stg_328 [1/1] 2.00ns
branch111:0  store i8 %tmp_71, i8* %buffer_111_addr, align 1

ST_3: stg_329 [1/1] 0.00ns
branch111:1  br label %2

ST_3: stg_330 [1/1] 2.00ns
branch110:0  store i8 %tmp_71, i8* %buffer_110_addr, align 1

ST_3: stg_331 [1/1] 0.00ns
branch110:1  br label %2

ST_3: stg_332 [1/1] 2.00ns
branch109:0  store i8 %tmp_71, i8* %buffer_109_addr, align 1

ST_3: stg_333 [1/1] 0.00ns
branch109:1  br label %2

ST_3: stg_334 [1/1] 2.00ns
branch108:0  store i8 %tmp_71, i8* %buffer_108_addr, align 1

ST_3: stg_335 [1/1] 0.00ns
branch108:1  br label %2

ST_3: stg_336 [1/1] 2.00ns
branch107:0  store i8 %tmp_71, i8* %buffer_107_addr, align 1

ST_3: stg_337 [1/1] 0.00ns
branch107:1  br label %2

ST_3: stg_338 [1/1] 2.00ns
branch106:0  store i8 %tmp_71, i8* %buffer_106_addr, align 1

ST_3: stg_339 [1/1] 0.00ns
branch106:1  br label %2

ST_3: stg_340 [1/1] 2.00ns
branch105:0  store i8 %tmp_71, i8* %buffer_105_addr, align 1

ST_3: stg_341 [1/1] 0.00ns
branch105:1  br label %2

ST_3: stg_342 [1/1] 2.00ns
branch104:0  store i8 %tmp_71, i8* %buffer_104_addr, align 1

ST_3: stg_343 [1/1] 0.00ns
branch104:1  br label %2

ST_3: stg_344 [1/1] 2.00ns
branch103:0  store i8 %tmp_71, i8* %buffer_103_addr, align 1

ST_3: stg_345 [1/1] 0.00ns
branch103:1  br label %2

ST_3: stg_346 [1/1] 2.00ns
branch102:0  store i8 %tmp_71, i8* %buffer_102_addr, align 1

ST_3: stg_347 [1/1] 0.00ns
branch102:1  br label %2

ST_3: stg_348 [1/1] 2.00ns
branch101:0  store i8 %tmp_71, i8* %buffer_101_addr, align 1

ST_3: stg_349 [1/1] 0.00ns
branch101:1  br label %2

ST_3: stg_350 [1/1] 2.00ns
branch100:0  store i8 %tmp_71, i8* %buffer_100_addr, align 1

ST_3: stg_351 [1/1] 0.00ns
branch100:1  br label %2

ST_3: stg_352 [1/1] 2.00ns
branch99:0  store i8 %tmp_71, i8* %buffer_99_addr, align 1

ST_3: stg_353 [1/1] 0.00ns
branch99:1  br label %2

ST_3: stg_354 [1/1] 2.00ns
branch98:0  store i8 %tmp_71, i8* %buffer_98_addr, align 1

ST_3: stg_355 [1/1] 0.00ns
branch98:1  br label %2

ST_3: stg_356 [1/1] 2.00ns
branch97:0  store i8 %tmp_71, i8* %buffer_97_addr, align 1

ST_3: stg_357 [1/1] 0.00ns
branch97:1  br label %2

ST_3: stg_358 [1/1] 2.00ns
branch96:0  store i8 %tmp_71, i8* %buffer_96_addr, align 1

ST_3: stg_359 [1/1] 0.00ns
branch96:1  br label %2

ST_3: stg_360 [1/1] 2.00ns
branch95:0  store i8 %tmp_71, i8* %buffer_95_addr, align 1

ST_3: stg_361 [1/1] 0.00ns
branch95:1  br label %2

ST_3: stg_362 [1/1] 2.00ns
branch94:0  store i8 %tmp_71, i8* %buffer_94_addr, align 1

ST_3: stg_363 [1/1] 0.00ns
branch94:1  br label %2

ST_3: stg_364 [1/1] 2.00ns
branch93:0  store i8 %tmp_71, i8* %buffer_93_addr, align 1

ST_3: stg_365 [1/1] 0.00ns
branch93:1  br label %2

ST_3: stg_366 [1/1] 2.00ns
branch92:0  store i8 %tmp_71, i8* %buffer_92_addr, align 1

ST_3: stg_367 [1/1] 0.00ns
branch92:1  br label %2

ST_3: stg_368 [1/1] 2.00ns
branch91:0  store i8 %tmp_71, i8* %buffer_91_addr, align 1

ST_3: stg_369 [1/1] 0.00ns
branch91:1  br label %2

ST_3: stg_370 [1/1] 2.00ns
branch90:0  store i8 %tmp_71, i8* %buffer_90_addr, align 1

ST_3: stg_371 [1/1] 0.00ns
branch90:1  br label %2

ST_3: stg_372 [1/1] 2.00ns
branch89:0  store i8 %tmp_71, i8* %buffer_89_addr, align 1

ST_3: stg_373 [1/1] 0.00ns
branch89:1  br label %2

ST_3: stg_374 [1/1] 2.00ns
branch88:0  store i8 %tmp_71, i8* %buffer_88_addr, align 1

ST_3: stg_375 [1/1] 0.00ns
branch88:1  br label %2

ST_3: stg_376 [1/1] 2.00ns
branch87:0  store i8 %tmp_71, i8* %buffer_87_addr, align 1

ST_3: stg_377 [1/1] 0.00ns
branch87:1  br label %2

ST_3: stg_378 [1/1] 2.00ns
branch86:0  store i8 %tmp_71, i8* %buffer_86_addr, align 1

ST_3: stg_379 [1/1] 0.00ns
branch86:1  br label %2

ST_3: stg_380 [1/1] 2.00ns
branch85:0  store i8 %tmp_71, i8* %buffer_85_addr, align 1

ST_3: stg_381 [1/1] 0.00ns
branch85:1  br label %2

ST_3: stg_382 [1/1] 2.00ns
branch84:0  store i8 %tmp_71, i8* %buffer_84_addr, align 1

ST_3: stg_383 [1/1] 0.00ns
branch84:1  br label %2

ST_3: stg_384 [1/1] 2.00ns
branch83:0  store i8 %tmp_71, i8* %buffer_83_addr, align 1

ST_3: stg_385 [1/1] 0.00ns
branch83:1  br label %2

ST_3: stg_386 [1/1] 2.00ns
branch82:0  store i8 %tmp_71, i8* %buffer_82_addr, align 1

ST_3: stg_387 [1/1] 0.00ns
branch82:1  br label %2

ST_3: stg_388 [1/1] 2.00ns
branch81:0  store i8 %tmp_71, i8* %buffer_81_addr, align 1

ST_3: stg_389 [1/1] 0.00ns
branch81:1  br label %2

ST_3: stg_390 [1/1] 2.00ns
branch80:0  store i8 %tmp_71, i8* %buffer_80_addr, align 1

ST_3: stg_391 [1/1] 0.00ns
branch80:1  br label %2

ST_3: stg_392 [1/1] 2.00ns
branch79:0  store i8 %tmp_71, i8* %buffer_79_addr, align 1

ST_3: stg_393 [1/1] 0.00ns
branch79:1  br label %2

ST_3: stg_394 [1/1] 2.00ns
branch78:0  store i8 %tmp_71, i8* %buffer_78_addr, align 1

ST_3: stg_395 [1/1] 0.00ns
branch78:1  br label %2

ST_3: stg_396 [1/1] 2.00ns
branch77:0  store i8 %tmp_71, i8* %buffer_77_addr, align 1

ST_3: stg_397 [1/1] 0.00ns
branch77:1  br label %2

ST_3: stg_398 [1/1] 2.00ns
branch76:0  store i8 %tmp_71, i8* %buffer_76_addr, align 1

ST_3: stg_399 [1/1] 0.00ns
branch76:1  br label %2

ST_3: stg_400 [1/1] 2.00ns
branch75:0  store i8 %tmp_71, i8* %buffer_75_addr, align 1

ST_3: stg_401 [1/1] 0.00ns
branch75:1  br label %2

ST_3: stg_402 [1/1] 2.00ns
branch74:0  store i8 %tmp_71, i8* %buffer_74_addr, align 1

ST_3: stg_403 [1/1] 0.00ns
branch74:1  br label %2

ST_3: stg_404 [1/1] 2.00ns
branch73:0  store i8 %tmp_71, i8* %buffer_73_addr, align 1

ST_3: stg_405 [1/1] 0.00ns
branch73:1  br label %2

ST_3: stg_406 [1/1] 2.00ns
branch72:0  store i8 %tmp_71, i8* %buffer_72_addr, align 1

ST_3: stg_407 [1/1] 0.00ns
branch72:1  br label %2

ST_3: stg_408 [1/1] 2.00ns
branch71:0  store i8 %tmp_71, i8* %buffer_71_addr, align 1

ST_3: stg_409 [1/1] 0.00ns
branch71:1  br label %2

ST_3: stg_410 [1/1] 2.00ns
branch70:0  store i8 %tmp_71, i8* %buffer_70_addr, align 1

ST_3: stg_411 [1/1] 0.00ns
branch70:1  br label %2

ST_3: stg_412 [1/1] 2.00ns
branch69:0  store i8 %tmp_71, i8* %buffer_69_addr, align 1

ST_3: stg_413 [1/1] 0.00ns
branch69:1  br label %2

ST_3: stg_414 [1/1] 2.00ns
branch68:0  store i8 %tmp_71, i8* %buffer_68_addr, align 1

ST_3: stg_415 [1/1] 0.00ns
branch68:1  br label %2

ST_3: stg_416 [1/1] 2.00ns
branch67:0  store i8 %tmp_71, i8* %buffer_67_addr, align 1

ST_3: stg_417 [1/1] 0.00ns
branch67:1  br label %2

ST_3: stg_418 [1/1] 2.00ns
branch66:0  store i8 %tmp_71, i8* %buffer_66_addr, align 1

ST_3: stg_419 [1/1] 0.00ns
branch66:1  br label %2

ST_3: stg_420 [1/1] 2.00ns
branch65:0  store i8 %tmp_71, i8* %buffer_65_addr, align 1

ST_3: stg_421 [1/1] 0.00ns
branch65:1  br label %2

ST_3: stg_422 [1/1] 2.00ns
branch64:0  store i8 %tmp_71, i8* %buffer_64_addr, align 1

ST_3: stg_423 [1/1] 0.00ns
branch64:1  br label %2

ST_3: stg_424 [1/1] 2.00ns
branch63:0  store i8 %tmp_71, i8* %buffer_63_addr, align 1

ST_3: stg_425 [1/1] 0.00ns
branch63:1  br label %2

ST_3: stg_426 [1/1] 2.00ns
branch62:0  store i8 %tmp_71, i8* %buffer_62_addr, align 1

ST_3: stg_427 [1/1] 0.00ns
branch62:1  br label %2

ST_3: stg_428 [1/1] 2.00ns
branch61:0  store i8 %tmp_71, i8* %buffer_61_addr, align 1

ST_3: stg_429 [1/1] 0.00ns
branch61:1  br label %2

ST_3: stg_430 [1/1] 2.00ns
branch60:0  store i8 %tmp_71, i8* %buffer_60_addr, align 1

ST_3: stg_431 [1/1] 0.00ns
branch60:1  br label %2

ST_3: stg_432 [1/1] 2.00ns
branch59:0  store i8 %tmp_71, i8* %buffer_59_addr, align 1

ST_3: stg_433 [1/1] 0.00ns
branch59:1  br label %2

ST_3: stg_434 [1/1] 2.00ns
branch58:0  store i8 %tmp_71, i8* %buffer_58_addr, align 1

ST_3: stg_435 [1/1] 0.00ns
branch58:1  br label %2

ST_3: stg_436 [1/1] 2.00ns
branch57:0  store i8 %tmp_71, i8* %buffer_57_addr, align 1

ST_3: stg_437 [1/1] 0.00ns
branch57:1  br label %2

ST_3: stg_438 [1/1] 2.00ns
branch56:0  store i8 %tmp_71, i8* %buffer_56_addr, align 1

ST_3: stg_439 [1/1] 0.00ns
branch56:1  br label %2

ST_3: stg_440 [1/1] 2.00ns
branch55:0  store i8 %tmp_71, i8* %buffer_55_addr, align 1

ST_3: stg_441 [1/1] 0.00ns
branch55:1  br label %2

ST_3: stg_442 [1/1] 2.00ns
branch54:0  store i8 %tmp_71, i8* %buffer_54_addr, align 1

ST_3: stg_443 [1/1] 0.00ns
branch54:1  br label %2

ST_3: stg_444 [1/1] 2.00ns
branch53:0  store i8 %tmp_71, i8* %buffer_53_addr, align 1

ST_3: stg_445 [1/1] 0.00ns
branch53:1  br label %2

ST_3: stg_446 [1/1] 2.00ns
branch52:0  store i8 %tmp_71, i8* %buffer_52_addr, align 1

ST_3: stg_447 [1/1] 0.00ns
branch52:1  br label %2

ST_3: stg_448 [1/1] 2.00ns
branch51:0  store i8 %tmp_71, i8* %buffer_51_addr, align 1

ST_3: stg_449 [1/1] 0.00ns
branch51:1  br label %2

ST_3: stg_450 [1/1] 2.00ns
branch50:0  store i8 %tmp_71, i8* %buffer_50_addr, align 1

ST_3: stg_451 [1/1] 0.00ns
branch50:1  br label %2

ST_3: stg_452 [1/1] 2.00ns
branch49:0  store i8 %tmp_71, i8* %buffer_49_addr, align 1

ST_3: stg_453 [1/1] 0.00ns
branch49:1  br label %2

ST_3: stg_454 [1/1] 2.00ns
branch48:0  store i8 %tmp_71, i8* %buffer_48_addr, align 1

ST_3: stg_455 [1/1] 0.00ns
branch48:1  br label %2

ST_3: stg_456 [1/1] 2.00ns
branch47:0  store i8 %tmp_71, i8* %buffer_47_addr, align 1

ST_3: stg_457 [1/1] 0.00ns
branch47:1  br label %2

ST_3: stg_458 [1/1] 2.00ns
branch46:0  store i8 %tmp_71, i8* %buffer_46_addr, align 1

ST_3: stg_459 [1/1] 0.00ns
branch46:1  br label %2

ST_3: stg_460 [1/1] 2.00ns
branch45:0  store i8 %tmp_71, i8* %buffer_45_addr, align 1

ST_3: stg_461 [1/1] 0.00ns
branch45:1  br label %2

ST_3: stg_462 [1/1] 2.00ns
branch44:0  store i8 %tmp_71, i8* %buffer_44_addr, align 1

ST_3: stg_463 [1/1] 0.00ns
branch44:1  br label %2

ST_3: stg_464 [1/1] 2.00ns
branch43:0  store i8 %tmp_71, i8* %buffer_43_addr, align 1

ST_3: stg_465 [1/1] 0.00ns
branch43:1  br label %2

ST_3: stg_466 [1/1] 2.00ns
branch42:0  store i8 %tmp_71, i8* %buffer_42_addr, align 1

ST_3: stg_467 [1/1] 0.00ns
branch42:1  br label %2

ST_3: stg_468 [1/1] 2.00ns
branch41:0  store i8 %tmp_71, i8* %buffer_41_addr, align 1

ST_3: stg_469 [1/1] 0.00ns
branch41:1  br label %2

ST_3: stg_470 [1/1] 2.00ns
branch40:0  store i8 %tmp_71, i8* %buffer_40_addr, align 1

ST_3: stg_471 [1/1] 0.00ns
branch40:1  br label %2

ST_3: stg_472 [1/1] 2.00ns
branch39:0  store i8 %tmp_71, i8* %buffer_39_addr, align 1

ST_3: stg_473 [1/1] 0.00ns
branch39:1  br label %2

ST_3: stg_474 [1/1] 2.00ns
branch38:0  store i8 %tmp_71, i8* %buffer_38_addr, align 1

ST_3: stg_475 [1/1] 0.00ns
branch38:1  br label %2

ST_3: stg_476 [1/1] 2.00ns
branch37:0  store i8 %tmp_71, i8* %buffer_37_addr, align 1

ST_3: stg_477 [1/1] 0.00ns
branch37:1  br label %2

ST_3: stg_478 [1/1] 2.00ns
branch36:0  store i8 %tmp_71, i8* %buffer_36_addr, align 1

ST_3: stg_479 [1/1] 0.00ns
branch36:1  br label %2

ST_3: stg_480 [1/1] 2.00ns
branch35:0  store i8 %tmp_71, i8* %buffer_35_addr, align 1

ST_3: stg_481 [1/1] 0.00ns
branch35:1  br label %2

ST_3: stg_482 [1/1] 2.00ns
branch34:0  store i8 %tmp_71, i8* %buffer_34_addr, align 1

ST_3: stg_483 [1/1] 0.00ns
branch34:1  br label %2

ST_3: stg_484 [1/1] 2.00ns
branch33:0  store i8 %tmp_71, i8* %buffer_33_addr, align 1

ST_3: stg_485 [1/1] 0.00ns
branch33:1  br label %2

ST_3: stg_486 [1/1] 2.00ns
branch32:0  store i8 %tmp_71, i8* %buffer_32_addr, align 1

ST_3: stg_487 [1/1] 0.00ns
branch32:1  br label %2

ST_3: stg_488 [1/1] 2.00ns
branch31:0  store i8 %tmp_71, i8* %buffer_31_addr, align 1

ST_3: stg_489 [1/1] 0.00ns
branch31:1  br label %2

ST_3: stg_490 [1/1] 2.00ns
branch30:0  store i8 %tmp_71, i8* %buffer_30_addr, align 1

ST_3: stg_491 [1/1] 0.00ns
branch30:1  br label %2

ST_3: stg_492 [1/1] 2.00ns
branch29:0  store i8 %tmp_71, i8* %buffer_29_addr, align 1

ST_3: stg_493 [1/1] 0.00ns
branch29:1  br label %2

ST_3: stg_494 [1/1] 2.00ns
branch28:0  store i8 %tmp_71, i8* %buffer_28_addr, align 1

ST_3: stg_495 [1/1] 0.00ns
branch28:1  br label %2

ST_3: stg_496 [1/1] 2.00ns
branch27:0  store i8 %tmp_71, i8* %buffer_27_addr, align 1

ST_3: stg_497 [1/1] 0.00ns
branch27:1  br label %2

ST_3: stg_498 [1/1] 2.00ns
branch26:0  store i8 %tmp_71, i8* %buffer_26_addr, align 1

ST_3: stg_499 [1/1] 0.00ns
branch26:1  br label %2

ST_3: stg_500 [1/1] 2.00ns
branch25:0  store i8 %tmp_71, i8* %buffer_25_addr, align 1

ST_3: stg_501 [1/1] 0.00ns
branch25:1  br label %2

ST_3: stg_502 [1/1] 2.00ns
branch24:0  store i8 %tmp_71, i8* %buffer_24_addr, align 1

ST_3: stg_503 [1/1] 0.00ns
branch24:1  br label %2

ST_3: stg_504 [1/1] 2.00ns
branch23:0  store i8 %tmp_71, i8* %buffer_23_addr, align 1

ST_3: stg_505 [1/1] 0.00ns
branch23:1  br label %2

ST_3: stg_506 [1/1] 2.00ns
branch22:0  store i8 %tmp_71, i8* %buffer_22_addr, align 1

ST_3: stg_507 [1/1] 0.00ns
branch22:1  br label %2

ST_3: stg_508 [1/1] 2.00ns
branch21:0  store i8 %tmp_71, i8* %buffer_21_addr, align 1

ST_3: stg_509 [1/1] 0.00ns
branch21:1  br label %2

ST_3: stg_510 [1/1] 2.00ns
branch20:0  store i8 %tmp_71, i8* %buffer_20_addr, align 1

ST_3: stg_511 [1/1] 0.00ns
branch20:1  br label %2

ST_3: stg_512 [1/1] 2.00ns
branch19:0  store i8 %tmp_71, i8* %buffer_19_addr, align 1

ST_3: stg_513 [1/1] 0.00ns
branch19:1  br label %2

ST_3: stg_514 [1/1] 2.00ns
branch18:0  store i8 %tmp_71, i8* %buffer_18_addr, align 1

ST_3: stg_515 [1/1] 0.00ns
branch18:1  br label %2

ST_3: stg_516 [1/1] 2.00ns
branch17:0  store i8 %tmp_71, i8* %buffer_17_addr, align 1

ST_3: stg_517 [1/1] 0.00ns
branch17:1  br label %2

ST_3: stg_518 [1/1] 2.00ns
branch16:0  store i8 %tmp_71, i8* %buffer_16_addr, align 1

ST_3: stg_519 [1/1] 0.00ns
branch16:1  br label %2

ST_3: stg_520 [1/1] 2.00ns
branch15:0  store i8 %tmp_71, i8* %buffer_15_addr, align 1

ST_3: stg_521 [1/1] 0.00ns
branch15:1  br label %2

ST_3: stg_522 [1/1] 2.00ns
branch14:0  store i8 %tmp_71, i8* %buffer_14_addr, align 1

ST_3: stg_523 [1/1] 0.00ns
branch14:1  br label %2

ST_3: stg_524 [1/1] 2.00ns
branch13:0  store i8 %tmp_71, i8* %buffer_13_addr, align 1

ST_3: stg_525 [1/1] 0.00ns
branch13:1  br label %2

ST_3: stg_526 [1/1] 2.00ns
branch12:0  store i8 %tmp_71, i8* %buffer_12_addr, align 1

ST_3: stg_527 [1/1] 0.00ns
branch12:1  br label %2

ST_3: stg_528 [1/1] 2.00ns
branch11:0  store i8 %tmp_71, i8* %buffer_11_addr, align 1

ST_3: stg_529 [1/1] 0.00ns
branch11:1  br label %2

ST_3: stg_530 [1/1] 2.00ns
branch10:0  store i8 %tmp_71, i8* %buffer_10_addr, align 1

ST_3: stg_531 [1/1] 0.00ns
branch10:1  br label %2

ST_3: stg_532 [1/1] 2.00ns
branch9:0  store i8 %tmp_71, i8* %buffer_9_addr, align 1

ST_3: stg_533 [1/1] 0.00ns
branch9:1  br label %2

ST_3: stg_534 [1/1] 2.00ns
branch8:0  store i8 %tmp_71, i8* %buffer_8_addr, align 1

ST_3: stg_535 [1/1] 0.00ns
branch8:1  br label %2

ST_3: stg_536 [1/1] 2.00ns
branch7:0  store i8 %tmp_71, i8* %buffer_7_addr, align 1

ST_3: stg_537 [1/1] 0.00ns
branch7:1  br label %2

ST_3: stg_538 [1/1] 2.00ns
branch6:0  store i8 %tmp_71, i8* %buffer_6_addr, align 1

ST_3: stg_539 [1/1] 0.00ns
branch6:1  br label %2

ST_3: stg_540 [1/1] 2.00ns
branch5:0  store i8 %tmp_71, i8* %buffer_5_addr, align 1

ST_3: stg_541 [1/1] 0.00ns
branch5:1  br label %2

ST_3: stg_542 [1/1] 2.00ns
branch4:0  store i8 %tmp_71, i8* %buffer_4_addr, align 1

ST_3: stg_543 [1/1] 0.00ns
branch4:1  br label %2

ST_3: stg_544 [1/1] 2.00ns
branch3:0  store i8 %tmp_71, i8* %buffer_3_addr, align 1

ST_3: stg_545 [1/1] 0.00ns
branch3:1  br label %2

ST_3: stg_546 [1/1] 2.00ns
branch2:0  store i8 %tmp_71, i8* %buffer_2_addr, align 1

ST_3: stg_547 [1/1] 0.00ns
branch2:1  br label %2

ST_3: stg_548 [1/1] 2.00ns
branch1:0  store i8 %tmp_71, i8* %buffer_1_addr, align 1

ST_3: stg_549 [1/1] 0.00ns
branch1:1  br label %2

ST_3: stg_550 [1/1] 2.00ns
branch0:0  store i8 %tmp_71, i8* %buffer_0_addr, align 1

ST_3: stg_551 [1/1] 0.00ns
branch0:1  br label %2

ST_3: stg_552 [1/1] 2.00ns
branch127:0  store i8 %tmp_71, i8* %buffer_127_addr, align 1

ST_3: stg_553 [1/1] 0.00ns
branch127:1  br label %2

ST_3: empty [1/1] 0.00ns
:0  %empty = call i32 (...)* @_ssdm_op_SpecRegionEnd([11 x i8]* @p_str12, i32 %tmp_37)

ST_3: stg_555 [1/1] 0.00ns
:1  br label %.preheader


 <State 4>: 1.57ns
ST_4: tmp_data_index [1/1] 0.00ns
:0  %tmp_data_index = alloca i32

ST_4: stg_557 [2/2] 0.00ns
:1  call fastcc void @dedupDriver_calcHash([64 x i8]* %buffer_0, [64 x i8]* %buffer_1, [64 x i8]* %buffer_2, [64 x i8]* %buffer_3, [64 x i8]* %buffer_4, [64 x i8]* %buffer_5, [64 x i8]* %buffer_6, [64 x i8]* %buffer_7, [64 x i8]* %buffer_8, [64 x i8]* %buffer_9, [64 x i8]* %buffer_10, [64 x i8]* %buffer_11, [64 x i8]* %buffer_12, [64 x i8]* %buffer_13, [64 x i8]* %buffer_14, [64 x i8]* %buffer_15, [64 x i8]* %buffer_16, [64 x i8]* %buffer_17, [64 x i8]* %buffer_18, [64 x i8]* %buffer_19, [64 x i8]* %buffer_20, [64 x i8]* %buffer_21, [64 x i8]* %buffer_22, [64 x i8]* %buffer_23, [64 x i8]* %buffer_24, [64 x i8]* %buffer_25, [64 x i8]* %buffer_26, [64 x i8]* %buffer_27, [64 x i8]* %buffer_28, [64 x i8]* %buffer_29, [64 x i8]* %buffer_30, [64 x i8]* %buffer_31, [64 x i8]* %buffer_32, [64 x i8]* %buffer_33, [64 x i8]* %buffer_34, [64 x i8]* %buffer_35, [64 x i8]* %buffer_36, [64 x i8]* %buffer_37, [64 x i8]* %buffer_38, [64 x i8]* %buffer_39, [64 x i8]* %buffer_40, [64 x i8]* %buffer_41, [64 x i8]* %buffer_42, [64 x i8]* %buffer_43, [64 x i8]* %buffer_44, [64 x i8]* %buffer_45, [64 x i8]* %buffer_46, [64 x i8]* %buffer_47, [64 x i8]* %buffer_48, [64 x i8]* %buffer_49, [64 x i8]* %buffer_50, [64 x i8]* %buffer_51, [64 x i8]* %buffer_52, [64 x i8]* %buffer_53, [64 x i8]* %buffer_54, [64 x i8]* %buffer_55, [64 x i8]* %buffer_56, [64 x i8]* %buffer_57, [64 x i8]* %buffer_58, [64 x i8]* %buffer_59, [64 x i8]* %buffer_60, [64 x i8]* %buffer_61, [64 x i8]* %buffer_62, [64 x i8]* %buffer_63, [64 x i8]* %buffer_64, [64 x i8]* %buffer_65, [64 x i8]* %buffer_66, [64 x i8]* %buffer_67, [64 x i8]* %buffer_68, [64 x i8]* %buffer_69, [64 x i8]* %buffer_70, [64 x i8]* %buffer_71, [64 x i8]* %buffer_72, [64 x i8]* %buffer_73, [64 x i8]* %buffer_74, [64 x i8]* %buffer_75, [64 x i8]* %buffer_76, [64 x i8]* %buffer_77, [64 x i8]* %buffer_78, [64 x i8]* %buffer_79, [64 x i8]* %buffer_80, [64 x i8]* %buffer_81, [64 x i8]* %buffer_82, [64 x i8]* %buffer_83, [64 x i8]* %buffer_84, [64 x i8]* %buffer_85, [64 x i8]* %buffer_86, [64 x i8]* %buffer_87, [64 x i8]* %buffer_88, [64 x i8]* %buffer_89, [64 x i8]* %buffer_90, [64 x i8]* %buffer_91, [64 x i8]* %buffer_92, [64 x i8]* %buffer_93, [64 x i8]* %buffer_94, [64 x i8]* %buffer_95, [64 x i8]* %buffer_96, [64 x i8]* %buffer_97, [64 x i8]* %buffer_98, [64 x i8]* %buffer_99, [64 x i8]* %buffer_100, [64 x i8]* %buffer_101, [64 x i8]* %buffer_102, [64 x i8]* %buffer_103, [64 x i8]* %buffer_104, [64 x i8]* %buffer_105, [64 x i8]* %buffer_106, [64 x i8]* %buffer_107, [64 x i8]* %buffer_108, [64 x i8]* %buffer_109, [64 x i8]* %buffer_110, [64 x i8]* %buffer_111, [64 x i8]* %buffer_112, [64 x i8]* %buffer_113, [64 x i8]* %buffer_114, [64 x i8]* %buffer_115, [64 x i8]* %buffer_116, [64 x i8]* %buffer_117, [64 x i8]* %buffer_118, [64 x i8]* %buffer_119, [64 x i8]* %buffer_120, [64 x i8]* %buffer_121, [64 x i8]* %buffer_122, [64 x i8]* %buffer_123, [64 x i8]* %buffer_124, [64 x i8]* %buffer_125, [64 x i8]* %buffer_126, [64 x i8]* %buffer_127, [7 x i13]* %indices)

ST_4: stg_558 [1/1] 1.57ns
:2  store i32 0, i32* %tmp_data_index


 <State 5>: 1.57ns
ST_5: stg_559 [1/2] 0.00ns
:1  call fastcc void @dedupDriver_calcHash([64 x i8]* %buffer_0, [64 x i8]* %buffer_1, [64 x i8]* %buffer_2, [64 x i8]* %buffer_3, [64 x i8]* %buffer_4, [64 x i8]* %buffer_5, [64 x i8]* %buffer_6, [64 x i8]* %buffer_7, [64 x i8]* %buffer_8, [64 x i8]* %buffer_9, [64 x i8]* %buffer_10, [64 x i8]* %buffer_11, [64 x i8]* %buffer_12, [64 x i8]* %buffer_13, [64 x i8]* %buffer_14, [64 x i8]* %buffer_15, [64 x i8]* %buffer_16, [64 x i8]* %buffer_17, [64 x i8]* %buffer_18, [64 x i8]* %buffer_19, [64 x i8]* %buffer_20, [64 x i8]* %buffer_21, [64 x i8]* %buffer_22, [64 x i8]* %buffer_23, [64 x i8]* %buffer_24, [64 x i8]* %buffer_25, [64 x i8]* %buffer_26, [64 x i8]* %buffer_27, [64 x i8]* %buffer_28, [64 x i8]* %buffer_29, [64 x i8]* %buffer_30, [64 x i8]* %buffer_31, [64 x i8]* %buffer_32, [64 x i8]* %buffer_33, [64 x i8]* %buffer_34, [64 x i8]* %buffer_35, [64 x i8]* %buffer_36, [64 x i8]* %buffer_37, [64 x i8]* %buffer_38, [64 x i8]* %buffer_39, [64 x i8]* %buffer_40, [64 x i8]* %buffer_41, [64 x i8]* %buffer_42, [64 x i8]* %buffer_43, [64 x i8]* %buffer_44, [64 x i8]* %buffer_45, [64 x i8]* %buffer_46, [64 x i8]* %buffer_47, [64 x i8]* %buffer_48, [64 x i8]* %buffer_49, [64 x i8]* %buffer_50, [64 x i8]* %buffer_51, [64 x i8]* %buffer_52, [64 x i8]* %buffer_53, [64 x i8]* %buffer_54, [64 x i8]* %buffer_55, [64 x i8]* %buffer_56, [64 x i8]* %buffer_57, [64 x i8]* %buffer_58, [64 x i8]* %buffer_59, [64 x i8]* %buffer_60, [64 x i8]* %buffer_61, [64 x i8]* %buffer_62, [64 x i8]* %buffer_63, [64 x i8]* %buffer_64, [64 x i8]* %buffer_65, [64 x i8]* %buffer_66, [64 x i8]* %buffer_67, [64 x i8]* %buffer_68, [64 x i8]* %buffer_69, [64 x i8]* %buffer_70, [64 x i8]* %buffer_71, [64 x i8]* %buffer_72, [64 x i8]* %buffer_73, [64 x i8]* %buffer_74, [64 x i8]* %buffer_75, [64 x i8]* %buffer_76, [64 x i8]* %buffer_77, [64 x i8]* %buffer_78, [64 x i8]* %buffer_79, [64 x i8]* %buffer_80, [64 x i8]* %buffer_81, [64 x i8]* %buffer_82, [64 x i8]* %buffer_83, [64 x i8]* %buffer_84, [64 x i8]* %buffer_85, [64 x i8]* %buffer_86, [64 x i8]* %buffer_87, [64 x i8]* %buffer_88, [64 x i8]* %buffer_89, [64 x i8]* %buffer_90, [64 x i8]* %buffer_91, [64 x i8]* %buffer_92, [64 x i8]* %buffer_93, [64 x i8]* %buffer_94, [64 x i8]* %buffer_95, [64 x i8]* %buffer_96, [64 x i8]* %buffer_97, [64 x i8]* %buffer_98, [64 x i8]* %buffer_99, [64 x i8]* %buffer_100, [64 x i8]* %buffer_101, [64 x i8]* %buffer_102, [64 x i8]* %buffer_103, [64 x i8]* %buffer_104, [64 x i8]* %buffer_105, [64 x i8]* %buffer_106, [64 x i8]* %buffer_107, [64 x i8]* %buffer_108, [64 x i8]* %buffer_109, [64 x i8]* %buffer_110, [64 x i8]* %buffer_111, [64 x i8]* %buffer_112, [64 x i8]* %buffer_113, [64 x i8]* %buffer_114, [64 x i8]* %buffer_115, [64 x i8]* %buffer_116, [64 x i8]* %buffer_117, [64 x i8]* %buffer_118, [64 x i8]* %buffer_119, [64 x i8]* %buffer_120, [64 x i8]* %buffer_121, [64 x i8]* %buffer_122, [64 x i8]* %buffer_123, [64 x i8]* %buffer_124, [64 x i8]* %buffer_125, [64 x i8]* %buffer_126, [64 x i8]* %buffer_127, [7 x i13]* %indices)

ST_5: stg_560 [1/1] 1.57ns
:3  br label %4


 <State 6>: 2.99ns
ST_6: i1 [1/1] 0.00ns
:0  %i1 = phi i3 [ 0, %3 ], [ %i_6, %7 ]

ST_6: exitcond [1/1] 1.62ns
:1  %exitcond = icmp eq i3 %i1, -1

ST_6: stg_563 [1/1] 0.00ns
:2  call void (...)* @_ssdm_op_SpecLoopTripCount(i64 7, i64 7, i64 7)

ST_6: i_6 [1/1] 0.80ns
:3  %i_6 = add i3 %i1, 1

ST_6: stg_565 [1/1] 0.00ns
:4  br i1 %exitcond, label %8, label %5

ST_6: tmp_35 [1/1] 0.00ns
:0  %tmp_35 = zext i3 %i1 to i64

ST_6: indices_addr_7 [1/1] 0.00ns
:1  %indices_addr_7 = getelementptr [7 x i13]* %indices, i64 0, i64 %tmp_35

ST_6: indices_load [2/2] 2.39ns
:2  %indices_load = load i13* %indices_addr_7, align 2

ST_6: stg_569 [1/1] 0.00ns
:0  ret void


 <State 7>: 6.14ns
ST_7: indices_load [1/2] 2.39ns
:2  %indices_load = load i13* %indices_addr_7, align 2

ST_7: lastIndex [1/1] 0.00ns
:3  %lastIndex = zext i13 %indices_load to i32

ST_7: tmp_36 [1/1] 2.18ns
:4  %tmp_36 = icmp eq i13 %indices_load, 0

ST_7: stg_573 [1/1] 1.57ns
:5  br i1 %tmp_36, label %7, label %6

ST_7: tmp_data_index_load [1/1] 0.00ns
:0  %tmp_data_index_load = load i32* %tmp_data_index

ST_7: dataLen [1/1] 2.44ns
:1  %dataLen = sub i32 %lastIndex, %tmp_data_index_load

ST_7: item_data_hashData [2/2] 0.00ns
:2  %item_data_hashData = call fastcc i32 @dedupDriver_murmurhash([64 x i8]* %buffer_0, [64 x i8]* %buffer_1, [64 x i8]* %buffer_2, [64 x i8]* %buffer_3, [64 x i8]* %buffer_4, [64 x i8]* %buffer_5, [64 x i8]* %buffer_6, [64 x i8]* %buffer_7, [64 x i8]* %buffer_8, [64 x i8]* %buffer_9, [64 x i8]* %buffer_10, [64 x i8]* %buffer_11, [64 x i8]* %buffer_12, [64 x i8]* %buffer_13, [64 x i8]* %buffer_14, [64 x i8]* %buffer_15, [64 x i8]* %buffer_16, [64 x i8]* %buffer_17, [64 x i8]* %buffer_18, [64 x i8]* %buffer_19, [64 x i8]* %buffer_20, [64 x i8]* %buffer_21, [64 x i8]* %buffer_22, [64 x i8]* %buffer_23, [64 x i8]* %buffer_24, [64 x i8]* %buffer_25, [64 x i8]* %buffer_26, [64 x i8]* %buffer_27, [64 x i8]* %buffer_28, [64 x i8]* %buffer_29, [64 x i8]* %buffer_30, [64 x i8]* %buffer_31, [64 x i8]* %buffer_32, [64 x i8]* %buffer_33, [64 x i8]* %buffer_34, [64 x i8]* %buffer_35, [64 x i8]* %buffer_36, [64 x i8]* %buffer_37, [64 x i8]* %buffer_38, [64 x i8]* %buffer_39, [64 x i8]* %buffer_40, [64 x i8]* %buffer_41, [64 x i8]* %buffer_42, [64 x i8]* %buffer_43, [64 x i8]* %buffer_44, [64 x i8]* %buffer_45, [64 x i8]* %buffer_46, [64 x i8]* %buffer_47, [64 x i8]* %buffer_48, [64 x i8]* %buffer_49, [64 x i8]* %buffer_50, [64 x i8]* %buffer_51, [64 x i8]* %buffer_52, [64 x i8]* %buffer_53, [64 x i8]* %buffer_54, [64 x i8]* %buffer_55, [64 x i8]* %buffer_56, [64 x i8]* %buffer_57, [64 x i8]* %buffer_58, [64 x i8]* %buffer_59, [64 x i8]* %buffer_60, [64 x i8]* %buffer_61, [64 x i8]* %buffer_62, [64 x i8]* %buffer_63, [64 x i8]* %buffer_64, [64 x i8]* %buffer_65, [64 x i8]* %buffer_66, [64 x i8]* %buffer_67, [64 x i8]* %buffer_68, [64 x i8]* %buffer_69, [64 x i8]* %buffer_70, [64 x i8]* %buffer_71, [64 x i8]* %buffer_72, [64 x i8]* %buffer_73, [64 x i8]* %buffer_74, [64 x i8]* %buffer_75, [64 x i8]* %buffer_76, [64 x i8]* %buffer_77, [64 x i8]* %buffer_78, [64 x i8]* %buffer_79, [64 x i8]* %buffer_80, [64 x i8]* %buffer_81, [64 x i8]* %buffer_82, [64 x i8]* %buffer_83, [64 x i8]* %buffer_84, [64 x i8]* %buffer_85, [64 x i8]* %buffer_86, [64 x i8]* %buffer_87, [64 x i8]* %buffer_88, [64 x i8]* %buffer_89, [64 x i8]* %buffer_90, [64 x i8]* %buffer_91, [64 x i8]* %buffer_92, [64 x i8]* %buffer_93, [64 x i8]* %buffer_94, [64 x i8]* %buffer_95, [64 x i8]* %buffer_96, [64 x i8]* %buffer_97, [64 x i8]* %buffer_98, [64 x i8]* %buffer_99, [64 x i8]* %buffer_100, [64 x i8]* %buffer_101, [64 x i8]* %buffer_102, [64 x i8]* %buffer_103, [64 x i8]* %buffer_104, [64 x i8]* %buffer_105, [64 x i8]* %buffer_106, [64 x i8]* %buffer_107, [64 x i8]* %buffer_108, [64 x i8]* %buffer_109, [64 x i8]* %buffer_110, [64 x i8]* %buffer_111, [64 x i8]* %buffer_112, [64 x i8]* %buffer_113, [64 x i8]* %buffer_114, [64 x i8]* %buffer_115, [64 x i8]* %buffer_116, [64 x i8]* %buffer_117, [64 x i8]* %buffer_118, [64 x i8]* %buffer_119, [64 x i8]* %buffer_120, [64 x i8]* %buffer_121, [64 x i8]* %buffer_122, [64 x i8]* %buffer_123, [64 x i8]* %buffer_124, [64 x i8]* %buffer_125, [64 x i8]* %buffer_126, [64 x i8]* %buffer_127, i32 %tmp_data_index_load, i32 %dataLen)

ST_7: stg_577 [1/1] 1.57ns
:3  store i32 %lastIndex, i32* %tmp_data_index


 <State 8>: 7.45ns
ST_8: item_data_hashData [1/2] 7.45ns
:2  %item_data_hashData = call fastcc i32 @dedupDriver_murmurhash([64 x i8]* %buffer_0, [64 x i8]* %buffer_1, [64 x i8]* %buffer_2, [64 x i8]* %buffer_3, [64 x i8]* %buffer_4, [64 x i8]* %buffer_5, [64 x i8]* %buffer_6, [64 x i8]* %buffer_7, [64 x i8]* %buffer_8, [64 x i8]* %buffer_9, [64 x i8]* %buffer_10, [64 x i8]* %buffer_11, [64 x i8]* %buffer_12, [64 x i8]* %buffer_13, [64 x i8]* %buffer_14, [64 x i8]* %buffer_15, [64 x i8]* %buffer_16, [64 x i8]* %buffer_17, [64 x i8]* %buffer_18, [64 x i8]* %buffer_19, [64 x i8]* %buffer_20, [64 x i8]* %buffer_21, [64 x i8]* %buffer_22, [64 x i8]* %buffer_23, [64 x i8]* %buffer_24, [64 x i8]* %buffer_25, [64 x i8]* %buffer_26, [64 x i8]* %buffer_27, [64 x i8]* %buffer_28, [64 x i8]* %buffer_29, [64 x i8]* %buffer_30, [64 x i8]* %buffer_31, [64 x i8]* %buffer_32, [64 x i8]* %buffer_33, [64 x i8]* %buffer_34, [64 x i8]* %buffer_35, [64 x i8]* %buffer_36, [64 x i8]* %buffer_37, [64 x i8]* %buffer_38, [64 x i8]* %buffer_39, [64 x i8]* %buffer_40, [64 x i8]* %buffer_41, [64 x i8]* %buffer_42, [64 x i8]* %buffer_43, [64 x i8]* %buffer_44, [64 x i8]* %buffer_45, [64 x i8]* %buffer_46, [64 x i8]* %buffer_47, [64 x i8]* %buffer_48, [64 x i8]* %buffer_49, [64 x i8]* %buffer_50, [64 x i8]* %buffer_51, [64 x i8]* %buffer_52, [64 x i8]* %buffer_53, [64 x i8]* %buffer_54, [64 x i8]* %buffer_55, [64 x i8]* %buffer_56, [64 x i8]* %buffer_57, [64 x i8]* %buffer_58, [64 x i8]* %buffer_59, [64 x i8]* %buffer_60, [64 x i8]* %buffer_61, [64 x i8]* %buffer_62, [64 x i8]* %buffer_63, [64 x i8]* %buffer_64, [64 x i8]* %buffer_65, [64 x i8]* %buffer_66, [64 x i8]* %buffer_67, [64 x i8]* %buffer_68, [64 x i8]* %buffer_69, [64 x i8]* %buffer_70, [64 x i8]* %buffer_71, [64 x i8]* %buffer_72, [64 x i8]* %buffer_73, [64 x i8]* %buffer_74, [64 x i8]* %buffer_75, [64 x i8]* %buffer_76, [64 x i8]* %buffer_77, [64 x i8]* %buffer_78, [64 x i8]* %buffer_79, [64 x i8]* %buffer_80, [64 x i8]* %buffer_81, [64 x i8]* %buffer_82, [64 x i8]* %buffer_83, [64 x i8]* %buffer_84, [64 x i8]* %buffer_85, [64 x i8]* %buffer_86, [64 x i8]* %buffer_87, [64 x i8]* %buffer_88, [64 x i8]* %buffer_89, [64 x i8]* %buffer_90, [64 x i8]* %buffer_91, [64 x i8]* %buffer_92, [64 x i8]* %buffer_93, [64 x i8]* %buffer_94, [64 x i8]* %buffer_95, [64 x i8]* %buffer_96, [64 x i8]* %buffer_97, [64 x i8]* %buffer_98, [64 x i8]* %buffer_99, [64 x i8]* %buffer_100, [64 x i8]* %buffer_101, [64 x i8]* %buffer_102, [64 x i8]* %buffer_103, [64 x i8]* %buffer_104, [64 x i8]* %buffer_105, [64 x i8]* %buffer_106, [64 x i8]* %buffer_107, [64 x i8]* %buffer_108, [64 x i8]* %buffer_109, [64 x i8]* %buffer_110, [64 x i8]* %buffer_111, [64 x i8]* %buffer_112, [64 x i8]* %buffer_113, [64 x i8]* %buffer_114, [64 x i8]* %buffer_115, [64 x i8]* %buffer_116, [64 x i8]* %buffer_117, [64 x i8]* %buffer_118, [64 x i8]* %buffer_119, [64 x i8]* %buffer_120, [64 x i8]* %buffer_121, [64 x i8]* %buffer_122, [64 x i8]* %buffer_123, [64 x i8]* %buffer_124, [64 x i8]* %buffer_125, [64 x i8]* %buffer_126, [64 x i8]* %buffer_127, i32 %tmp_data_index_load, i32 %dataLen)


 <State 9>: 1.62ns
ST_9: stg_579 [1/1] 1.57ns
:4  br label %7

ST_9: tmp_data_hashData [1/1] 0.00ns
:0  %tmp_data_hashData = phi i32 [ %item_data_hashData, %6 ], [ 0, %5 ]

ST_9: item_last_V [1/1] 1.62ns
:1  %item_last_V = icmp eq i3 %i1, -2

ST_9: tmp_data [1/1] 0.00ns
:2  %tmp_data = call i64 @_ssdm_op_BitConcatenate.i64.i32.i32(i32 %tmp_data_hashData, i32 %lastIndex)

ST_9: stg_583 [1/1] 0.00ns
:3  call void @_ssdm_op_Write.axis.volatile.i64P.i1P(i64* %outputData_V_data, i1* %outputData_V_last_V, i64 %tmp_data, i1 %item_last_V)

ST_9: stg_584 [1/1] 0.00ns
:4  br label %4



============================================================
+ Verbose Summary: Timing violations
============================================================
Target clock period: 10ns, clock uncertainty: 1.25ns.

 No timing violations. 


============================================================
+ Verbose Summary: Binding
============================================================
N/A
* FSMD analyzer results:
  - Output states:
 - Input state : 
  - Chain level:
	State 1
	State 2
	State 3
	State 4
	State 5
	State 6
	State 7
	State 8
	State 9


============================================================
+ Verbose Summary: Datapath Resource usage 
============================================================
N/A
