   Compiling ../../adder_test.cpp in debug mode
   Compiling ../../adder.cpp in debug mode
   Generating csim.exe
Expected 6, got 6
Expected 22, got 22
Expected 38, got 38
Expected 54, got 54
Expected 70, got 70
Expected 86, got 86
Expected 102, got 102
Expected 118, got 118
Expected 134, got 134
Expected 150, got 150
Expected 166, got 166
Expected 182, got 182
Expected 198, got 198
Expected 214, got 214
Expected 230, got 230
Expected 246, got 246
Expected 262, got 262
Expected 278, got 278
Expected 294, got 294
Expected 310, got 310
Expected 326, got 326
Expected 342, got 342
Expected 358, got 358
Expected 374, got 374
Expected 390, got 390
Expected 406, got 406
Expected 422, got 422
Expected 438, got 438
Expected 454, got 454
Expected 470, got 470
Expected 486, got 486
Expected 502, got 502
Expected 518, got 518
Expected 534, got 534
Expected 550, got 550
Expected 566, got 566
Expected 582, got 582
Expected 598, got 598
Expected 614, got 614
Expected 630, got 630
Expected 646, got 646
Expected 662, got 662
Expected 678, got 678
Expected 694, got 694
Expected 710, got 710
Expected 726, got 726
Expected 742, got 742
Expected 758, got 758
Expected 774, got 774
Expected 790, got 790
Expected 806, got 806
Expected 822, got 822
Expected 838, got 838
Expected 854, got 854
Expected 870, got 870
Expected 886, got 886
Expected 902, got 902
Expected 918, got 918
Expected 934, got 934
Expected 950, got 950
Expected 966, got 966
Expected 982, got 982
Expected 998, got 998
Expected 1014, got 1014
Expected 1030, got 1030
Expected 1046, got 1046
Expected 1062, got 1062
Expected 1078, got 1078
Expected 1094, got 1094
Expected 1110, got 1110
Expected 1126, got 1126
Expected 1142, got 1142
Expected 1158, got 1158
Expected 1174, got 1174
Expected 1190, got 1190
Expected 1206, got 1206
Expected 1222, got 1222
Expected 1238, got 1238
Expected 1254, got 1254
Expected 1270, got 1270
Expected 1286, got 1286
Expected 1302, got 1302
Expected 1318, got 1318
Expected 1334, got 1334
Expected 1350, got 1350
Expected 1366, got 1366
Expected 1382, got 1382
Expected 1398, got 1398
Expected 1414, got 1414
Expected 1430, got 1430
Expected 1446, got 1446
Expected 1462, got 1462
Expected 1478, got 1478
Expected 1494, got 1494
Expected 1510, got 1510
Expected 1526, got 1526
Expected 1542, got 1542
Expected 1558, got 1558
Expected 1574, got 1574
Expected 1590, got 1590
Expected 1606, got 1606
Expected 1622, got 1622
Expected 1638, got 1638
Expected 1654, got 1654
Expected 1670, got 1670
Expected 1686, got 1686
Expected 1702, got 1702
Expected 1718, got 1718
Expected 1734, got 1734
Expected 1750, got 1750
Expected 1766, got 1766
Expected 1782, got 1782
Expected 1798, got 1798
Expected 1814, got 1814
Expected 1830, got 1830
Expected 1846, got 1846
Expected 1862, got 1862
Expected 1878, got 1878
Expected 1894, got 1894
Expected 1910, got 1910
Expected 1926, got 1926
Expected 1942, got 1942
Expected 1958, got 1958
Expected 1974, got 1974
Expected 1990, got 1990
Expected 2006, got 2006
Expected 2022, got 2022
Expected 2038, got 2038
Expected 2054, got 2054
Expected 2070, got 2070
Expected 2086, got 2086
Expected 2102, got 2102
Expected 2118, got 2118
Expected 2134, got 2134
Expected 2150, got 2150
Expected 2166, got 2166
Expected 2182, got 2182
Expected 2198, got 2198
Expected 2214, got 2214
Expected 2230, got 2230
Expected 2246, got 2246
Expected 2262, got 2262
Expected 2278, got 2278
Expected 2294, got 2294
Expected 2310, got 2310
Expected 2326, got 2326
Expected 2342, got 2342
Expected 2358, got 2358
Expected 2374, got 2374
Expected 2390, got 2390
Expected 2406, got 2406
Expected 2422, got 2422
Expected 2438, got 2438
Expected 2454, got 2454
Expected 2470, got 2470
Expected 2486, got 2486
Expected 2502, got 2502
Expected 2518, got 2518
Expected 2534, got 2534
Expected 2550, got 2550
Expected 2566, got 2566
Expected 2582, got 2582
Expected 2598, got 2598
Expected 2614, got 2614
Expected 2630, got 2630
Expected 2646, got 2646
Expected 2662, got 2662
Expected 2678, got 2678
Expected 2694, got 2694
Expected 2710, got 2710
Expected 2726, got 2726
Expected 2742, got 2742
Expected 2758, got 2758
Expected 2774, got 2774
Expected 2790, got 2790
Expected 2806, got 2806
Expected 2822, got 2822
Expected 2838, got 2838
Expected 2854, got 2854
Expected 2870, got 2870
Expected 2886, got 2886
Expected 2902, got 2902
Expected 2918, got 2918
Expected 2934, got 2934
Expected 2950, got 2950
Expected 2966, got 2966
Expected 2982, got 2982
Expected 2998, got 2998
Expected 3014, got 3014
Expected 3030, got 3030
Expected 3046, got 3046
Expected 3062, got 3062
Expected 3078, got 3078
Expected 3094, got 3094
Expected 3110, got 3110
Expected 3126, got 3126
Expected 3142, got 3142
Expected 3158, got 3158
Expected 3174, got 3174
Expected 3190, got 3190
Expected 3206, got 3206
Expected 3222, got 3222
Expected 3238, got 3238
Expected 3254, got 3254
Expected 3270, got 3270
Expected 3286, got 3286
Expected 3302, got 3302
Expected 3318, got 3318
Expected 3334, got 3334
Expected 3350, got 3350
Expected 3366, got 3366
Expected 3382, got 3382
Expected 3398, got 3398
Expected 3414, got 3414
Expected 3430, got 3430
Expected 3446, got 3446
Expected 3462, got 3462
Expected 3478, got 3478
Expected 3494, got 3494
Expected 3510, got 3510
Expected 3526, got 3526
Expected 3542, got 3542
Expected 3558, got 3558
Expected 3574, got 3574
Expected 3590, got 3590
Expected 3606, got 3606
Expected 3622, got 3622
Expected 3638, got 3638
Expected 3654, got 3654
Expected 3670, got 3670
Expected 3686, got 3686
Expected 3702, got 3702
Expected 3718, got 3718
Expected 3734, got 3734
Expected 3750, got 3750
Expected 3766, got 3766
Expected 3782, got 3782
Expected 3798, got 3798
Expected 3814, got 3814
Expected 3830, got 3830
Expected 3846, got 3846
Expected 3862, got 3862
Expected 3878, got 3878
Expected 3894, got 3894
Expected 3910, got 3910
Expected 3926, got 3926
Expected 3942, got 3942
Expected 3958, got 3958
Expected 3974, got 3974
Expected 3990, got 3990
Expected 4006, got 4006
Expected 4022, got 4022
Expected 4038, got 4038
Expected 4054, got 4054
Expected 4070, got 4070
Expected 4086, got 4086
Expected 4102, got 4102
Expected 4118, got 4118
Expected 4134, got 4134
Expected 4150, got 4150
Expected 4166, got 4166
Expected 4182, got 4182
Expected 4198, got 4198
Expected 4214, got 4214
Expected 4230, got 4230
Expected 4246, got 4246
Expected 4262, got 4262
Expected 4278, got 4278
Expected 4294, got 4294
Expected 4310, got 4310
Expected 4326, got 4326
Expected 4342, got 4342
Expected 4358, got 4358
Expected 4374, got 4374
Expected 4390, got 4390
Expected 4406, got 4406
Expected 4422, got 4422
Expected 4438, got 4438
Expected 4454, got 4454
Expected 4470, got 4470
Expected 4486, got 4486
Expected 4502, got 4502
Expected 4518, got 4518
Expected 4534, got 4534
Expected 4550, got 4550
Expected 4566, got 4566
Expected 4582, got 4582
Expected 4598, got 4598
Expected 4614, got 4614
Expected 4630, got 4630
Expected 4646, got 4646
Expected 4662, got 4662
Expected 4678, got 4678
Expected 4694, got 4694
Expected 4710, got 4710
Expected 4726, got 4726
Expected 4742, got 4742
Expected 4758, got 4758
Expected 4774, got 4774
Expected 4790, got 4790
Expected 4806, got 4806
Expected 4822, got 4822
Expected 4838, got 4838
Expected 4854, got 4854
Expected 4870, got 4870
Expected 4886, got 4886
Expected 4902, got 4902
Expected 4918, got 4918
Expected 4934, got 4934
Expected 4950, got 4950
Expected 4966, got 4966
Expected 4982, got 4982
Expected 4998, got 4998
Expected 5014, got 5014
Expected 5030, got 5030
Expected 5046, got 5046
Expected 5062, got 5062
Expected 5078, got 5078
Expected 5094, got 5094
Expected 5110, got 5110
Expected 5126, got 5126
Expected 5142, got 5142
Expected 5158, got 5158
Expected 5174, got 5174
Expected 5190, got 5190
Expected 5206, got 5206
Expected 5222, got 5222
Expected 5238, got 5238
Expected 5254, got 5254
Expected 5270, got 5270
Expected 5286, got 5286
Expected 5302, got 5302
Expected 5318, got 5318
Expected 5334, got 5334
Expected 5350, got 5350
Expected 5366, got 5366
Expected 5382, got 5382
Expected 5398, got 5398
Expected 5414, got 5414
Expected 5430, got 5430
Expected 5446, got 5446
Expected 5462, got 5462
Expected 5478, got 5478
Expected 5494, got 5494
Expected 5510, got 5510
Expected 5526, got 5526
Expected 5542, got 5542
Expected 5558, got 5558
Expected 5574, got 5574
Expected 5590, got 5590
Expected 5606, got 5606
Expected 5622, got 5622
Expected 5638, got 5638
Expected 5654, got 5654
Expected 5670, got 5670
Expected 5686, got 5686
Expected 5702, got 5702
Expected 5718, got 5718
Expected 5734, got 5734
Expected 5750, got 5750
Expected 5766, got 5766
Expected 5782, got 5782
Expected 5798, got 5798
Expected 5814, got 5814
Expected 5830, got 5830
Expected 5846, got 5846
Expected 5862, got 5862
Expected 5878, got 5878
Expected 5894, got 5894
Expected 5910, got 5910
Expected 5926, got 5926
Expected 5942, got 5942
Expected 5958, got 5958
Expected 5974, got 5974
Expected 5990, got 5990
Expected 6006, got 6006
Expected 6022, got 6022
Expected 6038, got 6038
Expected 6054, got 6054
Expected 6070, got 6070
Expected 6086, got 6086
Expected 6102, got 6102
Expected 6118, got 6118
Expected 6134, got 6134
Expected 6150, got 6150
Expected 6166, got 6166
Expected 6182, got 6182
Expected 6198, got 6198
Expected 6214, got 6214
Expected 6230, got 6230
Expected 6246, got 6246
Expected 6262, got 6262
Expected 6278, got 6278
Expected 6294, got 6294
Expected 6310, got 6310
Expected 6326, got 6326
Expected 6342, got 6342
Expected 6358, got 6358
Expected 6374, got 6374
Expected 6390, got 6390
Expected 6406, got 6406
Expected 6422, got 6422
Expected 6438, got 6438
Expected 6454, got 6454
Expected 6470, got 6470
Expected 6486, got 6486
Expected 6502, got 6502
Expected 6518, got 6518
Expected 6534, got 6534
Expected 6550, got 6550
Expected 6566, got 6566
Expected 6582, got 6582
Expected 6598, got 6598
Expected 6614, got 6614
Expected 6630, got 6630
Expected 6646, got 6646
Expected 6662, got 6662
Expected 6678, got 6678
Expected 6694, got 6694
Expected 6710, got 6710
Expected 6726, got 6726
Expected 6742, got 6742
Expected 6758, got 6758
Expected 6774, got 6774
Expected 6790, got 6790
Expected 6806, got 6806
Expected 6822, got 6822
Expected 6838, got 6838
Expected 6854, got 6854
Expected 6870, got 6870
Expected 6886, got 6886
Expected 6902, got 6902
Expected 6918, got 6918
Expected 6934, got 6934
Expected 6950, got 6950
Expected 6966, got 6966
Expected 6982, got 6982
Expected 6998, got 6998
Expected 7014, got 7014
Expected 7030, got 7030
Expected 7046, got 7046
Expected 7062, got 7062
Expected 7078, got 7078
Expected 7094, got 7094
Expected 7110, got 7110
Expected 7126, got 7126
Expected 7142, got 7142
Expected 7158, got 7158
Expected 7174, got 7174
Expected 7190, got 7190
Expected 7206, got 7206
Expected 7222, got 7222
Expected 7238, got 7238
Expected 7254, got 7254
Expected 7270, got 7270
Expected 7286, got 7286
Expected 7302, got 7302
Expected 7318, got 7318
Expected 7334, got 7334
Expected 7350, got 7350
Expected 7366, got 7366
Expected 7382, got 7382
Expected 7398, got 7398
Expected 7414, got 7414
Expected 7430, got 7430
Expected 7446, got 7446
Expected 7462, got 7462
Expected 7478, got 7478
Expected 7494, got 7494
Expected 7510, got 7510
Expected 7526, got 7526
Expected 7542, got 7542
Expected 7558, got 7558
Expected 7574, got 7574
Expected 7590, got 7590
Expected 7606, got 7606
Expected 7622, got 7622
Expected 7638, got 7638
Expected 7654, got 7654
Expected 7670, got 7670
Expected 7686, got 7686
Expected 7702, got 7702
Expected 7718, got 7718
Expected 7734, got 7734
Expected 7750, got 7750
Expected 7766, got 7766
Expected 7782, got 7782
Expected 7798, got 7798
Expected 7814, got 7814
Expected 7830, got 7830
Expected 7846, got 7846
Expected 7862, got 7862
Expected 7878, got 7878
Expected 7894, got 7894
Expected 7910, got 7910
Expected 7926, got 7926
Expected 7942, got 7942
Expected 7958, got 7958
Expected 7974, got 7974
Expected 7990, got 7990
Expected 8006, got 8006
Expected 8022, got 8022
Expected 8038, got 8038
Expected 8054, got 8054
Expected 8070, got 8070
Expected 8086, got 8086
Expected 8102, got 8102
Expected 8118, got 8118
Expected 8134, got 8134
Expected 8150, got 8150
Expected 8166, got 8166
Expected 8182, got 8182
Expected 8198, got 8198
Expected 8214, got 8214
Expected 8230, got 8230
Expected 8246, got 8246
Expected 8262, got 8262
Expected 8278, got 8278
Expected 8294, got 8294
Expected 8310, got 8310
Expected 8326, got 8326
Expected 8342, got 8342
Expected 8358, got 8358
Expected 8374, got 8374
Expected 8390, got 8390
Expected 8406, got 8406
Expected 8422, got 8422
Expected 8438, got 8438
Expected 8454, got 8454
Expected 8470, got 8470
Expected 8486, got 8486
Expected 8502, got 8502
Expected 8518, got 8518
Expected 8534, got 8534
Expected 8550, got 8550
Expected 8566, got 8566
Expected 8582, got 8582
Expected 8598, got 8598
Expected 8614, got 8614
Expected 8630, got 8630
Expected 8646, got 8646
Expected 8662, got 8662
Expected 8678, got 8678
Expected 8694, got 8694
Expected 8710, got 8710
Expected 8726, got 8726
Expected 8742, got 8742
Expected 8758, got 8758
Expected 8774, got 8774
Expected 8790, got 8790
Expected 8806, got 8806
Expected 8822, got 8822
Expected 8838, got 8838
Expected 8854, got 8854
Expected 8870, got 8870
Expected 8886, got 8886
Expected 8902, got 8902
Expected 8918, got 8918
Expected 8934, got 8934
Expected 8950, got 8950
Expected 8966, got 8966
Expected 8982, got 8982
Expected 8998, got 8998
Expected 9014, got 9014
Expected 9030, got 9030
Expected 9046, got 9046
Expected 9062, got 9062
Expected 9078, got 9078
Expected 9094, got 9094
Expected 9110, got 9110
Expected 9126, got 9126
Expected 9142, got 9142
Expected 9158, got 9158
Expected 9174, got 9174
Expected 9190, got 9190
Expected 9206, got 9206
Expected 9222, got 9222
Expected 9238, got 9238
Expected 9254, got 9254
Expected 9270, got 9270
Expected 9286, got 9286
Expected 9302, got 9302
Expected 9318, got 9318
Expected 9334, got 9334
Expected 9350, got 9350
Expected 9366, got 9366
Expected 9382, got 9382
Expected 9398, got 9398
Expected 9414, got 9414
Expected 9430, got 9430
Expected 9446, got 9446
Expected 9462, got 9462
Expected 9478, got 9478
Expected 9494, got 9494
Expected 9510, got 9510
Expected 9526, got 9526
Expected 9542, got 9542
Expected 9558, got 9558
Expected 9574, got 9574
Expected 9590, got 9590
Expected 9606, got 9606
Expected 9622, got 9622
Expected 9638, got 9638
Expected 9654, got 9654
Expected 9670, got 9670
Expected 9686, got 9686
Expected 9702, got 9702
Expected 9718, got 9718
Expected 9734, got 9734
Expected 9750, got 9750
Expected 9766, got 9766
Expected 9782, got 9782
Expected 9798, got 9798
Expected 9814, got 9814
Expected 9830, got 9830
Expected 9846, got 9846
Expected 9862, got 9862
Expected 9878, got 9878
Expected 9894, got 9894
Expected 9910, got 9910
Expected 9926, got 9926
Expected 9942, got 9942
Expected 9958, got 9958
Expected 9974, got 9974
Expected 9990, got 9990
Expected 10006, got 10006
Expected 10022, got 10022
Expected 10038, got 10038
Expected 10054, got 10054
Expected 10070, got 10070
Expected 10086, got 10086
Expected 10102, got 10102
Expected 10118, got 10118
Expected 10134, got 10134
Expected 10150, got 10150
Expected 10166, got 10166
Expected 10182, got 10182
Expected 10198, got 10198
Expected 10214, got 10214
Expected 10230, got 10230
Expected 10246, got 10246
Expected 10262, got 10262
Expected 10278, got 10278
Expected 10294, got 10294
Expected 10310, got 10310
Expected 10326, got 10326
Expected 10342, got 10342
Expected 10358, got 10358
Expected 10374, got 10374
Expected 10390, got 10390
Expected 10406, got 10406
Expected 10422, got 10422
Expected 10438, got 10438
Expected 10454, got 10454
Expected 10470, got 10470
Expected 10486, got 10486
Expected 10502, got 10502
Expected 10518, got 10518
Expected 10534, got 10534
Expected 10550, got 10550
Expected 10566, got 10566
Expected 10582, got 10582
Expected 10598, got 10598
Expected 10614, got 10614
Expected 10630, got 10630
Expected 10646, got 10646
Expected 10662, got 10662
Expected 10678, got 10678
Expected 10694, got 10694
Expected 10710, got 10710
Expected 10726, got 10726
Expected 10742, got 10742
Expected 10758, got 10758
Expected 10774, got 10774
Expected 10790, got 10790
Expected 10806, got 10806
Expected 10822, got 10822
Expected 10838, got 10838
Expected 10854, got 10854
Expected 10870, got 10870
Expected 10886, got 10886
Expected 10902, got 10902
Expected 10918, got 10918
Expected 10934, got 10934
Expected 10950, got 10950
Expected 10966, got 10966
Expected 10982, got 10982
Expected 10998, got 10998
Expected 11014, got 11014
Expected 11030, got 11030
Expected 11046, got 11046
Expected 11062, got 11062
Expected 11078, got 11078
Expected 11094, got 11094
Expected 11110, got 11110
Expected 11126, got 11126
Expected 11142, got 11142
Expected 11158, got 11158
Expected 11174, got 11174
Expected 11190, got 11190
Expected 11206, got 11206
Expected 11222, got 11222
Expected 11238, got 11238
Expected 11254, got 11254
Expected 11270, got 11270
Expected 11286, got 11286
Expected 11302, got 11302
Expected 11318, got 11318
Expected 11334, got 11334
Expected 11350, got 11350
Expected 11366, got 11366
Expected 11382, got 11382
Expected 11398, got 11398
Expected 11414, got 11414
Expected 11430, got 11430
Expected 11446, got 11446
Expected 11462, got 11462
Expected 11478, got 11478
Expected 11494, got 11494
Expected 11510, got 11510
Expected 11526, got 11526
Expected 11542, got 11542
Expected 11558, got 11558
Expected 11574, got 11574
Expected 11590, got 11590
Expected 11606, got 11606
Expected 11622, got 11622
Expected 11638, got 11638
Expected 11654, got 11654
Expected 11670, got 11670
Expected 11686, got 11686
Expected 11702, got 11702
Expected 11718, got 11718
Expected 11734, got 11734
Expected 11750, got 11750
Expected 11766, got 11766
Expected 11782, got 11782
Expected 11798, got 11798
Expected 11814, got 11814
Expected 11830, got 11830
Expected 11846, got 11846
Expected 11862, got 11862
Expected 11878, got 11878
Expected 11894, got 11894
Expected 11910, got 11910
Expected 11926, got 11926
Expected 11942, got 11942
Expected 11958, got 11958
Expected 11974, got 11974
Expected 11990, got 11990
Expected 12006, got 12006
Expected 12022, got 12022
Expected 12038, got 12038
Expected 12054, got 12054
Expected 12070, got 12070
Expected 12086, got 12086
Expected 12102, got 12102
Expected 12118, got 12118
Expected 12134, got 12134
Expected 12150, got 12150
Expected 12166, got 12166
Expected 12182, got 12182
Expected 12198, got 12198
Expected 12214, got 12214
Expected 12230, got 12230
Expected 12246, got 12246
Expected 12262, got 12262
Expected 12278, got 12278
Expected 12294, got 12294
Expected 12310, got 12310
Expected 12326, got 12326
Expected 12342, got 12342
Expected 12358, got 12358
Expected 12374, got 12374
Expected 12390, got 12390
Expected 12406, got 12406
Expected 12422, got 12422
Expected 12438, got 12438
Expected 12454, got 12454
Expected 12470, got 12470
Expected 12486, got 12486
Expected 12502, got 12502
Expected 12518, got 12518
Expected 12534, got 12534
Expected 12550, got 12550
Expected 12566, got 12566
Expected 12582, got 12582
Expected 12598, got 12598
Expected 12614, got 12614
Expected 12630, got 12630
Expected 12646, got 12646
Expected 12662, got 12662
Expected 12678, got 12678
Expected 12694, got 12694
Expected 12710, got 12710
Expected 12726, got 12726
Expected 12742, got 12742
Expected 12758, got 12758
Expected 12774, got 12774
Expected 12790, got 12790
Expected 12806, got 12806
Expected 12822, got 12822
Expected 12838, got 12838
Expected 12854, got 12854
Expected 12870, got 12870
Expected 12886, got 12886
Expected 12902, got 12902
Expected 12918, got 12918
Expected 12934, got 12934
Expected 12950, got 12950
Expected 12966, got 12966
Expected 12982, got 12982
Expected 12998, got 12998
Expected 13014, got 13014
Expected 13030, got 13030
Expected 13046, got 13046
Expected 13062, got 13062
Expected 13078, got 13078
Expected 13094, got 13094
Expected 13110, got 13110
Expected 13126, got 13126
Expected 13142, got 13142
Expected 13158, got 13158
Expected 13174, got 13174
Expected 13190, got 13190
Expected 13206, got 13206
Expected 13222, got 13222
Expected 13238, got 13238
Expected 13254, got 13254
Expected 13270, got 13270
Expected 13286, got 13286
Expected 13302, got 13302
Expected 13318, got 13318
Expected 13334, got 13334
Expected 13350, got 13350
Expected 13366, got 13366
Expected 13382, got 13382
Expected 13398, got 13398
Expected 13414, got 13414
Expected 13430, got 13430
Expected 13446, got 13446
Expected 13462, got 13462
Expected 13478, got 13478
Expected 13494, got 13494
Expected 13510, got 13510
Expected 13526, got 13526
Expected 13542, got 13542
Expected 13558, got 13558
Expected 13574, got 13574
Expected 13590, got 13590
Expected 13606, got 13606
Expected 13622, got 13622
Expected 13638, got 13638
Expected 13654, got 13654
Expected 13670, got 13670
Expected 13686, got 13686
Expected 13702, got 13702
Expected 13718, got 13718
Expected 13734, got 13734
Expected 13750, got 13750
Expected 13766, got 13766
Expected 13782, got 13782
Expected 13798, got 13798
Expected 13814, got 13814
Expected 13830, got 13830
Expected 13846, got 13846
Expected 13862, got 13862
Expected 13878, got 13878
Expected 13894, got 13894
Expected 13910, got 13910
Expected 13926, got 13926
Expected 13942, got 13942
Expected 13958, got 13958
Expected 13974, got 13974
Expected 13990, got 13990
Expected 14006, got 14006
Expected 14022, got 14022
Expected 14038, got 14038
Expected 14054, got 14054
Expected 14070, got 14070
Expected 14086, got 14086
Expected 14102, got 14102
Expected 14118, got 14118
Expected 14134, got 14134
Expected 14150, got 14150
Expected 14166, got 14166
Expected 14182, got 14182
Expected 14198, got 14198
Expected 14214, got 14214
Expected 14230, got 14230
Expected 14246, got 14246
Expected 14262, got 14262
Expected 14278, got 14278
Expected 14294, got 14294
Expected 14310, got 14310
Expected 14326, got 14326
Expected 14342, got 14342
Expected 14358, got 14358
Expected 14374, got 14374
Expected 14390, got 14390
Expected 14406, got 14406
Expected 14422, got 14422
Expected 14438, got 14438
Expected 14454, got 14454
Expected 14470, got 14470
Expected 14486, got 14486
Expected 14502, got 14502
Expected 14518, got 14518
Expected 14534, got 14534
Expected 14550, got 14550
Expected 14566, got 14566
Expected 14582, got 14582
Expected 14598, got 14598
Expected 14614, got 14614
Expected 14630, got 14630
Expected 14646, got 14646
Expected 14662, got 14662
Expected 14678, got 14678
Expected 14694, got 14694
Expected 14710, got 14710
Expected 14726, got 14726
Expected 14742, got 14742
Expected 14758, got 14758
Expected 14774, got 14774
Expected 14790, got 14790
Expected 14806, got 14806
Expected 14822, got 14822
Expected 14838, got 14838
Expected 14854, got 14854
Expected 14870, got 14870
Expected 14886, got 14886
Expected 14902, got 14902
Expected 14918, got 14918
Expected 14934, got 14934
Expected 14950, got 14950
Expected 14966, got 14966
Expected 14982, got 14982
Expected 14998, got 14998
Expected 15014, got 15014
Expected 15030, got 15030
Expected 15046, got 15046
Expected 15062, got 15062
Expected 15078, got 15078
Expected 15094, got 15094
Expected 15110, got 15110
Expected 15126, got 15126
Expected 15142, got 15142
Expected 15158, got 15158
Expected 15174, got 15174
Expected 15190, got 15190
Expected 15206, got 15206
Expected 15222, got 15222
Expected 15238, got 15238
Expected 15254, got 15254
Expected 15270, got 15270
Expected 15286, got 15286
Expected 15302, got 15302
Expected 15318, got 15318
Expected 15334, got 15334
Expected 15350, got 15350
Expected 15366, got 15366
Expected 15382, got 15382
Expected 15398, got 15398
Expected 15414, got 15414
Expected 15430, got 15430
Expected 15446, got 15446
Expected 15462, got 15462
Expected 15478, got 15478
Expected 15494, got 15494
Expected 15510, got 15510
Expected 15526, got 15526
Expected 15542, got 15542
Expected 15558, got 15558
Expected 15574, got 15574
Expected 15590, got 15590
Expected 15606, got 15606
Expected 15622, got 15622
Expected 15638, got 15638
Expected 15654, got 15654
Expected 15670, got 15670
Expected 15686, got 15686
Expected 15702, got 15702
Expected 15718, got 15718
Expected 15734, got 15734
Expected 15750, got 15750
Expected 15766, got 15766
Expected 15782, got 15782
Expected 15798, got 15798
Expected 15814, got 15814
Expected 15830, got 15830
Expected 15846, got 15846
Expected 15862, got 15862
Expected 15878, got 15878
Expected 15894, got 15894
Expected 15910, got 15910
Expected 15926, got 15926
Expected 15942, got 15942
Expected 15958, got 15958
Expected 15974, got 15974
Expected 15990, got 15990
INFO: [SIM 1] CSim done with 0 errors.
